Using pre-set license
Built from '2020.3/staging' branch; Version is '2020.3.21f1 (a38c86f6690f) revision 10718342'; Using compiler version '192528614'; Build Type 'Release'
OS: 'Windows 10 Pro; OS build 19042.1288; Version 2009; 64bit' Language: 'en' Physical Memory: 16268 MB
BatchMode: 1, IsHumanControllingUs: 0, StartBugReporterOnCrash: 0, Is64bit: 1, IsPro: 0

COMMAND LINE ARGUMENTS:
C:\Program Files\Unity\Hub\Editor\2020.3.21f1\Editor\Unity.exe
-adb2
-batchMode
-noUpm
-name
AssetImportWorker0
-projectPath
D:/WayFinderUnity/TafeMapProject
-logFile
Logs/AssetImportWorker0.log
-srvPort
62116
Successfully changed project path to: D:/WayFinderUnity/TafeMapProject
D:/WayFinderUnity/TafeMapProject
Using Asset Import Pipeline V2.
Refreshing native plugins compatible for Editor in 97.36 ms, found 4 plugins.
Preloading 0 native plugins for Editor in 0.00 ms.
Initialize engine version: 2020.3.21f1 (a38c86f6690f)
[Subsystems] Discovering subsystems at path C:/Program Files/Unity/Hub/Editor/2020.3.21f1/Editor/Data/Resources/UnitySubsystems
[Subsystems] Discovering subsystems at path D:/WayFinderUnity/TafeMapProject/Assets
GfxDevice: creating device client; threaded=0
Direct3D:
    Version:  Direct3D 11.0 [level 11.0]
    Renderer: NVIDIA GeForce GTX 950M (ID=0x139a)
    Vendor:   
    VRAM:     2010 MB
    Driver:   27.21.14.6647
Initialize mono
Mono path[0] = 'C:/Program Files/Unity/Hub/Editor/2020.3.21f1/Editor/Data/Managed'
Mono path[1] = 'C:/Program Files/Unity/Hub/Editor/2020.3.21f1/Editor/Data/MonoBleedingEdge/lib/mono/unityjit'
Mono config path = 'C:/Program Files/Unity/Hub/Editor/2020.3.21f1/Editor/Data/MonoBleedingEdge/etc'
Using monoOptions --debugger-agent=transport=dt_socket,embedding=1,server=y,suspend=n,address=127.0.0.1:56396
Begin MonoManager ReloadAssembly
Registering precompiled unity dll's ...
Register platform support module: C:/Program Files/Unity/Hub/Editor/2020.3.21f1/Editor/Data/PlaybackEngines/WindowsStandaloneSupport/UnityEditor.WindowsStandalone.Extensions.dll
Registered in 0.004358 seconds.
Native extension for WindowsStandalone target not found
Refreshing native plugins compatible for Editor in 66.34 ms, found 4 plugins.
Preloading 0 native plugins for Editor in 0.00 ms.
Mono: successfully reloaded assembly
- Completed reload, in  4.245 seconds
Domain Reload Profiling:
	ReloadAssembly (4246ms)
		BeginReloadAssembly (115ms)
			ExecutionOrderSort (0ms)
			DisableScriptedObjects (0ms)
			BackupInstance (0ms)
			ReleaseScriptingObjects (0ms)
			CreateAndSetChildDomain (1ms)
		EndReloadAssembly (577ms)
			LoadAssemblies (108ms)
			RebuildTransferFunctionScriptingTraits (0ms)
			SetupTypeCache (196ms)
			ReleaseScriptCaches (0ms)
			RebuildScriptCaches (35ms)
			SetupLoadedEditorAssemblies (218ms)
				LogAssemblyErrors (0ms)
				InitializePlatformSupportModulesInManaged (5ms)
				SetLoadedEditorAssemblies (0ms)
				RefreshPlugins (66ms)
				BeforeProcessingInitializeOnLoad (19ms)
				ProcessInitializeOnLoadAttributes (94ms)
				ProcessInitializeOnLoadMethodAttributes (33ms)
				AfterProcessingInitializeOnLoad (0ms)
				EditorAssembliesLoaded (0ms)
			ExecutionOrderSort2 (0ms)
			AwakeInstancesAfterBackupRestoration (0ms)
Platform modules already initialized, skipping
Registering precompiled user dll's ...
Registered in 0.013463 seconds.
Begin MonoManager ReloadAssembly
Native extension for WindowsStandalone target not found
Refreshing native plugins compatible for Editor in 76.80 ms, found 4 plugins.
Preloading 0 native plugins for Editor in 0.00 ms.
Mono: successfully reloaded assembly
- Completed reload, in  1.641 seconds
Domain Reload Profiling:
	ReloadAssembly (1642ms)
		BeginReloadAssembly (257ms)
			ExecutionOrderSort (0ms)
			DisableScriptedObjects (7ms)
			BackupInstance (0ms)
			ReleaseScriptingObjects (0ms)
			CreateAndSetChildDomain (29ms)
		EndReloadAssembly (1294ms)
			LoadAssemblies (162ms)
			RebuildTransferFunctionScriptingTraits (0ms)
			SetupTypeCache (443ms)
			ReleaseScriptCaches (1ms)
			RebuildScriptCaches (75ms)
			SetupLoadedEditorAssemblies (487ms)
				LogAssemblyErrors (0ms)
				InitializePlatformSupportModulesInManaged (5ms)
				SetLoadedEditorAssemblies (0ms)
				RefreshPlugins (77ms)
				BeforeProcessingInitializeOnLoad (117ms)
				ProcessInitializeOnLoadAttributes (249ms)
				ProcessInitializeOnLoadMethodAttributes (24ms)
				AfterProcessingInitializeOnLoad (15ms)
				EditorAssembliesLoaded (0ms)
			ExecutionOrderSort2 (0ms)
			AwakeInstancesAfterBackupRestoration (8ms)
Platform modules already initialized, skipping
========================================================================
Worker process is ready to serve import requests
Launched and connected shader compiler UnityShaderCompiler.exe after 0.06 seconds
Refreshing native plugins compatible for Editor in 1.20 ms, found 4 plugins.
Preloading 0 native plugins for Editor in 0.00 ms.
Unloading 2792 Unused Serialized files (Serialized files now loaded: 0)
System memory in use before: 114.9 MB.
System memory in use after: 115.1 MB.

Unloading 82 unused Assets to reduce memory usage. Loaded Objects now: 3176.
Total: 4.178600 ms (FindLiveObjects: 0.271500 ms CreateObjectMapping: 0.134500 ms MarkObjects: 3.652300 ms  DeleteObjects: 0.119000 ms)

AssetImportParameters requested are different than current active one (requested -> active):
  custom:framework-win-MediaFoundation: 216162199b28c13a410421893ffa2e32 -> 
  custom:video-decoder-ogg-theora: a1e56fd34408186e4bbccfd4996cb3dc -> 
  custom:container-muxer-webm: aa71ff27fc2769a1b78a27578f13a17b -> 
  custom:container-demuxer-webm: 4f35f7cbe854078d1ac9338744f61a02 -> 
  custom:container-demuxer-ogg: 62fdf1f143b41e24485cea50d1cbac27 -> 
  custom:video-encoder-webm-vp8: eb34c28f22e8b96e1ab97ce403110664 -> 
  custom:video-decoder-webm-vp8: 9c59270c3fd7afecdb556c50c9e8de78 -> 
  custom:audio-decoder-ogg-vorbis: bf7c407c2cedff20999df2af8eb42d56 -> 
  custom:audio-encoder-webm-vorbis: bf7c407c2cedff20999df2af8eb42d56 -> 
========================================================================
Received Import Request.
  path: Assets/Mapbox/Examples/Resources/BuildingMaterial.mat
  artifactKey: Guid(5cc6a7dc3df7cc84693bdde07669ab5b) Importer(815301076,1909f56bfc062723c751e8b465ee728b)
Start importing Assets/Mapbox/Examples/Resources/BuildingMaterial.mat using Guid(5cc6a7dc3df7cc84693bdde07669ab5b) Importer(815301076,1909f56bfc062723c751e8b465ee728b)  -> (artifact id: 'b65b2ded5db708c1c97a3704c77e8c6b') in 0.165810 seconds 
  Import took 0.171244 seconds .

========================================================================
Received Import Request.
  Time since last request: 0.000350 seconds.
  path: Assets/Mapbox/Examples/Resources/Bush2Material.mat
  artifactKey: Guid(b4da84c5c49be450c8502c76826ffc3f) Importer(815301076,1909f56bfc062723c751e8b465ee728b)
Start importing Assets/Mapbox/Examples/Resources/Bush2Material.mat using Guid(b4da84c5c49be450c8502c76826ffc3f) Importer(815301076,1909f56bfc062723c751e8b465ee728b)  -> (artifact id: '20bfa624ee943bc661be44bca25a33c7') in 0.026344 seconds 
  Import took 0.031432 seconds .

========================================================================
Received Import Request.
  Time since last request: 0.000311 seconds.
  path: Assets/Mapbox/Examples/Resources/BushMaterial.mat
  artifactKey: Guid(86f71d3c44c394b9c851347cec33b98f) Importer(815301076,1909f56bfc062723c751e8b465ee728b)
Start importing Assets/Mapbox/Examples/Resources/BushMaterial.mat using Guid(86f71d3c44c394b9c851347cec33b98f) Importer(815301076,1909f56bfc062723c751e8b465ee728b)  -> (artifact id: '0071a35b975fec2bc872ff26d40cfaa7') in 0.010499 seconds 
  Import took 0.015636 seconds .

========================================================================
Received Import Request.
  Time since last request: 0.000267 seconds.
  path: Assets/Mapbox/Resources/HeroStructures/Meshes/StatueofLiberty.fbx
  artifactKey: Guid(76087a3bd0f174964bbe71a0a9c5386d) Importer(815301076,1909f56bfc062723c751e8b465ee728b)
Start importing Assets/Mapbox/Resources/HeroStructures/Meshes/StatueofLiberty.fbx using Guid(76087a3bd0f174964bbe71a0a9c5386d) Importer(815301076,1909f56bfc062723c751e8b465ee728b)  -> (artifact id: '90e7dada969c5fbd38e12d816fffe7ed') in 0.141761 seconds 
  Import took 0.146581 seconds .

========================================================================
Received Import Request.
  Time since last request: 0.000332 seconds.
  path: Assets/Mapbox/Examples/2_AstronautGame/AstronautGame/Building/BuildingTopMaterial.mat
  artifactKey: Guid(0f9e3de68a3085e469bd62c8b40e9487) Importer(815301076,1909f56bfc062723c751e8b465ee728b)
Start importing Assets/Mapbox/Examples/2_AstronautGame/AstronautGame/Building/BuildingTopMaterial.mat using Guid(0f9e3de68a3085e469bd62c8b40e9487) Importer(815301076,1909f56bfc062723c751e8b465ee728b)  -> (artifact id: '1495e02e06452688c0a6836807f57f3b') in 0.311076 seconds 
  Import took 0.316069 seconds .

========================================================================
Received Import Request.
  Time since last request: 0.000290 seconds.
  path: Assets/Mapbox/Resources/MapboxStyles/Styles/MapboxSampleStyles/Color/Assets/Materials/ColorSideMaterial.mat
  artifactKey: Guid(b45d1a21770e64c52a90af3260e1f91e) Importer(815301076,1909f56bfc062723c751e8b465ee728b)
Start importing Assets/Mapbox/Resources/MapboxStyles/Styles/MapboxSampleStyles/Color/Assets/Materials/ColorSideMaterial.mat using Guid(b45d1a21770e64c52a90af3260e1f91e) Importer(815301076,1909f56bfc062723c751e8b465ee728b)  -> (artifact id: 'bbe681b2388cdb1ad6d4aeaaa9bdff98') in 0.255418 seconds 
  Import took 0.260468 seconds .

========================================================================
Received Import Request.
  Time since last request: 0.000288 seconds.
  path: Assets/Mapbox/Examples/2_AstronautGame/AstronautGame/Building/BuildingSideMaterial.mat
  artifactKey: Guid(6ec7317f2ac57e2448326cdc68816797) Importer(815301076,1909f56bfc062723c751e8b465ee728b)
Start importing Assets/Mapbox/Examples/2_AstronautGame/AstronautGame/Building/BuildingSideMaterial.mat using Guid(6ec7317f2ac57e2448326cdc68816797) Importer(815301076,1909f56bfc062723c751e8b465ee728b)  -> (artifact id: '3d98a01262ddd95ddc450fcd25287364') in 0.028546 seconds 
  Import took 0.036578 seconds .

========================================================================
Received Import Request.
  Time since last request: 0.000321 seconds.
  path: Assets/Mapbox/Examples/4_ReplaceFeatures/Models/Building.fbx
  artifactKey: Guid(2141b6d18b38b426a9b2f49077af7bc1) Importer(815301076,1909f56bfc062723c751e8b465ee728b)
Start importing Assets/Mapbox/Examples/4_ReplaceFeatures/Models/Building.fbx using Guid(2141b6d18b38b426a9b2f49077af7bc1) Importer(815301076,1909f56bfc062723c751e8b465ee728b)  -> (artifact id: 'f1f8a456c34cd99652d85c66fc11096b') in 0.089274 seconds 
  Import took 0.095165 seconds .

========================================================================
Received Import Request.
  Time since last request: 64.288815 seconds.
  path: Assets/Mapbox/Resources/MapboxStyles/Styles/MapboxSampleStyles/Color/Assets/Materials/ColorTopMaterial.mat
  artifactKey: Guid(efa673a70e78040569fec7b08ba99cfa) Importer(815301076,1909f56bfc062723c751e8b465ee728b)
Start importing Assets/Mapbox/Resources/MapboxStyles/Styles/MapboxSampleStyles/Color/Assets/Materials/ColorTopMaterial.mat using Guid(efa673a70e78040569fec7b08ba99cfa) Importer(815301076,1909f56bfc062723c751e8b465ee728b)  -> (artifact id: 'f02c2d02950ae7313375e63d3fa18653') in 0.009663 seconds 
  Import took 0.015252 seconds .

========================================================================
Received Import Request.
  Time since last request: 0.000278 seconds.
  path: Assets/Mapbox/Resources/MapboxStyles/Styles/MapboxSampleStyles/Dark/Assets/Materials/DarkSideMaterial.mat
  artifactKey: Guid(5cb4277d0de1443ce84170893d05adca) Importer(815301076,1909f56bfc062723c751e8b465ee728b)
Start importing Assets/Mapbox/Resources/MapboxStyles/Styles/MapboxSampleStyles/Dark/Assets/Materials/DarkSideMaterial.mat using Guid(5cb4277d0de1443ce84170893d05adca) Importer(815301076,1909f56bfc062723c751e8b465ee728b)  -> (artifact id: '8be9f59007f43db8b385190b8c0e3b29') in 0.009781 seconds 
  Import took 0.014558 seconds .

========================================================================
Received Import Request.
  Time since last request: 2.307556 seconds.
  path: Assets/Mapbox/Resources/MapboxStyles/Styles/MapboxSampleStyles/Dark/Assets/Materials/DarkTopMaterial.mat
  artifactKey: Guid(1c7d76a44fa2d4908bf4ee096556a5db) Importer(815301076,1909f56bfc062723c751e8b465ee728b)
Start importing Assets/Mapbox/Resources/MapboxStyles/Styles/MapboxSampleStyles/Dark/Assets/Materials/DarkTopMaterial.mat using Guid(1c7d76a44fa2d4908bf4ee096556a5db) Importer(815301076,1909f56bfc062723c751e8b465ee728b)  -> (artifact id: 'a3420abae73c99fe1d7d336a82a3baf3') in 0.010634 seconds 
  Import took 0.016902 seconds .

========================================================================
Received Import Request.
  Time since last request: 0.000277 seconds.
  path: Assets/Mapbox/Resources/MapboxStyles/DefaultStyleAssets/Materials/DefaultPerRendererMaterial.mat
  artifactKey: Guid(babb58a68f0154cc28f9140a42b4f5c3) Importer(815301076,1909f56bfc062723c751e8b465ee728b)
Start importing Assets/Mapbox/Resources/MapboxStyles/DefaultStyleAssets/Materials/DefaultPerRendererMaterial.mat using Guid(babb58a68f0154cc28f9140a42b4f5c3) Importer(815301076,1909f56bfc062723c751e8b465ee728b)  -> (artifact id: '3b393b1ab176eccdc2cf5033de5f0e86') in 0.116917 seconds 
  Import took 0.121599 seconds .

========================================================================
Received Import Request.
  Time since last request: 0.000273 seconds.
  path: Assets/Mapbox/Resources/MapboxStyles/DefaultStyleAssets/Materials/DefaultSideMaterial.mat
  artifactKey: Guid(c0653693b48614a139a124871d499679) Importer(815301076,1909f56bfc062723c751e8b465ee728b)
Start importing Assets/Mapbox/Resources/MapboxStyles/DefaultStyleAssets/Materials/DefaultSideMaterial.mat using Guid(c0653693b48614a139a124871d499679) Importer(815301076,1909f56bfc062723c751e8b465ee728b)  -> (artifact id: '5e7d4db250db8373e82df52dc220e0b7') in 0.092553 seconds 
  Import took 0.097314 seconds .

========================================================================
Received Import Request.
  Time since last request: 0.000290 seconds.
  path: Assets/Mapbox/Resources/MapboxStyles/DefaultStyleAssets/Materials/DefaultTopMaterial.mat
  artifactKey: Guid(a1aa333e18c0640d7b428eecff9c4af7) Importer(815301076,1909f56bfc062723c751e8b465ee728b)
Start importing Assets/Mapbox/Resources/MapboxStyles/DefaultStyleAssets/Materials/DefaultTopMaterial.mat using Guid(a1aa333e18c0640d7b428eecff9c4af7) Importer(815301076,1909f56bfc062723c751e8b465ee728b)  -> (artifact id: 'a4122571c1a8f2cd8b70d27a109e45b8') in 0.066355 seconds 
  Import took 0.072107 seconds .

========================================================================
Received Import Request.
  Time since last request: 0.066433 seconds.
  path: Assets/Mapbox/Examples/5_Playground/Materials/DeviceOrientationMat.mat
  artifactKey: Guid(107ca5e7bb5e26f46b0ce09f5fc2e817) Importer(815301076,1909f56bfc062723c751e8b465ee728b)
Start importing Assets/Mapbox/Examples/5_Playground/Materials/DeviceOrientationMat.mat using Guid(107ca5e7bb5e26f46b0ce09f5fc2e817) Importer(815301076,1909f56bfc062723c751e8b465ee728b)  -> (artifact id: '572d1ee0a42ec7d05b4510aa35963c49') in 0.019148 seconds 
  Import took 0.028681 seconds .

========================================================================
Received Import Request.
  Time since last request: 0.000273 seconds.
  path: Assets/Mapbox/Examples/Resources/DirectionMaterial.mat
  artifactKey: Guid(49b5d148287c83443bd632e6d5b5bd6f) Importer(815301076,1909f56bfc062723c751e8b465ee728b)
Start importing Assets/Mapbox/Examples/Resources/DirectionMaterial.mat using Guid(49b5d148287c83443bd632e6d5b5bd6f) Importer(815301076,1909f56bfc062723c751e8b465ee728b)  -> (artifact id: 'ac5fcfa6dee042a6bfd1cadfbf2e0ea6') in 0.052434 seconds 
  Import took 0.057337 seconds .

========================================================================
Received Import Request.
  Time since last request: 1.498278 seconds.
  path: Assets/Mapbox/Examples/Resources/DirectionsMaterial.mat
  artifactKey: Guid(ef6c956ca085647fba4624a08c344419) Importer(815301076,1909f56bfc062723c751e8b465ee728b)
Start importing Assets/Mapbox/Examples/Resources/DirectionsMaterial.mat using Guid(ef6c956ca085647fba4624a08c344419) Importer(815301076,1909f56bfc062723c751e8b465ee728b)  -> (artifact id: 'd58b80de78b33503beb99addc041d51e') in 0.052393 seconds 
  Import took 0.058347 seconds .

========================================================================
Received Import Request.
  Time since last request: 0.000329 seconds.
  path: Assets/Mapbox/Examples/Resources/DriveBuildingMaterial.mat
  artifactKey: Guid(a84d22a5fa79bce4396212d84ad11831) Importer(815301076,1909f56bfc062723c751e8b465ee728b)
Start importing Assets/Mapbox/Examples/Resources/DriveBuildingMaterial.mat using Guid(a84d22a5fa79bce4396212d84ad11831) Importer(815301076,1909f56bfc062723c751e8b465ee728b)  -> (artifact id: 'afd9109ff04f287beceac1156381a231') in 0.010432 seconds 
  Import took 0.015732 seconds .

========================================================================
Received Import Request.
  Time since last request: 0.000378 seconds.
  path: Assets/Mapbox/Examples/1_DataExplorer/Modules/Aeroway/ExplorerAeroway.mat
  artifactKey: Guid(c0be5c38e1944584b89f81505e3c4446) Importer(815301076,1909f56bfc062723c751e8b465ee728b)
Start importing Assets/Mapbox/Examples/1_DataExplorer/Modules/Aeroway/ExplorerAeroway.mat using Guid(c0be5c38e1944584b89f81505e3c4446) Importer(815301076,1909f56bfc062723c751e8b465ee728b)  -> (artifact id: '486c7dd4881b1477eac09c21bc384f07') in 0.018856 seconds 
  Import took 0.024394 seconds .

========================================================================
Received Import Request.
  Time since last request: 0.000296 seconds.
  path: Assets/Mapbox/Examples/1_DataExplorer/Modules/AdminLayer/ExplorerBlack.mat
  artifactKey: Guid(dd63290cb53906349af7ea675627a697) Importer(815301076,1909f56bfc062723c751e8b465ee728b)
Start importing Assets/Mapbox/Examples/1_DataExplorer/Modules/AdminLayer/ExplorerBlack.mat using Guid(dd63290cb53906349af7ea675627a697) Importer(815301076,1909f56bfc062723c751e8b465ee728b)  -> (artifact id: 'bf749c3de24271a08e6fab58792736a9') in 0.016505 seconds 
  Import took 0.021670 seconds .

========================================================================
Received Import Request.
  Time since last request: 4.132154 seconds.
  path: Assets/Mapbox/Examples/1_DataExplorer/Modules/WaterLayer/ExplorerBlue.mat
  artifactKey: Guid(55643c4fd976d7e429bda0a90c976b14) Importer(815301076,1909f56bfc062723c751e8b465ee728b)
Start importing Assets/Mapbox/Examples/1_DataExplorer/Modules/WaterLayer/ExplorerBlue.mat using Guid(55643c4fd976d7e429bda0a90c976b14) Importer(815301076,1909f56bfc062723c751e8b465ee728b)  -> (artifact id: '39c3fd4019b55885cece94b8e81cd914') in 0.021159 seconds 
  Import took 0.026600 seconds .

========================================================================
Received Import Request.
  Time since last request: 0.000298 seconds.
  path: Assets/Mapbox/Examples/1_DataExplorer/Modules/HillshadeLayer/ExplorerBrown.mat
  artifactKey: Guid(204bcfc5761ef1b46b9301bc80304e2b) Importer(815301076,1909f56bfc062723c751e8b465ee728b)
Start importing Assets/Mapbox/Examples/1_DataExplorer/Modules/HillshadeLayer/ExplorerBrown.mat using Guid(204bcfc5761ef1b46b9301bc80304e2b) Importer(815301076,1909f56bfc062723c751e8b465ee728b)  -> (artifact id: '4ec5750827aa3a8423724d5c64b1b9a6') in 0.016268 seconds 
  Import took 0.021434 seconds .

========================================================================
Received Import Request.
  Time since last request: 0.040988 seconds.
  path: Assets/Mapbox/Examples/1_DataExplorer/Modules/Contour/ExplorerContour.mat
  artifactKey: Guid(5e9f3304a79c81c4e8a073c7fd3a728f) Importer(815301076,1909f56bfc062723c751e8b465ee728b)
Start importing Assets/Mapbox/Examples/1_DataExplorer/Modules/Contour/ExplorerContour.mat using Guid(5e9f3304a79c81c4e8a073c7fd3a728f) Importer(815301076,1909f56bfc062723c751e8b465ee728b)  -> (artifact id: '1c3709e626f0517ef01df7ca80cef44e') in 0.009522 seconds 
  Import took 0.014969 seconds .

========================================================================
Received Import Request.
  Time since last request: 0.000273 seconds.
  path: Assets/Mapbox/Examples/1_DataExplorer/Modules/WaterwayLayer/ExplorerDarkBlue.mat
  artifactKey: Guid(ab4ee1288a054a84b85ba5cf5a0abf34) Importer(815301076,1909f56bfc062723c751e8b465ee728b)
Start importing Assets/Mapbox/Examples/1_DataExplorer/Modules/WaterwayLayer/ExplorerDarkBlue.mat using Guid(ab4ee1288a054a84b85ba5cf5a0abf34) Importer(815301076,1909f56bfc062723c751e8b465ee728b)  -> (artifact id: 'c1f9c19f834e63feb6d6a1357125015e') in 0.009854 seconds 
  Import took 0.015314 seconds .

========================================================================
Received Import Request.
  Time since last request: 0.000576 seconds.
  path: Assets/Mapbox/Examples/1_DataExplorer/Modules/LandcoverLayer/ExplorerDarkGreen.mat
  artifactKey: Guid(ff2f824fb9ab7b54b90a44e4394d18ea) Importer(815301076,1909f56bfc062723c751e8b465ee728b)
Start importing Assets/Mapbox/Examples/1_DataExplorer/Modules/LandcoverLayer/ExplorerDarkGreen.mat using Guid(ff2f824fb9ab7b54b90a44e4394d18ea) Importer(815301076,1909f56bfc062723c751e8b465ee728b)  -> (artifact id: '58d43e2e5fb709271f645ffe30bffecb') in 0.015002 seconds 
  Import took 0.021136 seconds .

========================================================================
Received Import Request.
  Time since last request: 0.000277 seconds.
  path: Assets/Mapbox/Examples/1_DataExplorer/Modules/RoadLayer/ExplorerGray.mat
  artifactKey: Guid(a4c397925829de8438fa9bb51535fd17) Importer(815301076,1909f56bfc062723c751e8b465ee728b)
Start importing Assets/Mapbox/Examples/1_DataExplorer/Modules/RoadLayer/ExplorerGray.mat using Guid(a4c397925829de8438fa9bb51535fd17) Importer(815301076,1909f56bfc062723c751e8b465ee728b)  -> (artifact id: 'a44b5563ef9404674e18817930fbe543') in 0.026451 seconds 
  Import took 0.031677 seconds .

========================================================================
Received Import Request.
  Time since last request: 4.184081 seconds.
  path: Assets/Mapbox/Examples/1_DataExplorer/Modules/LanduseLayer/ExplorerGreen.mat
  artifactKey: Guid(7c0707aad770f0f4ca09b79e3961539b) Importer(815301076,1909f56bfc062723c751e8b465ee728b)
Start importing Assets/Mapbox/Examples/1_DataExplorer/Modules/LanduseLayer/ExplorerGreen.mat using Guid(7c0707aad770f0f4ca09b79e3961539b) Importer(815301076,1909f56bfc062723c751e8b465ee728b)  -> (artifact id: '4a5600b65650220af30d9fe6a5a35066') in 0.020132 seconds 
  Import took 0.025899 seconds .

========================================================================
Received Import Request.
  Time since last request: 0.000349 seconds.
  path: Assets/Mapbox/Examples/1_DataExplorer/Modules/TerrainFactory/ExplorerTerrainMaterial.mat
  artifactKey: Guid(29f6564f3583830448798d631c5d227c) Importer(815301076,1909f56bfc062723c751e8b465ee728b)
Start importing Assets/Mapbox/Examples/1_DataExplorer/Modules/TerrainFactory/ExplorerTerrainMaterial.mat using Guid(29f6564f3583830448798d631c5d227c) Importer(815301076,1909f56bfc062723c751e8b465ee728b)  -> (artifact id: '0eb893c217646b2ef8329bc08d032ebf') in 0.018354 seconds 
  Import took 0.023361 seconds .

========================================================================
Received Import Request.
  Time since last request: 0.000310 seconds.
  path: Assets/Mapbox/Resources/MapboxStyles/Styles/MapboxSampleStyles/Fantasy/Assets/Materials/FantasySideMaterial.mat
  artifactKey: Guid(7420a65a71a3f48a083a5e43216a8a6e) Importer(815301076,1909f56bfc062723c751e8b465ee728b)
Start importing Assets/Mapbox/Resources/MapboxStyles/Styles/MapboxSampleStyles/Fantasy/Assets/Materials/FantasySideMaterial.mat using Guid(7420a65a71a3f48a083a5e43216a8a6e) Importer(815301076,1909f56bfc062723c751e8b465ee728b)  -> (artifact id: 'deaa2413435abb795b156c058fdf6504') in 0.297174 seconds 
  Import took 0.302834 seconds .

========================================================================
Received Import Request.
  Time since last request: 0.000303 seconds.
  path: Assets/Mapbox/Examples/1_DataExplorer/Modules/BuildingLayer/ExplorerWhite.mat
  artifactKey: Guid(508236771313ff54788fa797ece5c0e8) Importer(815301076,1909f56bfc062723c751e8b465ee728b)
Start importing Assets/Mapbox/Examples/1_DataExplorer/Modules/BuildingLayer/ExplorerWhite.mat using Guid(508236771313ff54788fa797ece5c0e8) Importer(815301076,1909f56bfc062723c751e8b465ee728b)  -> (artifact id: 'f3446e95a87aad33ce9ee14acbe02659') in 0.052305 seconds 
  Import took 0.057539 seconds .

========================================================================
Received Import Request.
  Time since last request: 25.973128 seconds.
  path: ProjectSettings/TagManager.asset
  artifactKey: Guid(00000000000000003000000000000000) Importer(815301076,1909f56bfc062723c751e8b465ee728b)
Start importing ProjectSettings/TagManager.asset using Guid(00000000000000003000000000000000) Importer(815301076,1909f56bfc062723c751e8b465ee728b)  -> (artifact id: 'ce6a35c3cddc746e7501c0bd0ed6d4ce') in 0.007333 seconds 
  Import took 0.013160 seconds .

========================================================================
Received Prepare
Refreshing native plugins compatible for Editor in 25.40 ms, found 4 plugins.
Preloading 0 native plugins for Editor in 0.00 ms.
Unloading 69 Unused Serialized files (Serialized files now loaded: 0)
System memory in use before: 64.2 MB.
System memory in use after: 64.5 MB.

Unloading 70 unused Assets to reduce memory usage. Loaded Objects now: 3220.
Total: 5.251800 ms (FindLiveObjects: 0.356800 ms CreateObjectMapping: 0.135500 ms MarkObjects: 4.709800 ms  DeleteObjects: 0.048100 ms)

AssetImportParameters requested are different than current active one (requested -> active):
  custom:framework-win-MediaFoundation: 216162199b28c13a410421893ffa2e32 -> 
  custom:video-decoder-ogg-theora: a1e56fd34408186e4bbccfd4996cb3dc -> 
  custom:container-muxer-webm: aa71ff27fc2769a1b78a27578f13a17b -> 
  custom:container-demuxer-webm: 4f35f7cbe854078d1ac9338744f61a02 -> 
  custom:container-demuxer-ogg: 62fdf1f143b41e24485cea50d1cbac27 -> 
  custom:video-encoder-webm-vp8: eb34c28f22e8b96e1ab97ce403110664 -> 
  custom:video-decoder-webm-vp8: 9c59270c3fd7afecdb556c50c9e8de78 -> 
  custom:audio-decoder-ogg-vorbis: bf7c407c2cedff20999df2af8eb42d56 -> 
  custom:audio-encoder-webm-vorbis: bf7c407c2cedff20999df2af8eb42d56 -> 
========================================================================
Received Prepare
Registering precompiled user dll's ...
Registered in 0.224838 seconds.
Begin MonoManager ReloadAssembly
Native extension for WindowsStandalone target not found
Refreshing native plugins compatible for Editor in 1.53 ms, found 4 plugins.
Preloading 0 native plugins for Editor in 0.00 ms.
Mono: successfully reloaded assembly
- Completed reload, in  1.494 seconds
Domain Reload Profiling:
	ReloadAssembly (1495ms)
		BeginReloadAssembly (179ms)
			ExecutionOrderSort (0ms)
			DisableScriptedObjects (8ms)
			BackupInstance (0ms)
			ReleaseScriptingObjects (0ms)
			CreateAndSetChildDomain (55ms)
		EndReloadAssembly (1223ms)
			LoadAssemblies (165ms)
			RebuildTransferFunctionScriptingTraits (0ms)
			SetupTypeCache (439ms)
			ReleaseScriptCaches (1ms)
			RebuildScriptCaches (55ms)
			SetupLoadedEditorAssemblies (427ms)
				LogAssemblyErrors (0ms)
				InitializePlatformSupportModulesInManaged (7ms)
				SetLoadedEditorAssemblies (1ms)
				RefreshPlugins (2ms)
				BeforeProcessingInitializeOnLoad (124ms)
				ProcessInitializeOnLoadAttributes (260ms)
				ProcessInitializeOnLoadMethodAttributes (18ms)
				AfterProcessingInitializeOnLoad (15ms)
				EditorAssembliesLoaded (0ms)
			ExecutionOrderSort2 (0ms)
			AwakeInstancesAfterBackupRestoration (11ms)
Platform modules already initialized, skipping
Switching build target platform(19) subTarget(0) extendedPlatform(0) -> platform(13) subTarget(537395200) extendedPlatform(0)
Refreshing native plugins compatible for Editor in 1.25 ms, found 4 plugins.
Preloading 0 native plugins for Editor in 0.00 ms.
Unloading 2779 Unused Serialized files (Serialized files now loaded: 0)
System memory in use before: 117.0 MB.
System memory in use after: 117.3 MB.

Unloading 71 unused Assets to reduce memory usage. Loaded Objects now: 3222.
Total: 6.169100 ms (FindLiveObjects: 0.342600 ms CreateObjectMapping: 0.147200 ms MarkObjects: 5.631000 ms  DeleteObjects: 0.046800 ms)

AssetImportParameters requested are different than current active one (requested -> active):
  custom:framework-win-MediaFoundation: 216162199b28c13a410421893ffa2e32 -> 
  custom:video-decoder-ogg-theora: a1e56fd34408186e4bbccfd4996cb3dc -> 
  custom:container-muxer-webm: aa71ff27fc2769a1b78a27578f13a17b -> 
  custom:container-demuxer-webm: 4f35f7cbe854078d1ac9338744f61a02 -> 
  custom:container-demuxer-ogg: 62fdf1f143b41e24485cea50d1cbac27 -> 
  custom:video-encoder-webm-vp8: eb34c28f22e8b96e1ab97ce403110664 -> 
  custom:video-decoder-webm-vp8: 9c59270c3fd7afecdb556c50c9e8de78 -> 
  custom:graphics/normal-map-encoding: 01000000000000000000000000000000 -> 02000000000000000000000000000000
  custom:audio-decoder-ogg-vorbis: bf7c407c2cedff20999df2af8eb42d56 -> 
  custom:audio-encoder-webm-vorbis: bf7c407c2cedff20999df2af8eb42d56 -> 
========================================================================
Received Prepare
Registering precompiled user dll's ...
Registered in 0.015096 seconds.
Begin MonoManager ReloadAssembly
Native extension for WindowsStandalone target not found
Refreshing native plugins compatible for Editor in 1.19 ms, found 4 plugins.
Preloading 0 native plugins for Editor in 0.00 ms.
Mono: successfully reloaded assembly
- Completed reload, in  1.589 seconds
Domain Reload Profiling:
	ReloadAssembly (1589ms)
		BeginReloadAssembly (188ms)
			ExecutionOrderSort (0ms)
			DisableScriptedObjects (9ms)
			BackupInstance (0ms)
			ReleaseScriptingObjects (0ms)
			CreateAndSetChildDomain (50ms)
		EndReloadAssembly (1309ms)
			LoadAssemblies (171ms)
			RebuildTransferFunctionScriptingTraits (0ms)
			SetupTypeCache (457ms)
			ReleaseScriptCaches (1ms)
			RebuildScriptCaches (60ms)
			SetupLoadedEditorAssemblies (430ms)
				LogAssemblyErrors (0ms)
				InitializePlatformSupportModulesInManaged (6ms)
				SetLoadedEditorAssemblies (1ms)
				RefreshPlugins (1ms)
				BeforeProcessingInitializeOnLoad (116ms)
				ProcessInitializeOnLoadAttributes (270ms)
				ProcessInitializeOnLoadMethodAttributes (21ms)
				AfterProcessingInitializeOnLoad (16ms)
				EditorAssembliesLoaded (0ms)
			ExecutionOrderSort2 (0ms)
			AwakeInstancesAfterBackupRestoration (11ms)
Platform modules already initialized, skipping
Switching build target platform(19) subTarget(0) extendedPlatform(0) -> platform(13) subTarget(537395200) extendedPlatform(0)
Refreshing native plugins compatible for Editor in 1.19 ms, found 4 plugins.
Preloading 0 native plugins for Editor in 0.00 ms.
Unloading 2779 Unused Serialized files (Serialized files now loaded: 0)
System memory in use before: 117.1 MB.
System memory in use after: 117.3 MB.

Unloading 71 unused Assets to reduce memory usage. Loaded Objects now: 3224.
Total: 8.014500 ms (FindLiveObjects: 0.575500 ms CreateObjectMapping: 0.354100 ms MarkObjects: 7.038300 ms  DeleteObjects: 0.045100 ms)

AssetImportParameters requested are different than current active one (requested -> active):
  custom:framework-win-MediaFoundation: 216162199b28c13a410421893ffa2e32 -> 
  custom:video-decoder-ogg-theora: a1e56fd34408186e4bbccfd4996cb3dc -> 
  custom:container-muxer-webm: aa71ff27fc2769a1b78a27578f13a17b -> 
  custom:container-demuxer-webm: 4f35f7cbe854078d1ac9338744f61a02 -> 
  custom:container-demuxer-ogg: 62fdf1f143b41e24485cea50d1cbac27 -> 
  custom:video-encoder-webm-vp8: eb34c28f22e8b96e1ab97ce403110664 -> 
  custom:video-decoder-webm-vp8: 9c59270c3fd7afecdb556c50c9e8de78 -> 
  custom:graphics/normal-map-encoding: 01000000000000000000000000000000 -> 02000000000000000000000000000000
  custom:audio-decoder-ogg-vorbis: bf7c407c2cedff20999df2af8eb42d56 -> 
  custom:audio-encoder-webm-vorbis: bf7c407c2cedff20999df2af8eb42d56 -> 
========================================================================
Received Import Request.
  Time since last request: 2413.483085 seconds.
  path: Assets/Mapbox/Examples/1_DataExplorer/HighlightBuildings.cs
  artifactKey: Guid(f64621ccb8a60114c83bbd39e5fdc145) Importer(815301076,1909f56bfc062723c751e8b465ee728b)
Start importing Assets/Mapbox/Examples/1_DataExplorer/HighlightBuildings.cs using Guid(f64621ccb8a60114c83bbd39e5fdc145) Importer(815301076,1909f56bfc062723c751e8b465ee728b)  -> (artifact id: 'bd8b1c74f1625785960814481528888c') in 0.327328 seconds 
  Import took 0.363484 seconds .

========================================================================
Received Import Request.
  Time since last request: 60.697821 seconds.
  path: Assets/Mapbox/Textures/CornerPanelRadius_12px_Fill.png
  artifactKey: Guid(ae30072a59a25814e8cfe4b1f70242ed) Importer(815301076,1909f56bfc062723c751e8b465ee728b)
Start importing Assets/Mapbox/Textures/CornerPanelRadius_12px_Fill.png using Guid(ae30072a59a25814e8cfe4b1f70242ed) Importer(815301076,1909f56bfc062723c751e8b465ee728b)  -> (artifact id: 'da0614bee68372d6f628aaa1cb4dacc9') in 0.496546 seconds 
  Import took 0.519124 seconds .

========================================================================
Received Import Request.
  Time since last request: 0.000399 seconds.
  path: Assets/Mapbox/Textures/loadinggrid.png
  artifactKey: Guid(e2896a92727704803a9c422b043eae89) Importer(815301076,1909f56bfc062723c751e8b465ee728b)
Start importing Assets/Mapbox/Textures/loadinggrid.png using Guid(e2896a92727704803a9c422b043eae89) Importer(815301076,1909f56bfc062723c751e8b465ee728b)  -> (artifact id: '7f17fe814865664a516cba958ad592a6') in 0.047657 seconds 
  Import took 0.070835 seconds .

========================================================================
Received Import Request.
  Time since last request: 0.000400 seconds.
  path: Assets/Mapbox/Textures/mapbox-attribution.png
  artifactKey: Guid(066eb96836b694d168eff135bd2aeaca) Importer(815301076,1909f56bfc062723c751e8b465ee728b)
Start importing Assets/Mapbox/Textures/mapbox-attribution.png using Guid(066eb96836b694d168eff135bd2aeaca) Importer(815301076,1909f56bfc062723c751e8b465ee728b)  -> (artifact id: 'bf3a9174fba77cd6f30fa9b0e93de147') in 0.046763 seconds 
  Import took 0.059802 seconds .

========================================================================
Received Import Request.
  Time since last request: 0.000362 seconds.
  path: Assets/Mapbox/Textures/CornerPanelRadius_12px_Stroke_1px.png
  artifactKey: Guid(184ca10c8fb4d4c4b988276fd798c9dc) Importer(815301076,1909f56bfc062723c751e8b465ee728b)
Start importing Assets/Mapbox/Textures/CornerPanelRadius_12px_Stroke_1px.png using Guid(184ca10c8fb4d4c4b988276fd798c9dc) Importer(815301076,1909f56bfc062723c751e8b465ee728b)  -> (artifact id: '21ab7add1082e9ae6deb7bd830d45513') in 0.033624 seconds 
  Import took 0.049168 seconds .

========================================================================
Received Import Request.
  Time since last request: 0.000349 seconds.
  path: Assets/Mapbox/Textures/info.png
  artifactKey: Guid(82852ff66538d44ccb63c5afc39708a5) Importer(815301076,1909f56bfc062723c751e8b465ee728b)
Start importing Assets/Mapbox/Textures/info.png using Guid(82852ff66538d44ccb63c5afc39708a5) Importer(815301076,1909f56bfc062723c751e8b465ee728b)  -> (artifact id: 'f0eff24ce475851f9961293d3bd45267') in 0.037583 seconds 
  Import took 0.060862 seconds .

========================================================================
Received Import Request.
  Time since last request: 0.000324 seconds.
  path: Assets/Mapbox/Textures/mapbox-logo-white.png
  artifactKey: Guid(fa730453dea644416a34148b2e436e78) Importer(815301076,1909f56bfc062723c751e8b465ee728b)
Start importing Assets/Mapbox/Textures/mapbox-logo-white.png using Guid(fa730453dea644416a34148b2e436e78) Importer(815301076,1909f56bfc062723c751e8b465ee728b)  -> (artifact id: 'f25c1a4df1e65622f4d9e4985b1457b5') in 0.028688 seconds 
  Import took 0.034428 seconds .

========================================================================
Received Import Request.
  Time since last request: 5.315316 seconds.
  path: Assets/Mapbox/Examples/Resources/Frame.png
  artifactKey: Guid(08b4886c5f0c3ff44b22f58629865352) Importer(815301076,1909f56bfc062723c751e8b465ee728b)
Start importing Assets/Mapbox/Examples/Resources/Frame.png using Guid(08b4886c5f0c3ff44b22f58629865352) Importer(815301076,1909f56bfc062723c751e8b465ee728b)  -> (artifact id: '90027ea8ac55a717880baaa3d6db017c') in 0.121823 seconds 
  Import took 0.155653 seconds .

========================================================================
Received Import Request.
  Time since last request: 0.000368 seconds.
  path: Assets/Mapbox/Examples/Resources/ModerateTrafficMat.mat
  artifactKey: Guid(8f3e37f3a85060c47b951b5c10c03e39) Importer(815301076,1909f56bfc062723c751e8b465ee728b)
Start importing Assets/Mapbox/Examples/Resources/ModerateTrafficMat.mat using Guid(8f3e37f3a85060c47b951b5c10c03e39) Importer(815301076,1909f56bfc062723c751e8b465ee728b)  -> (artifact id: '927cf161ee28250da73f65ee262a1b7b') in 0.335978 seconds 
  Import took 0.360792 seconds .

========================================================================
Received Import Request.
  Time since last request: 0.000371 seconds.
  path: Assets/Mapbox/Examples/Resources/roadTest.png
  artifactKey: Guid(a3edef48e8d373841a5c1c5abea5c9af) Importer(815301076,1909f56bfc062723c751e8b465ee728b)
Start importing Assets/Mapbox/Examples/Resources/roadTest.png using Guid(a3edef48e8d373841a5c1c5abea5c9af) Importer(815301076,1909f56bfc062723c751e8b465ee728b)  -> (artifact id: 'b935ab2a8754fc60d837d46c53284bdc') in 0.017443 seconds 
  Import took 0.038499 seconds .

========================================================================
Received Import Request.
  Time since last request: 0.000327 seconds.
  path: Assets/Mapbox/Examples/Resources/SevereTrafficMat.mat
  artifactKey: Guid(d1519d458afd548428922c53a57c9d39) Importer(815301076,1909f56bfc062723c751e8b465ee728b)
Start importing Assets/Mapbox/Examples/Resources/SevereTrafficMat.mat using Guid(d1519d458afd548428922c53a57c9d39) Importer(815301076,1909f56bfc062723c751e8b465ee728b)  -> (artifact id: '4f1d53634d4612b00b17733b4d279dcb') in 0.013452 seconds 
  Import took 0.040946 seconds .

========================================================================
Received Import Request.
  Time since last request: 0.000300 seconds.
  path: Assets/Mapbox/Examples/Resources/PoiMaterial 1.mat
  artifactKey: Guid(02fab519306a24e0eb197e9c18b08d83) Importer(815301076,1909f56bfc062723c751e8b465ee728b)
Start importing Assets/Mapbox/Examples/Resources/PoiMaterial 1.mat using Guid(02fab519306a24e0eb197e9c18b08d83) Importer(815301076,1909f56bfc062723c751e8b465ee728b)  -> (artifact id: 'c7aa4bc61c7f5ea696ca490a0c570880') in 0.021360 seconds 
  Import took 0.039870 seconds .

========================================================================
Received Import Request.
  Time since last request: 0.000290 seconds.
  path: Assets/Mapbox/Examples/Resources/MapboxBlue.mat
  artifactKey: Guid(1f9f9c322fb5f4efeb40ada4f2f0c854) Importer(815301076,1909f56bfc062723c751e8b465ee728b)
Start importing Assets/Mapbox/Examples/Resources/MapboxBlue.mat using Guid(1f9f9c322fb5f4efeb40ada4f2f0c854) Importer(815301076,1909f56bfc062723c751e8b465ee728b)  -> (artifact id: '8371f824e2cb0ecf965b994c2244dcee') in 0.011731 seconds 
  Import took 0.045458 seconds .

========================================================================
Received Import Request.
  Time since last request: 0.000310 seconds.
  path: Assets/Mapbox/Examples/Resources/SeamlessRoadTexture.jpg
  artifactKey: Guid(80a9f5451284e4a468bf97d34a9e8dd9) Importer(815301076,1909f56bfc062723c751e8b465ee728b)
Start importing Assets/Mapbox/Examples/Resources/SeamlessRoadTexture.jpg using Guid(80a9f5451284e4a468bf97d34a9e8dd9) Importer(815301076,1909f56bfc062723c751e8b465ee728b)  -> (artifact id: '53283128afa564fe9ab0c4f6252f0cc2') in 0.079538 seconds 
  Import took 0.104119 seconds .

========================================================================
Received Import Request.
  Time since last request: 0.000324 seconds.
  path: Assets/Mapbox/Examples/Resources/LowPolyTerrainMaterial.mat
  artifactKey: Guid(03fcf11879198499f9e71b4e087af3c0) Importer(815301076,1909f56bfc062723c751e8b465ee728b)
Start importing Assets/Mapbox/Examples/Resources/LowPolyTerrainMaterial.mat using Guid(03fcf11879198499f9e71b4e087af3c0) Importer(815301076,1909f56bfc062723c751e8b465ee728b)  -> (artifact id: 'f367068de5c8aa24b3ac230592855138') in 0.029066 seconds 
  Import took 0.063070 seconds .

========================================================================
Received Import Request.
  Time since last request: 0.000387 seconds.
  path: Assets/Mapbox/Examples/Resources/RoadMaterial.mat
  artifactKey: Guid(8e8afdee0a225a84282f04f2fb89b8b6) Importer(815301076,1909f56bfc062723c751e8b465ee728b)
Start importing Assets/Mapbox/Examples/Resources/RoadMaterial.mat using Guid(8e8afdee0a225a84282f04f2fb89b8b6) Importer(815301076,1909f56bfc062723c751e8b465ee728b)  -> (artifact id: '823f41b1413ec4f97168612dbbe228a0') in 0.072332 seconds 
  Import took 0.078860 seconds .

========================================================================
Received Import Request.
  Time since last request: 0.000292 seconds.
  path: Assets/Mapbox/Examples/Resources/Water.mat
  artifactKey: Guid(4052583f8c58c0e4c852742d5b8f0649) Importer(815301076,1909f56bfc062723c751e8b465ee728b)
Start importing Assets/Mapbox/Examples/Resources/Water.mat using Guid(4052583f8c58c0e4c852742d5b8f0649) Importer(815301076,1909f56bfc062723c751e8b465ee728b)  -> (artifact id: 'a2648f01d2b91986871d247ca6a964f7') in 0.010122 seconds 
  Import took 0.023699 seconds .

========================================================================
Received Import Request.
  Time since last request: 0.000571 seconds.
  path: Assets/Mapbox/Examples/Resources/GreenMaterial.mat
  artifactKey: Guid(8403131cbac7ff94b9052e03e29b30c9) Importer(815301076,1909f56bfc062723c751e8b465ee728b)
Start importing Assets/Mapbox/Examples/Resources/GreenMaterial.mat using Guid(8403131cbac7ff94b9052e03e29b30c9) Importer(815301076,1909f56bfc062723c751e8b465ee728b)  -> (artifact id: '774c2226a0b03e55ed6366a6198f707a') in 0.078332 seconds 
  Import took 0.095176 seconds .

========================================================================
Received Import Request.
  Time since last request: 0.000454 seconds.
  path: Assets/Mapbox/Examples/Resources/TerrainMaterial.mat
  artifactKey: Guid(b9f23e9bce724fa4daac57ecded470b8) Importer(815301076,1909f56bfc062723c751e8b465ee728b)
Start importing Assets/Mapbox/Examples/Resources/TerrainMaterial.mat using Guid(b9f23e9bce724fa4daac57ecded470b8) Importer(815301076,1909f56bfc062723c751e8b465ee728b)  -> (artifact id: 'aaf14816c35c8254230522b0411fdd9a') in 0.043092 seconds 
  Import took 0.064646 seconds .

========================================================================
Received Import Request.
  Time since last request: 0.000314 seconds.
  path: Assets/Mapbox/Examples/Resources/RoadSideMaterial.mat
  artifactKey: Guid(b00db1eb69ea64eb4adb30b2c0fb01cb) Importer(815301076,1909f56bfc062723c751e8b465ee728b)
Start importing Assets/Mapbox/Examples/Resources/RoadSideMaterial.mat using Guid(b00db1eb69ea64eb4adb30b2c0fb01cb) Importer(815301076,1909f56bfc062723c751e8b465ee728b)  -> (artifact id: 'e8201e0c074c4177c4cdd7c49d9d9f58') in 0.010624 seconds 
  Import took 0.015967 seconds .

========================================================================
Received Import Request.
  Time since last request: 0.000293 seconds.
  path: Assets/Mapbox/Examples/Resources/TransparentBlueMaterial.mat
  artifactKey: Guid(80bd19d68c4ef4a659db43cfb6b09b91) Importer(815301076,1909f56bfc062723c751e8b465ee728b)
Start importing Assets/Mapbox/Examples/Resources/TransparentBlueMaterial.mat using Guid(80bd19d68c4ef4a659db43cfb6b09b91) Importer(815301076,1909f56bfc062723c751e8b465ee728b)  -> (artifact id: 'f6deb5e3f22a380279ce1d8b3aa11d7c') in 0.076042 seconds 
  Import took 0.091555 seconds .

========================================================================
Received Import Request.
  Time since last request: 0.000291 seconds.
  path: Assets/Mapbox/Examples/Resources/TerraceTop.mat
  artifactKey: Guid(1843a50abea6fa448a61d143054f2166) Importer(815301076,1909f56bfc062723c751e8b465ee728b)
Start importing Assets/Mapbox/Examples/Resources/TerraceTop.mat using Guid(1843a50abea6fa448a61d143054f2166) Importer(815301076,1909f56bfc062723c751e8b465ee728b)  -> (artifact id: 'd0785de65f02f0ab6f4d4682e62727d4') in 0.010786 seconds 
  Import took 0.015917 seconds .

========================================================================
Received Import Request.
  Time since last request: 0.000291 seconds.
  path: Assets/Mapbox/Examples/Resources/TransparentGreyMaterial.mat
  artifactKey: Guid(497423d004c7f44f690e8f82bed81904) Importer(815301076,1909f56bfc062723c751e8b465ee728b)
Start importing Assets/Mapbox/Examples/Resources/TransparentGreyMaterial.mat using Guid(497423d004c7f44f690e8f82bed81904) Importer(815301076,1909f56bfc062723c751e8b465ee728b)  -> (artifact id: 'ecba7f940a176f0b56f13604cba6174d') in 0.009912 seconds 
  Import took 0.015977 seconds .

========================================================================
Received Import Request.
  Time since last request: 0.000304 seconds.
  path: Assets/Mapbox/Examples/Resources/OrangeMaterial.mat
  artifactKey: Guid(caa6c6f6f7879034992a27a6bc3794fd) Importer(815301076,1909f56bfc062723c751e8b465ee728b)
Start importing Assets/Mapbox/Examples/Resources/OrangeMaterial.mat using Guid(caa6c6f6f7879034992a27a6bc3794fd) Importer(815301076,1909f56bfc062723c751e8b465ee728b)  -> (artifact id: '964bc259989bd79a3bd1191e19fabb96') in 0.009951 seconds 
  Import took 0.020206 seconds .

========================================================================
Received Import Request.
  Time since last request: 0.000323 seconds.
  path: Assets/Mapbox/Examples/Resources/HeavyTrafficMat.mat
  artifactKey: Guid(6f2f4f0fee2e2fb4db372496551d3072) Importer(815301076,1909f56bfc062723c751e8b465ee728b)
Start importing Assets/Mapbox/Examples/Resources/HeavyTrafficMat.mat using Guid(6f2f4f0fee2e2fb4db372496551d3072) Importer(815301076,1909f56bfc062723c751e8b465ee728b)  -> (artifact id: '87c1e76c7e3ff9bd0b27bb943e57849e') in 0.012573 seconds 
  Import took 0.018764 seconds .

========================================================================
Received Import Request.
  Time since last request: 0.000321 seconds.
  path: Assets/Mapbox/Examples/Resources/PoiMaterial.mat
  artifactKey: Guid(183e8f4927695944e9e03968d2630a87) Importer(815301076,1909f56bfc062723c751e8b465ee728b)
Start importing Assets/Mapbox/Examples/Resources/PoiMaterial.mat using Guid(183e8f4927695944e9e03968d2630a87) Importer(815301076,1909f56bfc062723c751e8b465ee728b)  -> (artifact id: '30f2b8a91b773b9886cbaf88d3f9b62e') in 0.012918 seconds 
  Import took 0.027968 seconds .

========================================================================
Received Import Request.
  Time since last request: 0.000319 seconds.
  path: Assets/Mapbox/Examples/Resources/TerraceSide.mat
  artifactKey: Guid(31d8bd8fc9d4850408a1660cf3619850) Importer(815301076,1909f56bfc062723c751e8b465ee728b)
Start importing Assets/Mapbox/Examples/Resources/TerraceSide.mat using Guid(31d8bd8fc9d4850408a1660cf3619850) Importer(815301076,1909f56bfc062723c751e8b465ee728b)  -> (artifact id: '9be3aa7c01e4834e8b85cad220d5803e') in 0.011140 seconds 
  Import took 0.031280 seconds .

========================================================================
Received Import Request.
  Time since last request: 0.000330 seconds.
  path: Assets/Mapbox/Examples/Resources/LocationProviderMapMaterial.mat
  artifactKey: Guid(8ba055cb55bcc4488b727c601be0be29) Importer(815301076,1909f56bfc062723c751e8b465ee728b)
Start importing Assets/Mapbox/Examples/Resources/LocationProviderMapMaterial.mat using Guid(8ba055cb55bcc4488b727c601be0be29) Importer(815301076,1909f56bfc062723c751e8b465ee728b)  -> (artifact id: 'a231d97f55c6f415377becbe10b1f7e7') in 0.079506 seconds 
  Import took 0.084835 seconds .

========================================================================
Received Import Request.
  Time since last request: 0.000293 seconds.
  path: Assets/Mapbox/Examples/Resources/TransparentOrangeMaterial.mat
  artifactKey: Guid(65fb5c4ce7e4e4e1bbd063bbb561cde7) Importer(815301076,1909f56bfc062723c751e8b465ee728b)
Start importing Assets/Mapbox/Examples/Resources/TransparentOrangeMaterial.mat using Guid(65fb5c4ce7e4e4e1bbd063bbb561cde7) Importer(815301076,1909f56bfc062723c751e8b465ee728b)  -> (artifact id: '80d074ec22fb2f3a603b3daaf54e4272') in 0.010309 seconds 
  Import took 0.025829 seconds .

========================================================================
Received Import Request.
  Time since last request: 0.000289 seconds.
  path: Assets/Mapbox/Examples/Resources/MapboxWhite.mat
  artifactKey: Guid(9c84f71e98b0047259dedc9428260078) Importer(815301076,1909f56bfc062723c751e8b465ee728b)
Start importing Assets/Mapbox/Examples/Resources/MapboxWhite.mat using Guid(9c84f71e98b0047259dedc9428260078) Importer(815301076,1909f56bfc062723c751e8b465ee728b)  -> (artifact id: 'ab5e8ad6e062f8ecbc73c71f4262f65a') in 0.019464 seconds 
  Import took 0.032199 seconds .

========================================================================
Received Import Request.
  Time since last request: 0.000336 seconds.
  path: Assets/Mapbox/Examples/Resources/TrafficMat.mat
  artifactKey: Guid(d21f59fb1aed75844b6e32c2856da19f) Importer(815301076,1909f56bfc062723c751e8b465ee728b)
Start importing Assets/Mapbox/Examples/Resources/TrafficMat.mat using Guid(d21f59fb1aed75844b6e32c2856da19f) Importer(815301076,1909f56bfc062723c751e8b465ee728b)  -> (artifact id: '3929f5e759555f43b0b5afb830fec774') in 0.011454 seconds 
  Import took 0.043544 seconds .

========================================================================
Received Import Request.
  Time since last request: 73.599241 seconds.
  path: Assets/Mapbox/User/Modifiers/NewFeatureBehaviourModifier.asset
  artifactKey: Guid(fa11ff5f002db844497823882ec87d76) Importer(815301076,1909f56bfc062723c751e8b465ee728b)
Start importing Assets/Mapbox/User/Modifiers/NewFeatureBehaviourModifier.asset using Guid(fa11ff5f002db844497823882ec87d76) Importer(815301076,1909f56bfc062723c751e8b465ee728b)  -> (artifact id: '9e73e6564a247310d5afe320cdde0b27') in 0.003533 seconds 
  Import took 0.014417 seconds .

========================================================================
Received Prepare
Registering precompiled user dll's ...
Registered in 0.015542 seconds.
Begin MonoManager ReloadAssembly
Native extension for WindowsStandalone target not found
Refreshing native plugins compatible for Editor in 1.36 ms, found 4 plugins.
Preloading 0 native plugins for Editor in 0.00 ms.
Mono: successfully reloaded assembly
- Completed reload, in  1.828 seconds
Domain Reload Profiling:
	ReloadAssembly (1829ms)
		BeginReloadAssembly (262ms)
			ExecutionOrderSort (0ms)
			DisableScriptedObjects (11ms)
			BackupInstance (0ms)
			ReleaseScriptingObjects (0ms)
			CreateAndSetChildDomain (110ms)
		EndReloadAssembly (1460ms)
			LoadAssemblies (189ms)
			RebuildTransferFunctionScriptingTraits (0ms)
			SetupTypeCache (546ms)
			ReleaseScriptCaches (1ms)
			RebuildScriptCaches (64ms)
			SetupLoadedEditorAssemblies (468ms)
				LogAssemblyErrors (0ms)
				InitializePlatformSupportModulesInManaged (7ms)
				SetLoadedEditorAssemblies (1ms)
				RefreshPlugins (1ms)
				BeforeProcessingInitializeOnLoad (130ms)
				ProcessInitializeOnLoadAttributes (294ms)
				ProcessInitializeOnLoadMethodAttributes (18ms)
				AfterProcessingInitializeOnLoad (16ms)
				EditorAssembliesLoaded (0ms)
			ExecutionOrderSort2 (0ms)
			AwakeInstancesAfterBackupRestoration (14ms)
Platform modules already initialized, skipping
Switching build target platform(19) subTarget(0) extendedPlatform(0) -> platform(13) subTarget(537395200) extendedPlatform(0)
Refreshing native plugins compatible for Editor in 1.63 ms, found 4 plugins.
Preloading 0 native plugins for Editor in 0.00 ms.
Unloading 2779 Unused Serialized files (Serialized files now loaded: 0)
System memory in use before: 117.2 MB.
System memory in use after: 117.4 MB.

Unloading 71 unused Assets to reduce memory usage. Loaded Objects now: 3238.
Total: 5.796900 ms (FindLiveObjects: 0.454400 ms CreateObjectMapping: 0.390300 ms MarkObjects: 4.891300 ms  DeleteObjects: 0.058900 ms)

AssetImportParameters requested are different than current active one (requested -> active):
  custom:framework-win-MediaFoundation: 216162199b28c13a410421893ffa2e32 -> 
  custom:video-decoder-ogg-theora: a1e56fd34408186e4bbccfd4996cb3dc -> 
  custom:container-muxer-webm: aa71ff27fc2769a1b78a27578f13a17b -> 
  custom:container-demuxer-webm: 4f35f7cbe854078d1ac9338744f61a02 -> 
  custom:container-demuxer-ogg: 62fdf1f143b41e24485cea50d1cbac27 -> 
  custom:video-encoder-webm-vp8: eb34c28f22e8b96e1ab97ce403110664 -> 
  custom:video-decoder-webm-vp8: 9c59270c3fd7afecdb556c50c9e8de78 -> 
  custom:graphics/normal-map-encoding: 01000000000000000000000000000000 -> 02000000000000000000000000000000
  custom:audio-decoder-ogg-vorbis: bf7c407c2cedff20999df2af8eb42d56 -> 
  custom:audio-encoder-webm-vorbis: bf7c407c2cedff20999df2af8eb42d56 -> 
========================================================================
Received Prepare
Registering precompiled user dll's ...
Registered in 0.012554 seconds.
Begin MonoManager ReloadAssembly
Native extension for WindowsStandalone target not found
Refreshing native plugins compatible for Editor in 1.30 ms, found 4 plugins.
Preloading 0 native plugins for Editor in 0.00 ms.
Mono: successfully reloaded assembly
- Completed reload, in  1.439 seconds
Domain Reload Profiling:
	ReloadAssembly (1440ms)
		BeginReloadAssembly (162ms)
			ExecutionOrderSort (0ms)
			DisableScriptedObjects (8ms)
			BackupInstance (0ms)
			ReleaseScriptingObjects (0ms)
			CreateAndSetChildDomain (47ms)
		EndReloadAssembly (1189ms)
			LoadAssemblies (148ms)
			RebuildTransferFunctionScriptingTraits (0ms)
			SetupTypeCache (406ms)
			ReleaseScriptCaches (1ms)
			RebuildScriptCaches (60ms)
			SetupLoadedEditorAssemblies (399ms)
				LogAssemblyErrors (0ms)
				InitializePlatformSupportModulesInManaged (7ms)
				SetLoadedEditorAssemblies (1ms)
				RefreshPlugins (1ms)
				BeforeProcessingInitializeOnLoad (117ms)
				ProcessInitializeOnLoadAttributes (246ms)
				ProcessInitializeOnLoadMethodAttributes (13ms)
				AfterProcessingInitializeOnLoad (14ms)
				EditorAssembliesLoaded (0ms)
			ExecutionOrderSort2 (0ms)
			AwakeInstancesAfterBackupRestoration (10ms)
Platform modules already initialized, skipping
Switching build target platform(19) subTarget(0) extendedPlatform(0) -> platform(13) subTarget(537395200) extendedPlatform(0)
Refreshing native plugins compatible for Editor in 1.18 ms, found 4 plugins.
Preloading 0 native plugins for Editor in 0.00 ms.
Unloading 2780 Unused Serialized files (Serialized files now loaded: 0)
System memory in use before: 117.2 MB.
System memory in use after: 117.5 MB.

Unloading 71 unused Assets to reduce memory usage. Loaded Objects now: 3241.
Total: 4.288800 ms (FindLiveObjects: 0.262600 ms CreateObjectMapping: 0.143200 ms MarkObjects: 3.836200 ms  DeleteObjects: 0.045800 ms)

AssetImportParameters requested are different than current active one (requested -> active):
  custom:framework-win-MediaFoundation: 216162199b28c13a410421893ffa2e32 -> 
  custom:video-decoder-ogg-theora: a1e56fd34408186e4bbccfd4996cb3dc -> 
  custom:container-muxer-webm: aa71ff27fc2769a1b78a27578f13a17b -> 
  custom:container-demuxer-webm: 4f35f7cbe854078d1ac9338744f61a02 -> 
  custom:container-demuxer-ogg: 62fdf1f143b41e24485cea50d1cbac27 -> 
  custom:video-encoder-webm-vp8: eb34c28f22e8b96e1ab97ce403110664 -> 
  custom:video-decoder-webm-vp8: 9c59270c3fd7afecdb556c50c9e8de78 -> 
  custom:graphics/normal-map-encoding: 01000000000000000000000000000000 -> 02000000000000000000000000000000
  custom:audio-decoder-ogg-vorbis: bf7c407c2cedff20999df2af8eb42d56 -> 
  custom:audio-encoder-webm-vorbis: bf7c407c2cedff20999df2af8eb42d56 -> 
========================================================================
Received Prepare
Registering precompiled user dll's ...
Registered in 0.267736 seconds.
Begin MonoManager ReloadAssembly
Native extension for WindowsStandalone target not found
Refreshing native plugins compatible for Editor in 189.05 ms, found 4 plugins.
Preloading 0 native plugins for Editor in 0.00 ms.
Mono: successfully reloaded assembly
- Completed reload, in 20.105 seconds
Domain Reload Profiling:
	ReloadAssembly (20180ms)
		BeginReloadAssembly (6140ms)
			ExecutionOrderSort (0ms)
			DisableScriptedObjects (1830ms)
			BackupInstance (0ms)
			ReleaseScriptingObjects (1ms)
			CreateAndSetChildDomain (2349ms)
		EndReloadAssembly (13704ms)
			LoadAssemblies (9209ms)
			RebuildTransferFunctionScriptingTraits (26ms)
			SetupTypeCache (1835ms)
			ReleaseScriptCaches (32ms)
			RebuildScriptCaches (136ms)
			SetupLoadedEditorAssemblies (1878ms)
				LogAssemblyErrors (0ms)
				InitializePlatformSupportModulesInManaged (38ms)
				SetLoadedEditorAssemblies (2ms)
				RefreshPlugins (190ms)
				BeforeProcessingInitializeOnLoad (922ms)
				ProcessInitializeOnLoadAttributes (686ms)
				ProcessInitializeOnLoadMethodAttributes (24ms)
				AfterProcessingInitializeOnLoad (15ms)
				EditorAssembliesLoaded (1ms)
			ExecutionOrderSort2 (0ms)
			AwakeInstancesAfterBackupRestoration (12ms)
Platform modules already initialized, skipping
Switching build target platform(19) subTarget(0) extendedPlatform(0) -> platform(13) subTarget(537395200) extendedPlatform(0)
Refreshing native plugins compatible for Editor in 1.15 ms, found 4 plugins.
Preloading 0 native plugins for Editor in 0.00 ms.
Unloading 2781 Unused Serialized files (Serialized files now loaded: 0)
System memory in use before: 117.3 MB.
System memory in use after: 117.5 MB.

Unloading 71 unused Assets to reduce memory usage. Loaded Objects now: 3244.
Total: 21.252400 ms (FindLiveObjects: 0.592600 ms CreateObjectMapping: 0.205400 ms MarkObjects: 20.314400 ms  DeleteObjects: 0.137400 ms)

AssetImportParameters requested are different than current active one (requested -> active):
  custom:framework-win-MediaFoundation: 216162199b28c13a410421893ffa2e32 -> 
  custom:video-decoder-ogg-theora: a1e56fd34408186e4bbccfd4996cb3dc -> 
  custom:container-muxer-webm: aa71ff27fc2769a1b78a27578f13a17b -> 
  custom:container-demuxer-webm: 4f35f7cbe854078d1ac9338744f61a02 -> 
  custom:container-demuxer-ogg: 62fdf1f143b41e24485cea50d1cbac27 -> 
  custom:video-encoder-webm-vp8: eb34c28f22e8b96e1ab97ce403110664 -> 
  custom:video-decoder-webm-vp8: 9c59270c3fd7afecdb556c50c9e8de78 -> 
  custom:graphics/normal-map-encoding: 01000000000000000000000000000000 -> 02000000000000000000000000000000
  custom:audio-decoder-ogg-vorbis: bf7c407c2cedff20999df2af8eb42d56 -> 
  custom:audio-encoder-webm-vorbis: bf7c407c2cedff20999df2af8eb42d56 -> 
========================================================================
Received Import Request.
  Time since last request: 1706.128327 seconds.
  path: ProjectSettings/TagManager.asset
  artifactKey: Guid(00000000000000003000000000000000) Importer(815301076,1909f56bfc062723c751e8b465ee728b)
Start importing ProjectSettings/TagManager.asset using Guid(00000000000000003000000000000000) Importer(815301076,1909f56bfc062723c751e8b465ee728b)  -> (artifact id: 'be7046030722cbab43ef2a3244bb018f') in 0.088780 seconds 
  Import took 0.112732 seconds .

========================================================================
Received Import Request.
  Time since last request: 182.682457 seconds.
  path: Assets/TafeMap.unity
  artifactKey: Guid(ccc626a3b2294104eb3ba68e366838ee) Importer(815301076,1909f56bfc062723c751e8b465ee728b)
Start importing Assets/TafeMap.unity using Guid(ccc626a3b2294104eb3ba68e366838ee) Importer(815301076,1909f56bfc062723c751e8b465ee728b)  -> (artifact id: 'db2f97ec4e86cb7bafd7ec91bc69e5bb') in 0.059415 seconds 
  Import took 0.065301 seconds .

========================================================================
Received Prepare
Registering precompiled user dll's ...
Registered in 0.133183 seconds.
Begin MonoManager ReloadAssembly
Symbol file data-0000024010324010 doesn't match image D:\WayFinderUnity\TafeMapProject\Library\ScriptAssemblies\Assembly-CSharp-Editor.dll
Symbol file LoadedFromMemory is not a mono symbol file
Native extension for WindowsStandalone target not found
Refreshing native plugins compatible for Editor in 1.32 ms, found 4 plugins.
Preloading 0 native plugins for Editor in 0.00 ms.
Mono: successfully reloaded assembly
- Completed reload, in  2.250 seconds
Domain Reload Profiling:
	ReloadAssembly (2251ms)
		BeginReloadAssembly (759ms)
			ExecutionOrderSort (0ms)
			DisableScriptedObjects (15ms)
			BackupInstance (0ms)
			ReleaseScriptingObjects (0ms)
			CreateAndSetChildDomain (381ms)
		EndReloadAssembly (1373ms)
			LoadAssemblies (399ms)
			RebuildTransferFunctionScriptingTraits (0ms)
			SetupTypeCache (477ms)
			ReleaseScriptCaches (2ms)
			RebuildScriptCaches (54ms)
			SetupLoadedEditorAssemblies (438ms)
				LogAssemblyErrors (0ms)
				InitializePlatformSupportModulesInManaged (6ms)
				SetLoadedEditorAssemblies (1ms)
				RefreshPlugins (1ms)
				BeforeProcessingInitializeOnLoad (118ms)
				ProcessInitializeOnLoadAttributes (281ms)
				ProcessInitializeOnLoadMethodAttributes (14ms)
				AfterProcessingInitializeOnLoad (17ms)
				EditorAssembliesLoaded (0ms)
			ExecutionOrderSort2 (0ms)
			AwakeInstancesAfterBackupRestoration (11ms)
Platform modules already initialized, skipping
Switching build target platform(19) subTarget(0) extendedPlatform(0) -> platform(13) subTarget(537395200) extendedPlatform(0)
Refreshing native plugins compatible for Editor in 1.27 ms, found 4 plugins.
Preloading 0 native plugins for Editor in 0.00 ms.
Unloading 2781 Unused Serialized files (Serialized files now loaded: 0)
System memory in use before: 117.3 MB.
System memory in use after: 117.5 MB.

Unloading 72 unused Assets to reduce memory usage. Loaded Objects now: 3246.
Total: 7.046900 ms (FindLiveObjects: 0.382800 ms CreateObjectMapping: 0.303700 ms MarkObjects: 6.287900 ms  DeleteObjects: 0.070000 ms)

AssetImportParameters requested are different than current active one (requested -> active):
  custom:framework-win-MediaFoundation: 216162199b28c13a410421893ffa2e32 -> 
  custom:video-decoder-ogg-theora: a1e56fd34408186e4bbccfd4996cb3dc -> 
  custom:container-muxer-webm: aa71ff27fc2769a1b78a27578f13a17b -> 
  custom:container-demuxer-webm: 4f35f7cbe854078d1ac9338744f61a02 -> 
  custom:container-demuxer-ogg: 62fdf1f143b41e24485cea50d1cbac27 -> 
  custom:video-encoder-webm-vp8: eb34c28f22e8b96e1ab97ce403110664 -> 
  custom:video-decoder-webm-vp8: 9c59270c3fd7afecdb556c50c9e8de78 -> 
  custom:graphics/normal-map-encoding: 01000000000000000000000000000000 -> 02000000000000000000000000000000
  custom:audio-decoder-ogg-vorbis: bf7c407c2cedff20999df2af8eb42d56 -> 
  custom:audio-encoder-webm-vorbis: bf7c407c2cedff20999df2af8eb42d56 -> 
========================================================================
Received Prepare
Registering precompiled user dll's ...
Registered in 0.015463 seconds.
Begin MonoManager ReloadAssembly
Native extension for WindowsStandalone target not found
Refreshing native plugins compatible for Editor in 1.66 ms, found 4 plugins.
Preloading 0 native plugins for Editor in 0.00 ms.
Mono: successfully reloaded assembly
- Completed reload, in  1.536 seconds
Domain Reload Profiling:
	ReloadAssembly (1537ms)
		BeginReloadAssembly (203ms)
			ExecutionOrderSort (0ms)
			DisableScriptedObjects (17ms)
			BackupInstance (0ms)
			ReleaseScriptingObjects (0ms)
			CreateAndSetChildDomain (70ms)
		EndReloadAssembly (1247ms)
			LoadAssemblies (147ms)
			RebuildTransferFunctionScriptingTraits (0ms)
			SetupTypeCache (403ms)
			ReleaseScriptCaches (1ms)
			RebuildScriptCaches (52ms)
			SetupLoadedEditorAssemblies (413ms)
				LogAssemblyErrors (0ms)
				InitializePlatformSupportModulesInManaged (7ms)
				SetLoadedEditorAssemblies (1ms)
				RefreshPlugins (2ms)
				BeforeProcessingInitializeOnLoad (120ms)
				ProcessInitializeOnLoadAttributes (255ms)
				ProcessInitializeOnLoadMethodAttributes (14ms)
				AfterProcessingInitializeOnLoad (15ms)
				EditorAssembliesLoaded (0ms)
			ExecutionOrderSort2 (0ms)
			AwakeInstancesAfterBackupRestoration (11ms)
Platform modules already initialized, skipping
Switching build target platform(19) subTarget(0) extendedPlatform(0) -> platform(13) subTarget(537395200) extendedPlatform(0)
Refreshing native plugins compatible for Editor in 1.15 ms, found 4 plugins.
Preloading 0 native plugins for Editor in 0.00 ms.
Unloading 2781 Unused Serialized files (Serialized files now loaded: 0)
System memory in use before: 117.4 MB.
System memory in use after: 117.6 MB.

Unloading 71 unused Assets to reduce memory usage. Loaded Objects now: 3248.
Total: 10.429200 ms (FindLiveObjects: 0.408900 ms CreateObjectMapping: 0.299100 ms MarkObjects: 4.314400 ms  DeleteObjects: 5.405000 ms)

AssetImportParameters requested are different than current active one (requested -> active):
  custom:framework-win-MediaFoundation: 216162199b28c13a410421893ffa2e32 -> 
  custom:video-decoder-ogg-theora: a1e56fd34408186e4bbccfd4996cb3dc -> 
  custom:container-muxer-webm: aa71ff27fc2769a1b78a27578f13a17b -> 
  custom:container-demuxer-webm: 4f35f7cbe854078d1ac9338744f61a02 -> 
  custom:container-demuxer-ogg: 62fdf1f143b41e24485cea50d1cbac27 -> 
  custom:video-encoder-webm-vp8: eb34c28f22e8b96e1ab97ce403110664 -> 
  custom:video-decoder-webm-vp8: 9c59270c3fd7afecdb556c50c9e8de78 -> 
  custom:graphics/normal-map-encoding: 01000000000000000000000000000000 -> 02000000000000000000000000000000
  custom:audio-decoder-ogg-vorbis: bf7c407c2cedff20999df2af8eb42d56 -> 
  custom:audio-encoder-webm-vorbis: bf7c407c2cedff20999df2af8eb42d56 -> 
========================================================================
Received Prepare
Registering precompiled user dll's ...
Registered in 0.015838 seconds.
Begin MonoManager ReloadAssembly
Native extension for WindowsStandalone target not found
Refreshing native plugins compatible for Editor in 1.37 ms, found 4 plugins.
Preloading 0 native plugins for Editor in 0.00 ms.
Mono: successfully reloaded assembly
- Completed reload, in  1.675 seconds
Domain Reload Profiling:
	ReloadAssembly (1675ms)
		BeginReloadAssembly (210ms)
			ExecutionOrderSort (0ms)
			DisableScriptedObjects (8ms)
			BackupInstance (0ms)
			ReleaseScriptingObjects (0ms)
			CreateAndSetChildDomain (50ms)
		EndReloadAssembly (1341ms)
			LoadAssemblies (202ms)
			RebuildTransferFunctionScriptingTraits (0ms)
			SetupTypeCache (462ms)
			ReleaseScriptCaches (1ms)
			RebuildScriptCaches (61ms)
			SetupLoadedEditorAssemblies (404ms)
				LogAssemblyErrors (0ms)
				InitializePlatformSupportModulesInManaged (6ms)
				SetLoadedEditorAssemblies (1ms)
				RefreshPlugins (1ms)
				BeforeProcessingInitializeOnLoad (111ms)
				ProcessInitializeOnLoadAttributes (256ms)
				ProcessInitializeOnLoadMethodAttributes (14ms)
				AfterProcessingInitializeOnLoad (14ms)
				EditorAssembliesLoaded (0ms)
			ExecutionOrderSort2 (0ms)
			AwakeInstancesAfterBackupRestoration (11ms)
Platform modules already initialized, skipping
Switching build target platform(19) subTarget(0) extendedPlatform(0) -> platform(13) subTarget(537395200) extendedPlatform(0)
Refreshing native plugins compatible for Editor in 2.10 ms, found 4 plugins.
Preloading 0 native plugins for Editor in 0.00 ms.
Unloading 2781 Unused Serialized files (Serialized files now loaded: 0)
System memory in use before: 117.4 MB.
System memory in use after: 117.6 MB.

Unloading 71 unused Assets to reduce memory usage. Loaded Objects now: 3250.
Total: 6.102400 ms (FindLiveObjects: 0.680000 ms CreateObjectMapping: 0.371000 ms MarkObjects: 4.988800 ms  DeleteObjects: 0.060300 ms)

AssetImportParameters requested are different than current active one (requested -> active):
  custom:framework-win-MediaFoundation: 216162199b28c13a410421893ffa2e32 -> 
  custom:video-decoder-ogg-theora: a1e56fd34408186e4bbccfd4996cb3dc -> 
  custom:container-muxer-webm: aa71ff27fc2769a1b78a27578f13a17b -> 
  custom:container-demuxer-webm: 4f35f7cbe854078d1ac9338744f61a02 -> 
  custom:container-demuxer-ogg: 62fdf1f143b41e24485cea50d1cbac27 -> 
  custom:video-encoder-webm-vp8: eb34c28f22e8b96e1ab97ce403110664 -> 
  custom:video-decoder-webm-vp8: 9c59270c3fd7afecdb556c50c9e8de78 -> 
  custom:graphics/normal-map-encoding: 01000000000000000000000000000000 -> 02000000000000000000000000000000
  custom:audio-decoder-ogg-vorbis: bf7c407c2cedff20999df2af8eb42d56 -> 
  custom:audio-encoder-webm-vorbis: bf7c407c2cedff20999df2af8eb42d56 -> 
========================================================================
Received Prepare
Registering precompiled user dll's ...
Registered in 0.017284 seconds.
Begin MonoManager ReloadAssembly
Native extension for WindowsStandalone target not found
Refreshing native plugins compatible for Editor in 1.22 ms, found 4 plugins.
Preloading 0 native plugins for Editor in 0.00 ms.
Mono: successfully reloaded assembly
- Completed reload, in  1.681 seconds
Domain Reload Profiling:
	ReloadAssembly (1681ms)
		BeginReloadAssembly (168ms)
			ExecutionOrderSort (0ms)
			DisableScriptedObjects (8ms)
			BackupInstance (0ms)
			ReleaseScriptingObjects (0ms)
			CreateAndSetChildDomain (50ms)
		EndReloadAssembly (1418ms)
			LoadAssemblies (156ms)
			RebuildTransferFunctionScriptingTraits (0ms)
			SetupTypeCache (453ms)
			ReleaseScriptCaches (2ms)
			RebuildScriptCaches (62ms)
			SetupLoadedEditorAssemblies (465ms)
				LogAssemblyErrors (0ms)
				InitializePlatformSupportModulesInManaged (7ms)
				SetLoadedEditorAssemblies (1ms)
				RefreshPlugins (1ms)
				BeforeProcessingInitializeOnLoad (119ms)
				ProcessInitializeOnLoadAttributes (305ms)
				ProcessInitializeOnLoadMethodAttributes (16ms)
				AfterProcessingInitializeOnLoad (15ms)
				EditorAssembliesLoaded (0ms)
			ExecutionOrderSort2 (0ms)
			AwakeInstancesAfterBackupRestoration (11ms)
Platform modules already initialized, skipping
Switching build target platform(19) subTarget(0) extendedPlatform(0) -> platform(13) subTarget(537395200) extendedPlatform(0)
Refreshing native plugins compatible for Editor in 1.15 ms, found 4 plugins.
Preloading 0 native plugins for Editor in 0.00 ms.
Unloading 2781 Unused Serialized files (Serialized files now loaded: 0)
System memory in use before: 117.4 MB.
System memory in use after: 117.6 MB.

Unloading 71 unused Assets to reduce memory usage. Loaded Objects now: 3252.
Total: 15.659100 ms (FindLiveObjects: 0.282000 ms CreateObjectMapping: 0.132600 ms MarkObjects: 5.434300 ms  DeleteObjects: 9.808500 ms)

AssetImportParameters requested are different than current active one (requested -> active):
  custom:framework-win-MediaFoundation: 216162199b28c13a410421893ffa2e32 -> 
  custom:video-decoder-ogg-theora: a1e56fd34408186e4bbccfd4996cb3dc -> 
  custom:container-muxer-webm: aa71ff27fc2769a1b78a27578f13a17b -> 
  custom:container-demuxer-webm: 4f35f7cbe854078d1ac9338744f61a02 -> 
  custom:container-demuxer-ogg: 62fdf1f143b41e24485cea50d1cbac27 -> 
  custom:video-encoder-webm-vp8: eb34c28f22e8b96e1ab97ce403110664 -> 
  custom:video-decoder-webm-vp8: 9c59270c3fd7afecdb556c50c9e8de78 -> 
  custom:graphics/normal-map-encoding: 01000000000000000000000000000000 -> 02000000000000000000000000000000
  custom:audio-decoder-ogg-vorbis: bf7c407c2cedff20999df2af8eb42d56 -> 
  custom:audio-encoder-webm-vorbis: bf7c407c2cedff20999df2af8eb42d56 -> 
========================================================================
Received Prepare
Registering precompiled user dll's ...
Registered in 0.013045 seconds.
Begin MonoManager ReloadAssembly
Native extension for WindowsStandalone target not found
Refreshing native plugins compatible for Editor in 1.83 ms, found 4 plugins.
Preloading 0 native plugins for Editor in 0.00 ms.
Mono: successfully reloaded assembly
- Completed reload, in  1.907 seconds
Domain Reload Profiling:
	ReloadAssembly (1907ms)
		BeginReloadAssembly (178ms)
			ExecutionOrderSort (0ms)
			DisableScriptedObjects (8ms)
			BackupInstance (0ms)
			ReleaseScriptingObjects (0ms)
			CreateAndSetChildDomain (49ms)
		EndReloadAssembly (1637ms)
			LoadAssemblies (158ms)
			RebuildTransferFunctionScriptingTraits (0ms)
			SetupTypeCache (483ms)
			ReleaseScriptCaches (2ms)
			RebuildScriptCaches (83ms)
			SetupLoadedEditorAssemblies (543ms)
				LogAssemblyErrors (0ms)
				InitializePlatformSupportModulesInManaged (9ms)
				SetLoadedEditorAssemblies (1ms)
				RefreshPlugins (2ms)
				BeforeProcessingInitializeOnLoad (161ms)
				ProcessInitializeOnLoadAttributes (330ms)
				ProcessInitializeOnLoadMethodAttributes (22ms)
				AfterProcessingInitializeOnLoad (19ms)
				EditorAssembliesLoaded (0ms)
			ExecutionOrderSort2 (0ms)
			AwakeInstancesAfterBackupRestoration (11ms)
Platform modules already initialized, skipping
Switching build target platform(19) subTarget(0) extendedPlatform(0) -> platform(13) subTarget(537395200) extendedPlatform(0)
Refreshing native plugins compatible for Editor in 1.20 ms, found 4 plugins.
Preloading 0 native plugins for Editor in 0.00 ms.
Unloading 2781 Unused Serialized files (Serialized files now loaded: 0)
System memory in use before: 117.4 MB.
System memory in use after: 117.6 MB.

Unloading 71 unused Assets to reduce memory usage. Loaded Objects now: 3254.
Total: 10.223300 ms (FindLiveObjects: 0.388200 ms CreateObjectMapping: 0.283600 ms MarkObjects: 4.279000 ms  DeleteObjects: 5.271400 ms)

AssetImportParameters requested are different than current active one (requested -> active):
  custom:framework-win-MediaFoundation: 216162199b28c13a410421893ffa2e32 -> 
  custom:video-decoder-ogg-theora: a1e56fd34408186e4bbccfd4996cb3dc -> 
  custom:container-muxer-webm: aa71ff27fc2769a1b78a27578f13a17b -> 
  custom:container-demuxer-webm: 4f35f7cbe854078d1ac9338744f61a02 -> 
  custom:container-demuxer-ogg: 62fdf1f143b41e24485cea50d1cbac27 -> 
  custom:video-encoder-webm-vp8: eb34c28f22e8b96e1ab97ce403110664 -> 
  custom:video-decoder-webm-vp8: 9c59270c3fd7afecdb556c50c9e8de78 -> 
  custom:graphics/normal-map-encoding: 01000000000000000000000000000000 -> 02000000000000000000000000000000
  custom:audio-decoder-ogg-vorbis: bf7c407c2cedff20999df2af8eb42d56 -> 
  custom:audio-encoder-webm-vorbis: bf7c407c2cedff20999df2af8eb42d56 -> 
========================================================================
Received Prepare
Registering precompiled user dll's ...
Registered in 0.012886 seconds.
Begin MonoManager ReloadAssembly
Native extension for WindowsStandalone target not found
Refreshing native plugins compatible for Editor in 1.57 ms, found 4 plugins.
Preloading 0 native plugins for Editor in 0.00 ms.
Mono: successfully reloaded assembly
- Completed reload, in  1.743 seconds
Domain Reload Profiling:
	ReloadAssembly (1743ms)
		BeginReloadAssembly (177ms)
			ExecutionOrderSort (0ms)
			DisableScriptedObjects (8ms)
			BackupInstance (0ms)
			ReleaseScriptingObjects (0ms)
			CreateAndSetChildDomain (49ms)
		EndReloadAssembly (1466ms)
			LoadAssemblies (157ms)
			RebuildTransferFunctionScriptingTraits (0ms)
			SetupTypeCache (429ms)
			ReleaseScriptCaches (1ms)
			RebuildScriptCaches (62ms)
			SetupLoadedEditorAssemblies (487ms)
				LogAssemblyErrors (0ms)
				InitializePlatformSupportModulesInManaged (7ms)
				SetLoadedEditorAssemblies (1ms)
				RefreshPlugins (2ms)
				BeforeProcessingInitializeOnLoad (123ms)
				ProcessInitializeOnLoadAttributes (325ms)
				ProcessInitializeOnLoadMethodAttributes (15ms)
				AfterProcessingInitializeOnLoad (15ms)
				EditorAssembliesLoaded (0ms)
			ExecutionOrderSort2 (0ms)
			AwakeInstancesAfterBackupRestoration (12ms)
Platform modules already initialized, skipping
Switching build target platform(19) subTarget(0) extendedPlatform(0) -> platform(13) subTarget(537395200) extendedPlatform(0)
Refreshing native plugins compatible for Editor in 1.24 ms, found 4 plugins.
Preloading 0 native plugins for Editor in 0.00 ms.
Unloading 2781 Unused Serialized files (Serialized files now loaded: 0)
System memory in use before: 117.4 MB.
System memory in use after: 117.6 MB.

Unloading 71 unused Assets to reduce memory usage. Loaded Objects now: 3256.
Total: 4.544700 ms (FindLiveObjects: 0.365300 ms CreateObjectMapping: 0.160100 ms MarkObjects: 3.969000 ms  DeleteObjects: 0.049100 ms)

AssetImportParameters requested are different than current active one (requested -> active):
  custom:framework-win-MediaFoundation: 216162199b28c13a410421893ffa2e32 -> 
  custom:video-decoder-ogg-theora: a1e56fd34408186e4bbccfd4996cb3dc -> 
  custom:container-muxer-webm: aa71ff27fc2769a1b78a27578f13a17b -> 
  custom:container-demuxer-webm: 4f35f7cbe854078d1ac9338744f61a02 -> 
  custom:container-demuxer-ogg: 62fdf1f143b41e24485cea50d1cbac27 -> 
  custom:video-encoder-webm-vp8: eb34c28f22e8b96e1ab97ce403110664 -> 
  custom:video-decoder-webm-vp8: 9c59270c3fd7afecdb556c50c9e8de78 -> 
  custom:graphics/normal-map-encoding: 01000000000000000000000000000000 -> 02000000000000000000000000000000
  custom:audio-decoder-ogg-vorbis: bf7c407c2cedff20999df2af8eb42d56 -> 
  custom:audio-encoder-webm-vorbis: bf7c407c2cedff20999df2af8eb42d56 -> 
========================================================================
Received Import Request.
  Time since last request: 616.006816 seconds.
  path: Assets/heightSet.cs
  artifactKey: Guid(df7ae913f1d35c044a0aefb91e4cc81c) Importer(815301076,1909f56bfc062723c751e8b465ee728b)
Start importing Assets/heightSet.cs using Guid(df7ae913f1d35c044a0aefb91e4cc81c) Importer(815301076,1909f56bfc062723c751e8b465ee728b)  -> (artifact id: '5b96acf05b1febd0e26c020d2a424679') in 0.049339 seconds 
  Import took 0.068071 seconds .

========================================================================
Received Import Request.
  Time since last request: 1.333389 seconds.
  path: Assets/accessFeature.cs
  artifactKey: Guid(bcb289de24394054d8fa6459c15c73b4) Importer(815301076,1909f56bfc062723c751e8b465ee728b)
Start importing Assets/accessFeature.cs using Guid(bcb289de24394054d8fa6459c15c73b4) Importer(815301076,1909f56bfc062723c751e8b465ee728b)  -> (artifact id: 'd46ab7a33a83ed28cd81b0daf30859a2') in 0.066309 seconds 
  Import took 0.104580 seconds .

========================================================================
Received Prepare
Registering precompiled user dll's ...
Registered in 0.013923 seconds.
Begin MonoManager ReloadAssembly
Native extension for WindowsStandalone target not found
Refreshing native plugins compatible for Editor in 1.51 ms, found 4 plugins.
Preloading 0 native plugins for Editor in 0.00 ms.
Mono: successfully reloaded assembly
- Completed reload, in  1.846 seconds
Domain Reload Profiling:
	ReloadAssembly (1846ms)
		BeginReloadAssembly (170ms)
			ExecutionOrderSort (0ms)
			DisableScriptedObjects (8ms)
			BackupInstance (0ms)
			ReleaseScriptingObjects (0ms)
			CreateAndSetChildDomain (49ms)
		EndReloadAssembly (1577ms)
			LoadAssemblies (165ms)
			RebuildTransferFunctionScriptingTraits (0ms)
			SetupTypeCache (419ms)
			ReleaseScriptCaches (2ms)
			RebuildScriptCaches (77ms)
			SetupLoadedEditorAssemblies (508ms)
				LogAssemblyErrors (0ms)
				InitializePlatformSupportModulesInManaged (8ms)
				SetLoadedEditorAssemblies (1ms)
				RefreshPlugins (2ms)
				BeforeProcessingInitializeOnLoad (153ms)
				ProcessInitializeOnLoadAttributes (310ms)
				ProcessInitializeOnLoadMethodAttributes (19ms)
				AfterProcessingInitializeOnLoad (15ms)
				EditorAssembliesLoaded (0ms)
			ExecutionOrderSort2 (0ms)
			AwakeInstancesAfterBackupRestoration (11ms)
Platform modules already initialized, skipping
Switching build target platform(19) subTarget(0) extendedPlatform(0) -> platform(13) subTarget(537395200) extendedPlatform(0)
Refreshing native plugins compatible for Editor in 1.24 ms, found 4 plugins.
Preloading 0 native plugins for Editor in 0.00 ms.
Unloading 2781 Unused Serialized files (Serialized files now loaded: 0)
System memory in use before: 117.4 MB.
System memory in use after: 117.6 MB.

Unloading 71 unused Assets to reduce memory usage. Loaded Objects now: 3258.
Total: 4.694100 ms (FindLiveObjects: 0.286300 ms CreateObjectMapping: 0.149000 ms MarkObjects: 3.549500 ms  DeleteObjects: 0.708300 ms)

AssetImportParameters requested are different than current active one (requested -> active):
  custom:framework-win-MediaFoundation: 216162199b28c13a410421893ffa2e32 -> 
  custom:video-decoder-ogg-theora: a1e56fd34408186e4bbccfd4996cb3dc -> 
  custom:container-muxer-webm: aa71ff27fc2769a1b78a27578f13a17b -> 
  custom:container-demuxer-webm: 4f35f7cbe854078d1ac9338744f61a02 -> 
  custom:container-demuxer-ogg: 62fdf1f143b41e24485cea50d1cbac27 -> 
  custom:video-encoder-webm-vp8: eb34c28f22e8b96e1ab97ce403110664 -> 
  custom:video-decoder-webm-vp8: 9c59270c3fd7afecdb556c50c9e8de78 -> 
  custom:graphics/normal-map-encoding: 01000000000000000000000000000000 -> 02000000000000000000000000000000
  custom:audio-decoder-ogg-vorbis: bf7c407c2cedff20999df2af8eb42d56 -> 
  custom:audio-encoder-webm-vorbis: bf7c407c2cedff20999df2af8eb42d56 -> 
========================================================================
Received Prepare
Registering precompiled user dll's ...
Registered in 0.012819 seconds.
Begin MonoManager ReloadAssembly
Native extension for WindowsStandalone target not found
Refreshing native plugins compatible for Editor in 1.62 ms, found 4 plugins.
Preloading 0 native plugins for Editor in 0.00 ms.
Mono: successfully reloaded assembly
- Completed reload, in  1.942 seconds
Domain Reload Profiling:
	ReloadAssembly (1943ms)
		BeginReloadAssembly (179ms)
			ExecutionOrderSort (0ms)
			DisableScriptedObjects (7ms)
			BackupInstance (0ms)
			ReleaseScriptingObjects (0ms)
			CreateAndSetChildDomain (48ms)
		EndReloadAssembly (1659ms)
			LoadAssemblies (147ms)
			RebuildTransferFunctionScriptingTraits (0ms)
			SetupTypeCache (402ms)
			ReleaseScriptCaches (2ms)
			RebuildScriptCaches (83ms)
			SetupLoadedEditorAssemblies (541ms)
				LogAssemblyErrors (0ms)
				InitializePlatformSupportModulesInManaged (7ms)
				SetLoadedEditorAssemblies (1ms)
				RefreshPlugins (2ms)
				BeforeProcessingInitializeOnLoad (149ms)
				ProcessInitializeOnLoadAttributes (351ms)
				ProcessInitializeOnLoadMethodAttributes (14ms)
				AfterProcessingInitializeOnLoad (16ms)
				EditorAssembliesLoaded (0ms)
			ExecutionOrderSort2 (0ms)
			AwakeInstancesAfterBackupRestoration (12ms)
Platform modules already initialized, skipping
Switching build target platform(19) subTarget(0) extendedPlatform(0) -> platform(13) subTarget(537395200) extendedPlatform(0)
Refreshing native plugins compatible for Editor in 1.20 ms, found 4 plugins.
Preloading 0 native plugins for Editor in 0.00 ms.
Unloading 2781 Unused Serialized files (Serialized files now loaded: 0)
System memory in use before: 117.4 MB.
System memory in use after: 117.6 MB.

Unloading 71 unused Assets to reduce memory usage. Loaded Objects now: 3260.
Total: 5.317300 ms (FindLiveObjects: 0.376900 ms CreateObjectMapping: 0.308600 ms MarkObjects: 4.000200 ms  DeleteObjects: 0.630200 ms)

AssetImportParameters requested are different than current active one (requested -> active):
  custom:framework-win-MediaFoundation: 216162199b28c13a410421893ffa2e32 -> 
  custom:video-decoder-ogg-theora: a1e56fd34408186e4bbccfd4996cb3dc -> 
  custom:container-muxer-webm: aa71ff27fc2769a1b78a27578f13a17b -> 
  custom:container-demuxer-webm: 4f35f7cbe854078d1ac9338744f61a02 -> 
  custom:container-demuxer-ogg: 62fdf1f143b41e24485cea50d1cbac27 -> 
  custom:video-encoder-webm-vp8: eb34c28f22e8b96e1ab97ce403110664 -> 
  custom:video-decoder-webm-vp8: 9c59270c3fd7afecdb556c50c9e8de78 -> 
  custom:graphics/normal-map-encoding: 01000000000000000000000000000000 -> 02000000000000000000000000000000
  custom:audio-decoder-ogg-vorbis: bf7c407c2cedff20999df2af8eb42d56 -> 
  custom:audio-encoder-webm-vorbis: bf7c407c2cedff20999df2af8eb42d56 -> 
========================================================================
Received Prepare
Registering precompiled user dll's ...
Registered in 0.013227 seconds.
Begin MonoManager ReloadAssembly
Native extension for WindowsStandalone target not found
Refreshing native plugins compatible for Editor in 1.34 ms, found 4 plugins.
Preloading 0 native plugins for Editor in 0.00 ms.
Mono: successfully reloaded assembly
- Completed reload, in  1.847 seconds
Domain Reload Profiling:
	ReloadAssembly (1847ms)
		BeginReloadAssembly (191ms)
			ExecutionOrderSort (0ms)
			DisableScriptedObjects (8ms)
			BackupInstance (0ms)
			ReleaseScriptingObjects (0ms)
			CreateAndSetChildDomain (51ms)
		EndReloadAssembly (1557ms)
			LoadAssemblies (173ms)
			RebuildTransferFunctionScriptingTraits (0ms)
			SetupTypeCache (474ms)
			ReleaseScriptCaches (2ms)
			RebuildScriptCaches (67ms)
			SetupLoadedEditorAssemblies (468ms)
				LogAssemblyErrors (0ms)
				InitializePlatformSupportModulesInManaged (7ms)
				SetLoadedEditorAssemblies (1ms)
				RefreshPlugins (1ms)
				BeforeProcessingInitializeOnLoad (127ms)
				ProcessInitializeOnLoadAttributes (299ms)
				ProcessInitializeOnLoadMethodAttributes (16ms)
				AfterProcessingInitializeOnLoad (16ms)
				EditorAssembliesLoaded (0ms)
			ExecutionOrderSort2 (0ms)
			AwakeInstancesAfterBackupRestoration (13ms)
Platform modules already initialized, skipping
Switching build target platform(19) subTarget(0) extendedPlatform(0) -> platform(13) subTarget(537395200) extendedPlatform(0)
Refreshing native plugins compatible for Editor in 1.35 ms, found 4 plugins.
Preloading 0 native plugins for Editor in 0.00 ms.
Unloading 2781 Unused Serialized files (Serialized files now loaded: 0)
System memory in use before: 117.4 MB.
System memory in use after: 117.6 MB.

Unloading 71 unused Assets to reduce memory usage. Loaded Objects now: 3262.
Total: 4.750200 ms (FindLiveObjects: 0.492900 ms CreateObjectMapping: 0.191000 ms MarkObjects: 4.016900 ms  DeleteObjects: 0.048100 ms)

AssetImportParameters requested are different than current active one (requested -> active):
  custom:framework-win-MediaFoundation: 216162199b28c13a410421893ffa2e32 -> 
  custom:video-decoder-ogg-theora: a1e56fd34408186e4bbccfd4996cb3dc -> 
  custom:container-muxer-webm: aa71ff27fc2769a1b78a27578f13a17b -> 
  custom:container-demuxer-webm: 4f35f7cbe854078d1ac9338744f61a02 -> 
  custom:container-demuxer-ogg: 62fdf1f143b41e24485cea50d1cbac27 -> 
  custom:video-encoder-webm-vp8: eb34c28f22e8b96e1ab97ce403110664 -> 
  custom:video-decoder-webm-vp8: 9c59270c3fd7afecdb556c50c9e8de78 -> 
  custom:graphics/normal-map-encoding: 01000000000000000000000000000000 -> 02000000000000000000000000000000
  custom:audio-decoder-ogg-vorbis: bf7c407c2cedff20999df2af8eb42d56 -> 
  custom:audio-encoder-webm-vorbis: bf7c407c2cedff20999df2af8eb42d56 -> 
========================================================================
Received Prepare
Registering precompiled user dll's ...
Registered in 0.020955 seconds.
Begin MonoManager ReloadAssembly
Native extension for WindowsStandalone target not found
Refreshing native plugins compatible for Editor in 1.50 ms, found 4 plugins.
Preloading 0 native plugins for Editor in 0.00 ms.
Mono: successfully reloaded assembly
- Completed reload, in  1.910 seconds
Domain Reload Profiling:
	ReloadAssembly (1910ms)
		BeginReloadAssembly (198ms)
			ExecutionOrderSort (0ms)
			DisableScriptedObjects (11ms)
			BackupInstance (0ms)
			ReleaseScriptingObjects (0ms)
			CreateAndSetChildDomain (60ms)
		EndReloadAssembly (1586ms)
			LoadAssemblies (215ms)
			RebuildTransferFunctionScriptingTraits (0ms)
			SetupTypeCache (474ms)
			ReleaseScriptCaches (2ms)
			RebuildScriptCaches (63ms)
			SetupLoadedEditorAssemblies (465ms)
				LogAssemblyErrors (0ms)
				InitializePlatformSupportModulesInManaged (7ms)
				SetLoadedEditorAssemblies (1ms)
				RefreshPlugins (2ms)
				BeforeProcessingInitializeOnLoad (131ms)
				ProcessInitializeOnLoadAttributes (290ms)
				ProcessInitializeOnLoadMethodAttributes (17ms)
				AfterProcessingInitializeOnLoad (17ms)
				EditorAssembliesLoaded (0ms)
			ExecutionOrderSort2 (0ms)
			AwakeInstancesAfterBackupRestoration (15ms)
Platform modules already initialized, skipping
Switching build target platform(19) subTarget(0) extendedPlatform(0) -> platform(13) subTarget(537395200) extendedPlatform(0)
Refreshing native plugins compatible for Editor in 1.19 ms, found 4 plugins.
Preloading 0 native plugins for Editor in 0.00 ms.
Unloading 2781 Unused Serialized files (Serialized files now loaded: 0)
System memory in use before: 117.4 MB.
System memory in use after: 117.7 MB.

Unloading 71 unused Assets to reduce memory usage. Loaded Objects now: 3264.
Total: 4.304000 ms (FindLiveObjects: 0.337400 ms CreateObjectMapping: 0.135900 ms MarkObjects: 3.611900 ms  DeleteObjects: 0.208700 ms)

AssetImportParameters requested are different than current active one (requested -> active):
  custom:framework-win-MediaFoundation: 216162199b28c13a410421893ffa2e32 -> 
  custom:video-decoder-ogg-theora: a1e56fd34408186e4bbccfd4996cb3dc -> 
  custom:container-muxer-webm: aa71ff27fc2769a1b78a27578f13a17b -> 
  custom:container-demuxer-webm: 4f35f7cbe854078d1ac9338744f61a02 -> 
  custom:container-demuxer-ogg: 62fdf1f143b41e24485cea50d1cbac27 -> 
  custom:video-encoder-webm-vp8: eb34c28f22e8b96e1ab97ce403110664 -> 
  custom:video-decoder-webm-vp8: 9c59270c3fd7afecdb556c50c9e8de78 -> 
  custom:graphics/normal-map-encoding: 01000000000000000000000000000000 -> 02000000000000000000000000000000
  custom:audio-decoder-ogg-vorbis: bf7c407c2cedff20999df2af8eb42d56 -> 
  custom:audio-encoder-webm-vorbis: bf7c407c2cedff20999df2af8eb42d56 -> 
========================================================================
Received Prepare
Registering precompiled user dll's ...
Registered in 0.014602 seconds.
Begin MonoManager ReloadAssembly
Native extension for WindowsStandalone target not found
Refreshing native plugins compatible for Editor in 1.28 ms, found 4 plugins.
Preloading 0 native plugins for Editor in 0.00 ms.
Mono: successfully reloaded assembly
- Completed reload, in  1.993 seconds
Domain Reload Profiling:
	ReloadAssembly (1993ms)
		BeginReloadAssembly (225ms)
			ExecutionOrderSort (0ms)
			DisableScriptedObjects (8ms)
			BackupInstance (0ms)
			ReleaseScriptingObjects (0ms)
			CreateAndSetChildDomain (59ms)
		EndReloadAssembly (1644ms)
			LoadAssemblies (233ms)
			RebuildTransferFunctionScriptingTraits (0ms)
			SetupTypeCache (511ms)
			ReleaseScriptCaches (2ms)
			RebuildScriptCaches (59ms)
			SetupLoadedEditorAssemblies (465ms)
				LogAssemblyErrors (0ms)
				InitializePlatformSupportModulesInManaged (8ms)
				SetLoadedEditorAssemblies (1ms)
				RefreshPlugins (1ms)
				BeforeProcessingInitializeOnLoad (126ms)
				ProcessInitializeOnLoadAttributes (296ms)
				ProcessInitializeOnLoadMethodAttributes (17ms)
				AfterProcessingInitializeOnLoad (17ms)
				EditorAssembliesLoaded (0ms)
			ExecutionOrderSort2 (0ms)
			AwakeInstancesAfterBackupRestoration (14ms)
Platform modules already initialized, skipping
Switching build target platform(19) subTarget(0) extendedPlatform(0) -> platform(13) subTarget(537395200) extendedPlatform(0)
Refreshing native plugins compatible for Editor in 1.70 ms, found 4 plugins.
Preloading 0 native plugins for Editor in 0.00 ms.
Unloading 2781 Unused Serialized files (Serialized files now loaded: 0)
System memory in use before: 117.4 MB.
System memory in use after: 117.7 MB.

Unloading 71 unused Assets to reduce memory usage. Loaded Objects now: 3266.
Total: 5.041400 ms (FindLiveObjects: 0.396600 ms CreateObjectMapping: 0.315000 ms MarkObjects: 4.282800 ms  DeleteObjects: 0.045400 ms)

AssetImportParameters requested are different than current active one (requested -> active):
  custom:framework-win-MediaFoundation: 216162199b28c13a410421893ffa2e32 -> 
  custom:video-decoder-ogg-theora: a1e56fd34408186e4bbccfd4996cb3dc -> 
  custom:container-muxer-webm: aa71ff27fc2769a1b78a27578f13a17b -> 
  custom:container-demuxer-webm: 4f35f7cbe854078d1ac9338744f61a02 -> 
  custom:container-demuxer-ogg: 62fdf1f143b41e24485cea50d1cbac27 -> 
  custom:video-encoder-webm-vp8: eb34c28f22e8b96e1ab97ce403110664 -> 
  custom:video-decoder-webm-vp8: 9c59270c3fd7afecdb556c50c9e8de78 -> 
  custom:graphics/normal-map-encoding: 01000000000000000000000000000000 -> 02000000000000000000000000000000
  custom:audio-decoder-ogg-vorbis: bf7c407c2cedff20999df2af8eb42d56 -> 
  custom:audio-encoder-webm-vorbis: bf7c407c2cedff20999df2af8eb42d56 -> 
========================================================================
Received Prepare
Registering precompiled user dll's ...
Registered in 0.017317 seconds.
Begin MonoManager ReloadAssembly
Native extension for WindowsStandalone target not found
Refreshing native plugins compatible for Editor in 2.10 ms, found 4 plugins.
Preloading 0 native plugins for Editor in 0.00 ms.
Mono: successfully reloaded assembly
- Completed reload, in  1.890 seconds
Domain Reload Profiling:
	ReloadAssembly (1891ms)
		BeginReloadAssembly (190ms)
			ExecutionOrderSort (0ms)
			DisableScriptedObjects (8ms)
			BackupInstance (0ms)
			ReleaseScriptingObjects (0ms)
			CreateAndSetChildDomain (57ms)
		EndReloadAssembly (1604ms)
			LoadAssemblies (179ms)
			RebuildTransferFunctionScriptingTraits (0ms)
			SetupTypeCache (458ms)
			ReleaseScriptCaches (2ms)
			RebuildScriptCaches (58ms)
			SetupLoadedEditorAssemblies (502ms)
				LogAssemblyErrors (0ms)
				InitializePlatformSupportModulesInManaged (8ms)
				SetLoadedEditorAssemblies (1ms)
				RefreshPlugins (2ms)
				BeforeProcessingInitializeOnLoad (126ms)
				ProcessInitializeOnLoadAttributes (332ms)
				ProcessInitializeOnLoadMethodAttributes (17ms)
				AfterProcessingInitializeOnLoad (16ms)
				EditorAssembliesLoaded (0ms)
			ExecutionOrderSort2 (0ms)
			AwakeInstancesAfterBackupRestoration (13ms)
Platform modules already initialized, skipping
Switching build target platform(19) subTarget(0) extendedPlatform(0) -> platform(13) subTarget(537395200) extendedPlatform(0)
Refreshing native plugins compatible for Editor in 1.34 ms, found 4 plugins.
Preloading 0 native plugins for Editor in 0.00 ms.
Unloading 2781 Unused Serialized files (Serialized files now loaded: 0)
System memory in use before: 117.4 MB.
System memory in use after: 117.7 MB.

Unloading 71 unused Assets to reduce memory usage. Loaded Objects now: 3268.
Total: 15.680400 ms (FindLiveObjects: 0.539500 ms CreateObjectMapping: 0.376500 ms MarkObjects: 6.108900 ms  DeleteObjects: 8.653700 ms)

AssetImportParameters requested are different than current active one (requested -> active):
  custom:framework-win-MediaFoundation: 216162199b28c13a410421893ffa2e32 -> 
  custom:video-decoder-ogg-theora: a1e56fd34408186e4bbccfd4996cb3dc -> 
  custom:container-muxer-webm: aa71ff27fc2769a1b78a27578f13a17b -> 
  custom:container-demuxer-webm: 4f35f7cbe854078d1ac9338744f61a02 -> 
  custom:container-demuxer-ogg: 62fdf1f143b41e24485cea50d1cbac27 -> 
  custom:video-encoder-webm-vp8: eb34c28f22e8b96e1ab97ce403110664 -> 
  custom:video-decoder-webm-vp8: 9c59270c3fd7afecdb556c50c9e8de78 -> 
  custom:graphics/normal-map-encoding: 01000000000000000000000000000000 -> 02000000000000000000000000000000
  custom:audio-decoder-ogg-vorbis: bf7c407c2cedff20999df2af8eb42d56 -> 
  custom:audio-encoder-webm-vorbis: bf7c407c2cedff20999df2af8eb42d56 -> 
========================================================================
Received Prepare
Registering precompiled user dll's ...
Registered in 0.016838 seconds.
Begin MonoManager ReloadAssembly
Native extension for WindowsStandalone target not found
Refreshing native plugins compatible for Editor in 2.01 ms, found 4 plugins.
Preloading 0 native plugins for Editor in 0.00 ms.
Mono: successfully reloaded assembly
- Completed reload, in  2.122 seconds
Domain Reload Profiling:
	ReloadAssembly (2123ms)
		BeginReloadAssembly (203ms)
			ExecutionOrderSort (0ms)
			DisableScriptedObjects (8ms)
			BackupInstance (0ms)
			ReleaseScriptingObjects (0ms)
			CreateAndSetChildDomain (59ms)
		EndReloadAssembly (1775ms)
			LoadAssemblies (192ms)
			RebuildTransferFunctionScriptingTraits (0ms)
			SetupTypeCache (566ms)
			ReleaseScriptCaches (2ms)
			RebuildScriptCaches (90ms)
			SetupLoadedEditorAssemblies (486ms)
				LogAssemblyErrors (0ms)
				InitializePlatformSupportModulesInManaged (7ms)
				SetLoadedEditorAssemblies (1ms)
				RefreshPlugins (2ms)
				BeforeProcessingInitializeOnLoad (123ms)
				ProcessInitializeOnLoadAttributes (324ms)
				ProcessInitializeOnLoadMethodAttributes (14ms)
				AfterProcessingInitializeOnLoad (15ms)
				EditorAssembliesLoaded (0ms)
			ExecutionOrderSort2 (0ms)
			AwakeInstancesAfterBackupRestoration (11ms)
Platform modules already initialized, skipping
Switching build target platform(19) subTarget(0) extendedPlatform(0) -> platform(13) subTarget(537395200) extendedPlatform(0)
Refreshing native plugins compatible for Editor in 1.18 ms, found 4 plugins.
Preloading 0 native plugins for Editor in 0.00 ms.
Unloading 2781 Unused Serialized files (Serialized files now loaded: 0)
System memory in use before: 117.4 MB.
System memory in use after: 117.7 MB.

Unloading 71 unused Assets to reduce memory usage. Loaded Objects now: 3270.
Total: 4.741700 ms (FindLiveObjects: 0.393100 ms CreateObjectMapping: 0.128900 ms MarkObjects: 4.170700 ms  DeleteObjects: 0.047900 ms)

AssetImportParameters requested are different than current active one (requested -> active):
  custom:framework-win-MediaFoundation: 216162199b28c13a410421893ffa2e32 -> 
  custom:video-decoder-ogg-theora: a1e56fd34408186e4bbccfd4996cb3dc -> 
  custom:container-muxer-webm: aa71ff27fc2769a1b78a27578f13a17b -> 
  custom:container-demuxer-webm: 4f35f7cbe854078d1ac9338744f61a02 -> 
  custom:container-demuxer-ogg: 62fdf1f143b41e24485cea50d1cbac27 -> 
  custom:video-encoder-webm-vp8: eb34c28f22e8b96e1ab97ce403110664 -> 
  custom:video-decoder-webm-vp8: 9c59270c3fd7afecdb556c50c9e8de78 -> 
  custom:graphics/normal-map-encoding: 01000000000000000000000000000000 -> 02000000000000000000000000000000
  custom:audio-decoder-ogg-vorbis: bf7c407c2cedff20999df2af8eb42d56 -> 
  custom:audio-encoder-webm-vorbis: bf7c407c2cedff20999df2af8eb42d56 -> 
AssetImportWorkerClient::OnTransportError - code=2 error=End of file
