Using pre-set license
Built from '2020.3/staging' branch; Version is '2020.3.21f1 (a38c86f6690f) revision 10718342'; Using compiler version '192528614'; Build Type 'Release'
OS: 'Windows 10 Home; OS build 19043.1348; Version 2009; 64bit' Language: 'en' Physical Memory: 16331 MB
BatchMode: 1, IsHumanControllingUs: 0, StartBugReporterOnCrash: 0, Is64bit: 1, IsPro: 0

COMMAND LINE ARGUMENTS:
D:\Coding\Unity\2020.3.21f1\Editor\Unity.exe
-adb2
-batchMode
-noUpm
-name
AssetImportWorker0
-projectPath
D:/Coding/TAFE/WayFinder/UnityWayfinder
-logFile
Logs/AssetImportWorker0.log
-srvPort
64190
Successfully changed project path to: D:/Coding/TAFE/WayFinder/UnityWayfinder
D:/Coding/TAFE/WayFinder/UnityWayfinder
Using Asset Import Pipeline V2.
Refreshing native plugins compatible for Editor in 112.02 ms, found 4 plugins.
Preloading 0 native plugins for Editor in 0.00 ms.
Initialize engine version: 2020.3.21f1 (a38c86f6690f)
[Subsystems] Discovering subsystems at path D:/Coding/Unity/2020.3.21f1/Editor/Data/Resources/UnitySubsystems
[Subsystems] Discovering subsystems at path D:/Coding/TAFE/WayFinder/UnityWayfinder/Assets
GfxDevice: creating device client; threaded=0
Direct3D:
    Version:  Direct3D 11.0 [level 11.1]
    Renderer: NVIDIA GeForce GTX 1080 (ID=0x1b80)
    Vendor:   
    VRAM:     8079 MB
    Driver:   30.0.14.7212
Initialize mono
Mono path[0] = 'D:/Coding/Unity/2020.3.21f1/Editor/Data/Managed'
Mono path[1] = 'D:/Coding/Unity/2020.3.21f1/Editor/Data/MonoBleedingEdge/lib/mono/unityjit'
Mono config path = 'D:/Coding/Unity/2020.3.21f1/Editor/Data/MonoBleedingEdge/etc'
Using monoOptions --debugger-agent=transport=dt_socket,embedding=1,server=y,suspend=n,address=127.0.0.1:56940
Begin MonoManager ReloadAssembly
Registering precompiled unity dll's ...
Register platform support module: D:/Coding/Unity/2020.3.21f1/Editor/Data/PlaybackEngines/WebGLSupport/UnityEditor.WebGL.Extensions.dll
Register platform support module: D:/Coding/Unity/2020.3.21f1/Editor/Data/PlaybackEngines/WindowsStandaloneSupport/UnityEditor.WindowsStandalone.Extensions.dll
Registered in 0.001381 seconds.
Native extension for WindowsStandalone target not found
Native extension for WebGL target not found
Refreshing native plugins compatible for Editor in 108.35 ms, found 4 plugins.
Preloading 0 native plugins for Editor in 0.00 ms.
Mono: successfully reloaded assembly
- Completed reload, in  3.165 seconds
Domain Reload Profiling:
	ReloadAssembly (3166ms)
		BeginReloadAssembly (77ms)
			ExecutionOrderSort (0ms)
			DisableScriptedObjects (0ms)
			BackupInstance (0ms)
			ReleaseScriptingObjects (0ms)
			CreateAndSetChildDomain (1ms)
		EndReloadAssembly (562ms)
			LoadAssemblies (77ms)
			RebuildTransferFunctionScriptingTraits (0ms)
			SetupTypeCache (169ms)
			ReleaseScriptCaches (0ms)
			RebuildScriptCaches (47ms)
			SetupLoadedEditorAssemblies (244ms)
				LogAssemblyErrors (0ms)
				InitializePlatformSupportModulesInManaged (5ms)
				SetLoadedEditorAssemblies (1ms)
				RefreshPlugins (108ms)
				BeforeProcessingInitializeOnLoad (16ms)
				ProcessInitializeOnLoadAttributes (85ms)
				ProcessInitializeOnLoadMethodAttributes (28ms)
				AfterProcessingInitializeOnLoad (0ms)
				EditorAssembliesLoaded (0ms)
			ExecutionOrderSort2 (0ms)
			AwakeInstancesAfterBackupRestoration (0ms)
Platform modules already initialized, skipping
Registering precompiled user dll's ...
Registered in 0.013029 seconds.
Begin MonoManager ReloadAssembly
Symbol file LoadedFromMemory is not a mono symbol file
Error: Could not load signature of Unity.UI.Builder.BuilderTextShadow:.ctor due to: Could not resolve type with token 01000099 (from typeref, class/assembly UnityEngine.UIElements.StyleTextShadow, UnityEngine.UIElementsModule, Version=1.0.0.0, Culture=neutral, PublicKeyToken=null) assembly:UnityEngine.UIElementsModule, Version=1.0.0.0, Culture=neutral, PublicKeyToken=null type:UnityEngine.UIElements.StyleTextShadow member:(null) signature:<none>
0x00007ff77f50b6fc (Unity) StackWalker::GetCurrentCallstack
0x00007ff77f513d99 (Unity) StackWalker::ShowCallstack
0x00007ff780a41cac (Unity) GetStacktrace
0x00007ff781b75ab3 (Unity) DebugStringToFile
0x00007ff77f32037b (Unity) ScanForAttributesAndInterfaceImplementations
0x00007ff77f341183 (Unity) MonoManager::SetupTypeCache
0x00007ff77f337a13 (Unity) MonoManager::EndReloadAssembly
0x00007ff77f33ed37 (Unity) MonoManager::ReloadAssembly
0x00007ff78073c9a1 (Unity) LoadDomainAndUserAssemblies
0x00007ff78073ce4e (Unity) LoadUserAssemblies
0x00007ff78009b041 (Unity) Application::InitializeProject
0x00007ff780a4f212 (Unity) WinMain
0x00007ff7828adef6 (Unity) __scrt_common_main_seh
0x00007ffeec2f7034 (KERNEL32) BaseThreadInitThunk
0x00007ffeed162651 (ntdll) RtlUserThreadStart

Error: Could not load signature of Samples.Runtime.Events.ClickEventSample:SetPanelSettings due to: Could not resolve type with token 010000be (from typeref, class/assembly UnityEngine.UIElements.PanelSettings, UnityEngine.UIElementsModule, Version=1.0.0.0, Culture=neutral, PublicKeyToken=null) assembly:UnityEngine.UIElementsModule, Version=1.0.0.0, Culture=neutral, PublicKeyToken=null type:UnityEngine.UIElements.PanelSettings member:(null) signature:<none>
0x00007ff77f50b6fc (Unity) StackWalker::GetCurrentCallstack
0x00007ff77f513d99 (Unity) StackWalker::ShowCallstack
0x00007ff780a41cac (Unity) GetStacktrace
0x00007ff781b75ab3 (Unity) DebugStringToFile
0x00007ff77f32037b (Unity) ScanForAttributesAndInterfaceImplementations
0x00007ff77f341183 (Unity) MonoManager::SetupTypeCache
0x00007ff77f337a13 (Unity) MonoManager::EndReloadAssembly
0x00007ff77f33ed37 (Unity) MonoManager::ReloadAssembly
0x00007ff78073c9a1 (Unity) LoadDomainAndUserAssemblies
0x00007ff78073ce4e (Unity) LoadUserAssemblies
0x00007ff78009b041 (Unity) Application::InitializeProject
0x00007ff780a4f212 (Unity) WinMain
0x00007ff7828adef6 (Unity) __scrt_common_main_seh
0x00007ffeec2f7034 (KERNEL32) BaseThreadInitThunk
0x00007ffeed162651 (ntdll) RtlUserThreadStart

The scripted importer 'UIElementsViewImporter' attempted to register file type '.uxml', which is handled by a native Unity importer. Registration rejected.
0x00007ff77f50b6fc (Unity) StackWalker::GetCurrentCallstack
0x00007ff77f513d99 (Unity) StackWalker::ShowCallstack
0x00007ff780a41cac (Unity) GetStacktrace
0x00007ff781b75ab3 (Unity) DebugStringToFile
0x00007ff780aff92d (Unity) AssetDatabase::RegisterScriptedImporter
0x00007ff7800e3c83 (Unity) AssetImporterBindings::RegisterImporter
0x00007ff7812182bb (Unity) AssetImporter_CUSTOM_RegisterImporter
0x000002548e06fdc5 (Mono JIT Code) (wrapper managed-to-native) UnityEditor.AssetImporter:RegisterImporter (System.Type,int,int,string,bool,bool,bool)
0x000002548df8164b (Mono JIT Code) UnityEditor.AssetImporters.ScriptedImporter:RegisterScriptedImporters ()
0x000002548dfc77b5 (Mono JIT Code) (wrapper runtime-invoke) object:runtime_invoke_void (object,intptr,intptr,intptr)
0x00007ffe6613f280 (mono-2.0-bdwgc) [mini-runtime.c:2827] mono_jit_runtime_invoke 
0x00007ffe660c2ac2 (mono-2.0-bdwgc) [object.c:2921] do_runtime_invoke 
0x00007ffe660cbb1f (mono-2.0-bdwgc) [object.c:2968] mono_runtime_invoke 
0x00007ff77f3929c4 (Unity) scripting_method_invoke
0x00007ff77f38aeb5 (Unity) ScriptingInvocation::Invoke
0x00007ff780cae7a0 (Unity) ScriptedImporter::RegisterImporters
0x00007ff77f337a19 (Unity) MonoManager::EndReloadAssembly
0x00007ff77f33ed37 (Unity) MonoManager::ReloadAssembly
0x00007ff78073c9a1 (Unity) LoadDomainAndUserAssemblies
0x00007ff78073ce4e (Unity) LoadUserAssemblies
0x00007ff78009b041 (Unity) Application::InitializeProject
0x00007ff780a4f212 (Unity) WinMain
0x00007ff7828adef6 (Unity) __scrt_common_main_seh
0x00007ffeec2f7034 (KERNEL32) BaseThreadInitThunk
0x00007ffeed162651 (ntdll) RtlUserThreadStart

The scripted importer 'StyleSheetImporter' attempted to register file type '.uss', which is handled by a native Unity importer. Registration rejected.
0x00007ff77f50b6fc (Unity) StackWalker::GetCurrentCallstack
0x00007ff77f513d99 (Unity) StackWalker::ShowCallstack
0x00007ff780a41cac (Unity) GetStacktrace
0x00007ff781b75ab3 (Unity) DebugStringToFile
0x00007ff780aff92d (Unity) AssetDatabase::RegisterScriptedImporter
0x00007ff7800e3c83 (Unity) AssetImporterBindings::RegisterImporter
0x00007ff7812182bb (Unity) AssetImporter_CUSTOM_RegisterImporter
0x000002548e06fdc5 (Mono JIT Code) (wrapper managed-to-native) UnityEditor.AssetImporter:RegisterImporter (System.Type,int,int,string,bool,bool,bool)
0x000002548df8164b (Mono JIT Code) UnityEditor.AssetImporters.ScriptedImporter:RegisterScriptedImporters ()
0x000002548dfc77b5 (Mono JIT Code) (wrapper runtime-invoke) object:runtime_invoke_void (object,intptr,intptr,intptr)
0x00007ffe6613f280 (mono-2.0-bdwgc) [mini-runtime.c:2827] mono_jit_runtime_invoke 
0x00007ffe660c2ac2 (mono-2.0-bdwgc) [object.c:2921] do_runtime_invoke 
0x00007ffe660cbb1f (mono-2.0-bdwgc) [object.c:2968] mono_runtime_invoke 
0x00007ff77f3929c4 (Unity) scripting_method_invoke
0x00007ff77f38aeb5 (Unity) ScriptingInvocation::Invoke
0x00007ff780cae7a0 (Unity) ScriptedImporter::RegisterImporters
0x00007ff77f337a19 (Unity) MonoManager::EndReloadAssembly
0x00007ff77f33ed37 (Unity) MonoManager::ReloadAssembly
0x00007ff78073c9a1 (Unity) LoadDomainAndUserAssemblies
0x00007ff78073ce4e (Unity) LoadUserAssemblies
0x00007ff78009b041 (Unity) Application::InitializeProject
0x00007ff780a4f212 (Unity) WinMain
0x00007ff7828adef6 (Unity) __scrt_common_main_seh
0x00007ffeec2f7034 (KERNEL32) BaseThreadInitThunk
0x00007ffeed162651 (ntdll) RtlUserThreadStart

The scripted importer 'ThemeStyleSheetImporter' attempted to register file type '.tss', which is handled by a native Unity importer. Registration rejected.
0x00007ff77f50b6fc (Unity) StackWalker::GetCurrentCallstack
0x00007ff77f513d99 (Unity) StackWalker::ShowCallstack
0x00007ff780a41cac (Unity) GetStacktrace
0x00007ff781b75ab3 (Unity) DebugStringToFile
0x00007ff780aff92d (Unity) AssetDatabase::RegisterScriptedImporter
0x00007ff7800e3c83 (Unity) AssetImporterBindings::RegisterImporter
0x00007ff7812182bb (Unity) AssetImporter_CUSTOM_RegisterImporter
0x000002548e06fdc5 (Mono JIT Code) (wrapper managed-to-native) UnityEditor.AssetImporter:RegisterImporter (System.Type,int,int,string,bool,bool,bool)
0x000002548df8164b (Mono JIT Code) UnityEditor.AssetImporters.ScriptedImporter:RegisterScriptedImporters ()
0x000002548dfc77b5 (Mono JIT Code) (wrapper runtime-invoke) object:runtime_invoke_void (object,intptr,intptr,intptr)
0x00007ffe6613f280 (mono-2.0-bdwgc) [mini-runtime.c:2827] mono_jit_runtime_invoke 
0x00007ffe660c2ac2 (mono-2.0-bdwgc) [object.c:2921] do_runtime_invoke 
0x00007ffe660cbb1f (mono-2.0-bdwgc) [object.c:2968] mono_runtime_invoke 
0x00007ff77f3929c4 (Unity) scripting_method_invoke
0x00007ff77f38aeb5 (Unity) ScriptingInvocation::Invoke
0x00007ff780cae7a0 (Unity) ScriptedImporter::RegisterImporters
0x00007ff77f337a19 (Unity) MonoManager::EndReloadAssembly
0x00007ff77f33ed37 (Unity) MonoManager::ReloadAssembly
0x00007ff78073c9a1 (Unity) LoadDomainAndUserAssemblies
0x00007ff78073ce4e (Unity) LoadUserAssemblies
0x00007ff78009b041 (Unity) Application::InitializeProject
0x00007ff780a4f212 (Unity) WinMain
0x00007ff7828adef6 (Unity) __scrt_common_main_seh
0x00007ffeec2f7034 (KERNEL32) BaseThreadInitThunk
0x00007ffeed162651 (ntdll) RtlUserThreadStart

ArgumentException: An item with the same key has already been added. Key: UnityEditor.UIElements.EditorAtlasMonitorInjector
Parameter name: key
  at System.Collections.Generic.SortedList`2[TKey,TValue].Add (TKey key, TValue value) [0x00041] in <0463b2ef957545c0a51b42f372cd4fbb>:0 
  at UnityEditor.AssetPostprocessingInternal.GetTextureProcessorsHashString () [0x000a2] in <208f92fc783546f9abbe643bfc23920c>:0 
UnityEngine.DebugLogHandler:Internal_LogException(Exception, Object)
UnityEngine.DebugLogHandler:LogException(Exception, Object)
UnityEngine.Logger:LogException(Exception, Object)
UnityEngine.Debug:LogException(Exception)
UnityEditor.AssetPostprocessingInternal:GetTextureProcessorsHashString()

Could not load signature of Samples.Runtime.Events.ClickEventSample:SetPanelSettings due to: Could not resolve type with token 010000be (from typeref, class/assembly UnityEngine.UIElements.PanelSettings, UnityEngine.UIElementsModule, Version=1.0.0.0, Culture=neutral, PublicKeyToken=null) assembly:UnityEngine.UIElementsModule, Version=1.0.0.0, Culture=neutral, PublicKeyToken=null type:UnityEngine.UIElements.PanelSettings member:(null) signature:<none>
Could not load signature of Samples.Runtime.Events.ClickEventSample:InitializeVisualTree due to: Could not resolve type with token 010000c0 (from typeref, class/assembly UnityEngine.UIElements.UIDocument, UnityEngine.UIElementsModule, Version=1.0.0.0, Culture=neutral, PublicKeyToken=null) assembly:UnityEngine.UIElementsModule, Version=1.0.0.0, Culture=neutral, PublicKeyToken=null type:UnityEngine.UIElements.UIDocument member:(null) signature:<none>
Unloading broken assembly Library/ScriptAssemblies/UnityEditor.UIBuilderModule.dll, this assembly can cause crashes in the runtime
0x00007ff77f50b6fc (Unity) StackWalker::GetCurrentCallstack
0x00007ff77f513d99 (Unity) StackWalker::ShowCallstack
0x00007ff780a41cac (Unity) GetStacktrace
0x00007ff781b75ab3 (Unity) DebugStringToFile
0x00007ff77f340965 (Unity) MonoManager::SetupLoadedEditorAssemblies
0x00007ff77f337da1 (Unity) MonoManager::EndReloadAssembly
0x00007ff77f33ed37 (Unity) MonoManager::ReloadAssembly
0x00007ff78073c9a1 (Unity) LoadDomainAndUserAssemblies
0x00007ff78073ce4e (Unity) LoadUserAssemblies
0x00007ff78009b041 (Unity) Application::InitializeProject
0x00007ff780a4f212 (Unity) WinMain
0x00007ff7828adef6 (Unity) __scrt_common_main_seh
0x00007ffeec2f7034 (KERNEL32) BaseThreadInitThunk
0x00007ffeed162651 (ntdll) RtlUserThreadStart

Unloading broken assembly Library/ScriptAssemblies/Assembly-CSharp.dll, this assembly can cause crashes in the runtime
0x00007ff77f50b6fc (Unity) StackWalker::GetCurrentCallstack
0x00007ff77f513d99 (Unity) StackWalker::ShowCallstack
0x00007ff780a41cac (Unity) GetStacktrace
0x00007ff781b75ab3 (Unity) DebugStringToFile
0x00007ff77f340965 (Unity) MonoManager::SetupLoadedEditorAssemblies
0x00007ff77f337da1 (Unity) MonoManager::EndReloadAssembly
0x00007ff77f33ed37 (Unity) MonoManager::ReloadAssembly
0x00007ff78073c9a1 (Unity) LoadDomainAndUserAssemblies
0x00007ff78073ce4e (Unity) LoadUserAssemblies
0x00007ff78009b041 (Unity) Application::InitializeProject
0x00007ff780a4f212 (Unity) WinMain
0x00007ff7828adef6 (Unity) __scrt_common_main_seh
0x00007ffeec2f7034 (KERNEL32) BaseThreadInitThunk
0x00007ffeed162651 (ntdll) RtlUserThreadStart

Native extension for WindowsStandalone target not found
Native extension for WebGL target not found
Refreshing native plugins compatible for Editor in 106.12 ms, found 4 plugins.
Preloading 0 native plugins for Editor in 0.00 ms.
ASSEMBLY OVERRIDES: * override found for Unity assembly UnityEngine.UIElementsModule.dll (override path Library/ScriptAssemblies/UnityEngine.UIElementsModule.dll)
ASSEMBLY OVERRIDES: * override found for Unity assembly UnityEditor.UIElementsModule.dll (override path Library/ScriptAssemblies/UnityEditor.UIElementsModule.dll)
System.Reflection.TargetInvocationException: Exception has been thrown by the target of an invocation. ---> UnityEngine.UnityException: The MakeClientFunc has already been registered. Registration denied.
  at UnityEngine.UIElements.DragAndDropUtility.RegisterMakeClientFunc (System.Func`1[TResult] makeClient) [0x00017] in <4c8a9874288b4fb78fa7fdbcd8065b00>:0 
  at UnityEditor.UIElements.EditorDragAndDrop.RegisterEditorClient () [0x0000a] in <1ada6c7052bb42378c5ec1bd01fc4723>:0 
  at (wrapper managed-to-native) System.Reflection.MonoMethod.InternalInvoke(System.Reflection.MonoMethod,object,object[],System.Exception&)
  at System.Reflection.MonoMethod.Invoke (System.Object obj, System.Reflection.BindingFlags invokeAttr, System.Reflection.Binder binder, System.Object[] parameters, System.Globalization.CultureInfo culture) [0x00032] in <695d1cc93cca45069c528c15c9fdd749>:0 
   --- End of inner exception stack trace ---
  at System.Reflection.MonoMethod.Invoke (System.Object obj, System.Reflection.BindingFlags invokeAttr, System.Reflection.Binder binder, System.Object[] parameters, System.Globalization.CultureInfo culture) [0x00048] in <695d1cc93cca45069c528c15c9fdd749>:0 
  at System.Reflection.MethodBase.Invoke (System.Object obj, System.Object[] parameters) [0x00000] in <695d1cc93cca45069c528c15c9fdd749>:0 
  at UnityEditor.EditorAssemblies.ProcessInitializeOnLoadMethodAttributes () [0x00047] in <208f92fc783546f9abbe643bfc23920c>:0 
0x00007ff77f50b6fc (Unity) StackWalker::GetCurrentCallstack
0x00007ff77f513d99 (Unity) StackWalker::ShowCallstack
0x00007ff780a41cac (Unity) GetStacktrace
0x00007ff781b75ab3 (Unity) DebugStringToFile
0x00007ff77f5e6946 (Unity) DebugLogHandler_CUSTOM_Internal_Log
0x00000254a3780d8b (Mono JIT Code) (wrapper managed-to-native) UnityEngine.DebugLogHandler:Internal_Log (UnityEngine.LogType,UnityEngine.LogOption,string,UnityEngine.Object)
0x00000254a378098b (Mono JIT Code) UnityEngine.DebugLogHandler:LogFormat (UnityEngine.LogType,UnityEngine.Object,string,object[])
0x00000254a377f14e (Mono JIT Code) UnityEngine.Logger:Log (UnityEngine.LogType,object)
0x00000254a377eeaa (Mono JIT Code) UnityEngine.Debug:LogError (object)
0x00000254a376679b (Mono JIT Code) UnityEditor.EditorAssemblies:ProcessInitializeOnLoadMethodAttributes ()
0x000002548dfc77b5 (Mono JIT Code) (wrapper runtime-invoke) object:runtime_invoke_void (object,intptr,intptr,intptr)
0x00007ffe6613f280 (mono-2.0-bdwgc) [mini-runtime.c:2827] mono_jit_runtime_invoke 
0x00007ffe660c2ac2 (mono-2.0-bdwgc) [object.c:2921] do_runtime_invoke 
0x00007ffe660cbb1f (mono-2.0-bdwgc) [object.c:2968] mono_runtime_invoke 
0x00007ff77f3929c4 (Unity) scripting_method_invoke
0x00007ff77f38aeb5 (Unity) ScriptingInvocation::Invoke
0x00007ff77f3839f5 (Unity) ScriptingInvocation::Invoke<void>
0x00007ff77d9cd4f2 (Unity) Scripting::UnityEditor::EditorAssembliesProxy::ProcessInitializeOnLoadMethodAttributes
0x00007ff77f340cf3 (Unity) MonoManager::SetupLoadedEditorAssemblies
0x00007ff77f337da1 (Unity) MonoManager::EndReloadAssembly
0x00007ff77f33ed37 (Unity) MonoManager::ReloadAssembly
0x00007ff78073c9a1 (Unity) LoadDomainAndUserAssemblies
0x00007ff78073ce4e (Unity) LoadUserAssemblies
0x00007ff78009b041 (Unity) Application::InitializeProject
0x00007ff780a4f212 (Unity) WinMain
0x00007ff7828adef6 (Unity) __scrt_common_main_seh
0x00007ffeec2f7034 (KERNEL32) BaseThreadInitThunk
0x00007ffeed162651 (ntdll) RtlUserThreadStart

ASSEMBLY OVERRIDES: * override found for Unity assembly UnityEngine.UIElementsModule.dll (override path Library/ScriptAssemblies/UnityEngine.UIElementsModule.dll)
ASSEMBLY OVERRIDES: * override found for Unity assembly UnityEditor.UIElementsModule.dll (override path Library/ScriptAssemblies/UnityEditor.UIElementsModule.dll)
Mono: successfully reloaded assembly
- Completed reload, in  2.172 seconds
Domain Reload Profiling:
	ReloadAssembly (2173ms)
		BeginReloadAssembly (214ms)
			ExecutionOrderSort (0ms)
			DisableScriptedObjects (5ms)
			BackupInstance (0ms)
			ReleaseScriptingObjects (0ms)
			CreateAndSetChildDomain (41ms)
		EndReloadAssembly (1902ms)
			LoadAssemblies (153ms)
			RebuildTransferFunctionScriptingTraits (0ms)
			SetupTypeCache (957ms)
			ReleaseScriptCaches (1ms)
			RebuildScriptCaches (77ms)
			SetupLoadedEditorAssemblies (524ms)
				LogAssemblyErrors (3ms)
				InitializePlatformSupportModulesInManaged (7ms)
				SetLoadedEditorAssemblies (0ms)
				RefreshPlugins (106ms)
				BeforeProcessingInitializeOnLoad (105ms)
				ProcessInitializeOnLoadAttributes (248ms)
				ProcessInitializeOnLoadMethodAttributes (52ms)
				AfterProcessingInitializeOnLoad (3ms)
				EditorAssembliesLoaded (0ms)
			ExecutionOrderSort2 (0ms)
			AwakeInstancesAfterBackupRestoration (7ms)
Platform modules already initialized, skipping
========================================================================
Worker process is ready to serve import requests
Launched and connected shader compiler UnityShaderCompiler.exe after 0.07 seconds
Refreshing native plugins compatible for Editor in 1.10 ms, found 4 plugins.
Preloading 0 native plugins for Editor in 0.00 ms.
Unloading 3464 Unused Serialized files (Serialized files now loaded: 0)
System memory in use before: 141.3 MB.
System memory in use after: 141.5 MB.

Unloading 84 unused Assets to reduce memory usage. Loaded Objects now: 3849.
Total: 3.550800 ms (FindLiveObjects: 0.337000 ms CreateObjectMapping: 0.199000 ms MarkObjects: 2.904500 ms  DeleteObjects: 0.109100 ms)

AssetImportParameters requested are different than current active one (requested -> active):
  custom:framework-win-MediaFoundation: 216162199b28c13a410421893ffa2e32 -> 
  custom:video-decoder-ogg-theora: a1e56fd34408186e4bbccfd4996cb3dc -> 
  custom:container-muxer-webm: aa71ff27fc2769a1b78a27578f13a17b -> 
  custom:container-demuxer-webm: 4f35f7cbe854078d1ac9338744f61a02 -> 
  custom:container-demuxer-ogg: 62fdf1f143b41e24485cea50d1cbac27 -> 
  custom:video-encoder-webm-vp8: eb34c28f22e8b96e1ab97ce403110664 -> 
  custom:video-decoder-webm-vp8: 9c59270c3fd7afecdb556c50c9e8de78 -> 
  custom:audio-decoder-ogg-vorbis: bf7c407c2cedff20999df2af8eb42d56 -> 
  custom:audio-encoder-webm-vorbis: bf7c407c2cedff20999df2af8eb42d56 -> 
========================================================================
Received Import Request.
  path: Assets/ThirdPartyAssets/WoLfulus/LineEnding/Editor
  artifactKey: Guid(61a1b1c75661f7949a65807110037a40) Importer(815301076,1909f56bfc062723c751e8b465ee728b)
Start importing Assets/ThirdPartyAssets/WoLfulus/LineEnding/Editor using Guid(61a1b1c75661f7949a65807110037a40) Importer(815301076,1909f56bfc062723c751e8b465ee728b)  -> (artifact id: '364bef0f27117f0dd5596c195cfc9280') in 0.011524 seconds 
  Import took 0.017283 seconds .

========================================================================
Received Import Request.
  Time since last request: 0.000187 seconds.
  path: Assets/ThirdPartyAssets/WoLfulus/LineEnding
  artifactKey: Guid(460f08d286db7064f87b580a784ba0de) Importer(815301076,1909f56bfc062723c751e8b465ee728b)
Start importing Assets/ThirdPartyAssets/WoLfulus/LineEnding using Guid(460f08d286db7064f87b580a784ba0de) Importer(815301076,1909f56bfc062723c751e8b465ee728b)  -> (artifact id: '24f5f1d002a8b3c234b95aa65ec303ce') in 0.012621 seconds 
  Import took 0.018505 seconds .

========================================================================
Received Import Request.
  Time since last request: 0.000208 seconds.
  path: Assets/ThirdPartyAssets
  artifactKey: Guid(1c53db7b913fa4764b6a46ca1dd8fc39) Importer(815301076,1909f56bfc062723c751e8b465ee728b)
Start importing Assets/ThirdPartyAssets using Guid(1c53db7b913fa4764b6a46ca1dd8fc39) Importer(815301076,1909f56bfc062723c751e8b465ee728b)  -> (artifact id: '6e5800d7e0390180475f9d6076962fa4') in 0.013399 seconds 
  Import took 0.020483 seconds .

========================================================================
Received Import Request.
  Time since last request: 0.000120 seconds.
  path: Assets/ThirdPartyAssets/WoLfulus
  artifactKey: Guid(8134eca76f1ac42458f5d4cfdb8b4266) Importer(815301076,1909f56bfc062723c751e8b465ee728b)
Start importing Assets/ThirdPartyAssets/WoLfulus using Guid(8134eca76f1ac42458f5d4cfdb8b4266) Importer(815301076,1909f56bfc062723c751e8b465ee728b)  -> (artifact id: '74eb01edc5ad9c223a65c00511499655') in 0.009395 seconds 
  Import took 0.015333 seconds .

========================================================================
Received Import Request.
  Time since last request: 1.250962 seconds.
  path: Assets/ThirdPartyAssets/WoLfulus/LineEnding/Documentation
  artifactKey: Guid(f1709b7b4aaad8547ae8aecb2312cbd6) Importer(815301076,1909f56bfc062723c751e8b465ee728b)
Start importing Assets/ThirdPartyAssets/WoLfulus/LineEnding/Documentation using Guid(f1709b7b4aaad8547ae8aecb2312cbd6) Importer(815301076,1909f56bfc062723c751e8b465ee728b)  -> (artifact id: '72d7399ffbd3d37f951e7e81ae9c13be') in 0.009585 seconds 
  Import took 0.014657 seconds .

========================================================================
Received Import Request.
  Time since last request: 2.007482 seconds.
  path: Assets/ThirdPartyAssets/WoLfulus/LineEnding/Documentation/Documentation.html
  artifactKey: Guid(f972ffd62a978474287a70b8e17d7049) Importer(815301076,1909f56bfc062723c751e8b465ee728b)
Start importing Assets/ThirdPartyAssets/WoLfulus/LineEnding/Documentation/Documentation.html using Guid(f972ffd62a978474287a70b8e17d7049) Importer(815301076,1909f56bfc062723c751e8b465ee728b)  -> (artifact id: '1bf006e7b8027d674ea900b0b9a40cf8') in 0.052889 seconds 
  Import took 0.058984 seconds .

========================================================================
Received Import Request.
  Time since last request: 3.890977 seconds.
  path: Assets/ThirdPartyAssets/WoLfulus/LineEnding/Documentation/Documentation.md
  artifactKey: Guid(60dfa05c841f3fd428301f4c53ef1d8c) Importer(815301076,1909f56bfc062723c751e8b465ee728b)
Start importing Assets/ThirdPartyAssets/WoLfulus/LineEnding/Documentation/Documentation.md using Guid(60dfa05c841f3fd428301f4c53ef1d8c) Importer(815301076,1909f56bfc062723c751e8b465ee728b)  -> (artifact id: '05cebb77e6de2d358f87aa78ed630bfa') in 0.006761 seconds 
  Import took 0.012773 seconds .

========================================================================
Received Import Request.
  Time since last request: 1.792529 seconds.
  path: Assets/ThirdPartyAssets/WoLfulus/LineEnding/Documentation/Documentation.pdf
  artifactKey: Guid(8e3f231d606836d47bf6cc739fe46b84) Importer(815301076,1909f56bfc062723c751e8b465ee728b)
Start importing Assets/ThirdPartyAssets/WoLfulus/LineEnding/Documentation/Documentation.pdf using Guid(8e3f231d606836d47bf6cc739fe46b84) Importer(815301076,1909f56bfc062723c751e8b465ee728b)  -> (artifact id: '1ee7fdbdd482a8e6886212d3f4081c93') in 0.009590 seconds 
  Import took 0.014882 seconds .

========================================================================
Received Import Request.
  Time since last request: 1.706575 seconds.
  path: Assets/ThirdPartyAssets/WoLfulus/LineEnding/Documentation/Images
  artifactKey: Guid(e44efaf0c62589845829e28d295e4c5d) Importer(815301076,1909f56bfc062723c751e8b465ee728b)
Start importing Assets/ThirdPartyAssets/WoLfulus/LineEnding/Documentation/Images using Guid(e44efaf0c62589845829e28d295e4c5d) Importer(815301076,1909f56bfc062723c751e8b465ee728b)  -> (artifact id: '2b40cbb4750219effdcb8a3e7e78b120') in 0.007682 seconds 
  Import took 0.015188 seconds .

========================================================================
Received Import Request.
  Time since last request: 0.058549 seconds.
  path: Assets/ThirdPartyAssets/WoLfulus/LineEnding/Documentation/Images/settings.png
  artifactKey: Guid(bd2078584a71a604ba5291f0213c11d2) Importer(815301076,1909f56bfc062723c751e8b465ee728b)
Start importing Assets/ThirdPartyAssets/WoLfulus/LineEnding/Documentation/Images/settings.png using Guid(bd2078584a71a604ba5291f0213c11d2) Importer(815301076,1909f56bfc062723c751e8b465ee728b) Diagnostics callstack to track who triggered the sub-import:
0x00007ff780c13cf2 (Unity) ImporterAssetResolver::ResolveAsset
0x00007ff780bdf312 (Unity) ResolveArtifactV2
0x00007ff780bfecd0 (Unity) ImportToObjects
0x00007ff780bfe0d8 (Unity) ImportAsset
0x00007ff780b5fe38 (Unity) AssetImportWorker::Import
0x00007ff780bb31ca (Unity) <lambda_7448d646502792db0127dc89657ec83e>::operator()
0x00007ff780c578a2 (Unity) asio::detail::completion_handler<core::mutable_function<void __cdecl(void)> >::do_complete
0x00007ff780c59a00 (Unity) asio::detail::win_iocp_io_service::do_one
0x00007ff780c5d18e (Unity) asio::io_service::run
0x00007ff780be002b (Unity) RunAssetImportWorkerClientV2
0x00007ff780be0080 (Unity) RunAssetImporterV2
0x00007ff78009b046 (Unity) Application::InitializeProject
0x00007ff780a4f212 (Unity) WinMain
0x00007ff7828adef6 (Unity) __scrt_common_main_seh
0x00007ffeec2f7034 (KERNEL32) BaseThreadInitThunk
0x00007ffeed162651 (ntdll) RtlUserThreadStart

Requesting import of Guid(bd2078584a71a604ba5291f0213c11d2) Importer(-1,00000000000000000000000000000000), Assets/ThirdPartyAssets/WoLfulus/LineEnding/Documentation/Images/settings.png from editor
Resuming Guid(bd2078584a71a604ba5291f0213c11d2) Importer(-1,00000000000000000000000000000000) -> ea0e8da561ff9b3c3e56ed96177aebd8 
Assertion failed on expression: 'state.state == kUpToDate'
0x00007ff77f50b6fc (Unity) StackWalker::GetCurrentCallstack
0x00007ff77f513d99 (Unity) StackWalker::ShowCallstack
0x00007ff780a41cac (Unity) GetStacktrace
0x00007ff781b75ab3 (Unity) DebugStringToFile
0x00007ff781b757b2 (Unity) AssertImplementation
0x00007ff780c13d9a (Unity) ImporterAssetResolver::ResolveAsset
0x00007ff780bdf312 (Unity) ResolveArtifactV2
0x00007ff780bfecd0 (Unity) ImportToObjects
0x00007ff780bfe0d8 (Unity) ImportAsset
0x00007ff780b5fe38 (Unity) AssetImportWorker::Import
0x00007ff780bb31ca (Unity) <lambda_7448d646502792db0127dc89657ec83e>::operator()
0x00007ff780c578a2 (Unity) asio::detail::completion_handler<core::mutable_function<void __cdecl(void)> >::do_complete
0x00007ff780c59a00 (Unity) asio::detail::win_iocp_io_service::do_one
0x00007ff780c5d18e (Unity) asio::io_service::run
0x00007ff780be002b (Unity) RunAssetImportWorkerClientV2
0x00007ff780be0080 (Unity) RunAssetImporterV2
0x00007ff78009b046 (Unity) Application::InitializeProject
0x00007ff780a4f212 (Unity) WinMain
0x00007ff7828adef6 (Unity) __scrt_common_main_seh
0x00007ffeec2f7034 (KERNEL32) BaseThreadInitThunk
0x00007ffeed162651 (ntdll) RtlUserThreadStart

Assertion failed on expression: 'state.artifactID == result'
0x00007ff77f50b6fc (Unity) StackWalker::GetCurrentCallstack
0x00007ff77f513d99 (Unity) StackWalker::ShowCallstack
0x00007ff780a41cac (Unity) GetStacktrace
0x00007ff781b75ab3 (Unity) DebugStringToFile
0x00007ff781b757b2 (Unity) AssertImplementation
0x00007ff780c13dd2 (Unity) ImporterAssetResolver::ResolveAsset
0x00007ff780bdf312 (Unity) ResolveArtifactV2
0x00007ff780bfecd0 (Unity) ImportToObjects
0x00007ff780bfe0d8 (Unity) ImportAsset
0x00007ff780b5fe38 (Unity) AssetImportWorker::Import
0x00007ff780bb31ca (Unity) <lambda_7448d646502792db0127dc89657ec83e>::operator()
0x00007ff780c578a2 (Unity) asio::detail::completion_handler<core::mutable_function<void __cdecl(void)> >::do_complete
0x00007ff780c59a00 (Unity) asio::detail::win_iocp_io_service::do_one
0x00007ff780c5d18e (Unity) asio::io_service::run
0x00007ff780be002b (Unity) RunAssetImportWorkerClientV2
0x00007ff780be0080 (Unity) RunAssetImporterV2
0x00007ff78009b046 (Unity) Application::InitializeProject
0x00007ff780a4f212 (Unity) WinMain
0x00007ff7828adef6 (Unity) __scrt_common_main_seh
0x00007ffeec2f7034 (KERNEL32) BaseThreadInitThunk
0x00007ffeed162651 (ntdll) RtlUserThreadStart

Diagnostics callstack to track who triggered the sub-import:
0x00007ff780c13cf2 (Unity) ImporterAssetResolver::ResolveAsset
0x00007ff780bdf312 (Unity) ResolveArtifactV2
0x00007ff780bd60d1 (Unity) ProduceArtifactV2
0x00007ff780b24dfe (Unity) AssetDatabase::ProduceArtifact
0x00007ff780b09fa8 (Unity) PreviewImporter::GenerateAssetData
0x00007ff780bff099 (Unity) ImportToObjects
0x00007ff780bfe0d8 (Unity) ImportAsset
0x00007ff780b5fe38 (Unity) AssetImportWorker::Import
0x00007ff780bb31ca (Unity) <lambda_7448d646502792db0127dc89657ec83e>::operator()
0x00007ff780c578a2 (Unity) asio::detail::completion_handler<core::mutable_function<void __cdecl(void)> >::do_complete
0x00007ff780c59a00 (Unity) asio::detail::win_iocp_io_service::do_one
0x00007ff780c5d18e (Unity) asio::io_service::run
0x00007ff780be002b (Unity) RunAssetImportWorkerClientV2
0x00007ff780be0080 (Unity) RunAssetImporterV2
0x00007ff78009b046 (Unity) Application::InitializeProject
0x00007ff780a4f212 (Unity) WinMain
0x00007ff7828adef6 (Unity) __scrt_common_main_seh
0x00007ffeec2f7034 (KERNEL32) BaseThreadInitThunk
0x00007ffeed162651 (ntdll) RtlUserThreadStart

Requesting import of Guid(bd2078584a71a604ba5291f0213c11d2) Importer(-1,00000000000000000000000000000000), Assets/ThirdPartyAssets/WoLfulus/LineEnding/Documentation/Images/settings.png from editor
Resuming Guid(bd2078584a71a604ba5291f0213c11d2) Importer(-1,00000000000000000000000000000000) -> ea0e8da561ff9b3c3e56ed96177aebd8 
Assertion failed on expression: 'state.state == kUpToDate'
0x00007ff77f50b6fc (Unity) StackWalker::GetCurrentCallstack
0x00007ff77f513d99 (Unity) StackWalker::ShowCallstack
0x00007ff780a41cac (Unity) GetStacktrace
0x00007ff781b75ab3 (Unity) DebugStringToFile
0x00007ff781b757b2 (Unity) AssertImplementation
0x00007ff780c13d9a (Unity) ImporterAssetResolver::ResolveAsset
0x00007ff780bdf312 (Unity) ResolveArtifactV2
0x00007ff780bd60d1 (Unity) ProduceArtifactV2
0x00007ff780b24dfe (Unity) AssetDatabase::ProduceArtifact
0x00007ff780b09fa8 (Unity) PreviewImporter::GenerateAssetData
0x00007ff780bff099 (Unity) ImportToObjects
0x00007ff780bfe0d8 (Unity) ImportAsset
0x00007ff780b5fe38 (Unity) AssetImportWorker::Import
0x00007ff780bb31ca (Unity) <lambda_7448d646502792db0127dc89657ec83e>::operator()
0x00007ff780c578a2 (Unity) asio::detail::completion_handler<core::mutable_function<void __cdecl(void)> >::do_complete
0x00007ff780c59a00 (Unity) asio::detail::win_iocp_io_service::do_one
0x00007ff780c5d18e (Unity) asio::io_service::run
0x00007ff780be002b (Unity) RunAssetImportWorkerClientV2
0x00007ff780be0080 (Unity) RunAssetImporterV2
0x00007ff78009b046 (Unity) Application::InitializeProject
0x00007ff780a4f212 (Unity) WinMain
0x00007ff7828adef6 (Unity) __scrt_common_main_seh
0x00007ffeec2f7034 (KERNEL32) BaseThreadInitThunk
0x00007ffeed162651 (ntdll) RtlUserThreadStart

Assertion failed on expression: 'state.artifactID == result'
0x00007ff77f50b6fc (Unity) StackWalker::GetCurrentCallstack
0x00007ff77f513d99 (Unity) StackWalker::ShowCallstack
0x00007ff780a41cac (Unity) GetStacktrace
0x00007ff781b75ab3 (Unity) DebugStringToFile
0x00007ff781b757b2 (Unity) AssertImplementation
0x00007ff780c13dd2 (Unity) ImporterAssetResolver::ResolveAsset
0x00007ff780bdf312 (Unity) ResolveArtifactV2
0x00007ff780bd60d1 (Unity) ProduceArtifactV2
0x00007ff780b24dfe (Unity) AssetDatabase::ProduceArtifact
0x00007ff780b09fa8 (Unity) PreviewImporter::GenerateAssetData
0x00007ff780bff099 (Unity) ImportToObjects
0x00007ff780bfe0d8 (Unity) ImportAsset
0x00007ff780b5fe38 (Unity) AssetImportWorker::Import
0x00007ff780bb31ca (Unity) <lambda_7448d646502792db0127dc89657ec83e>::operator()
0x00007ff780c578a2 (Unity) asio::detail::completion_handler<core::mutable_function<void __cdecl(void)> >::do_complete
0x00007ff780c59a00 (Unity) asio::detail::win_iocp_io_service::do_one
0x00007ff780c5d18e (Unity) asio::io_service::run
0x00007ff780be002b (Unity) RunAssetImportWorkerClientV2
0x00007ff780be0080 (Unity) RunAssetImporterV2
0x00007ff78009b046 (Unity) Application::InitializeProject
0x00007ff780a4f212 (Unity) WinMain
0x00007ff7828adef6 (Unity) __scrt_common_main_seh
0x00007ffeec2f7034 (KERNEL32) BaseThreadInitThunk
0x00007ffeed162651 (ntdll) RtlUserThreadStart

 -> (artifact id: '8518a9644bbd028440acf8cf390ccbac') in 0.107914 seconds 
  Import took 0.113370 seconds .

========================================================================
Received Import Request.
  Time since last request: 15.022484 seconds.
  path: Assets/Editor
  artifactKey: Guid(d98ad1674ee8d5040ad22d07feddcab5) Importer(815301076,1909f56bfc062723c751e8b465ee728b)
Start importing Assets/Editor using Guid(d98ad1674ee8d5040ad22d07feddcab5) Importer(815301076,1909f56bfc062723c751e8b465ee728b)  -> (artifact id: 'c98a7d548918ff83c07a5ca063645fba') in 0.013269 seconds 
  Import took 0.019453 seconds .

========================================================================
Received Import Request.
  Time since last request: 3.818739 seconds.
  path: Assets/PathfindingClasses
  artifactKey: Guid(cbd1aff0ee88d0d4a846a2b95430bbd2) Importer(815301076,1909f56bfc062723c751e8b465ee728b)
Start importing Assets/PathfindingClasses using Guid(cbd1aff0ee88d0d4a846a2b95430bbd2) Importer(815301076,1909f56bfc062723c751e8b465ee728b)  -> (artifact id: '83a449c05dce7cf8ffcf219193970b86') in 0.007967 seconds 
  Import took 0.013367 seconds .

========================================================================
Received Import Request.
  Time since last request: 39.688310 seconds.
  path: Assets/WayFinderUI/Test/EndSearch.uxml
  artifactKey: Guid(cad165b894eee8e42801cef8cd2a9344) Importer(815301076,1909f56bfc062723c751e8b465ee728b)
Start importing Assets/WayFinderUI/Test/EndSearch.uxml using Guid(cad165b894eee8e42801cef8cd2a9344) Importer(815301076,1909f56bfc062723c751e8b465ee728b) Diagnostics callstack to track who triggered the sub-import:
0x00007ff780c13cf2 (Unity) ImporterAssetResolver::ResolveAsset
0x00007ff780bdf312 (Unity) ResolveArtifactV2
0x00007ff780bfecd0 (Unity) ImportToObjects
0x00007ff780bfe0d8 (Unity) ImportAsset
0x00007ff780b5fe38 (Unity) AssetImportWorker::Import
0x00007ff780bb31ca (Unity) <lambda_7448d646502792db0127dc89657ec83e>::operator()
0x00007ff780c578a2 (Unity) asio::detail::completion_handler<core::mutable_function<void __cdecl(void)> >::do_complete
0x00007ff780c59a00 (Unity) asio::detail::win_iocp_io_service::do_one
0x00007ff780c5d18e (Unity) asio::io_service::run
0x00007ff780be002b (Unity) RunAssetImportWorkerClientV2
0x00007ff780be0080 (Unity) RunAssetImporterV2
0x00007ff78009b046 (Unity) Application::InitializeProject
0x00007ff780a4f212 (Unity) WinMain
0x00007ff7828adef6 (Unity) __scrt_common_main_seh
0x00007ffeec2f7034 (KERNEL32) BaseThreadInitThunk
0x00007ffeed162651 (ntdll) RtlUserThreadStart

Requesting import of Guid(cad165b894eee8e42801cef8cd2a9344) Importer(-1,00000000000000000000000000000000), Assets/WayFinderUI/Test/EndSearch.uxml from editor
Resuming Guid(cad165b894eee8e42801cef8cd2a9344) Importer(-1,00000000000000000000000000000000) -> f26a5d38b33c1a2bb32266a2da77138e 
Assertion failed on expression: 'state.state == kUpToDate'
0x00007ff77f50b6fc (Unity) StackWalker::GetCurrentCallstack
0x00007ff77f513d99 (Unity) StackWalker::ShowCallstack
0x00007ff780a41cac (Unity) GetStacktrace
0x00007ff781b75ab3 (Unity) DebugStringToFile
0x00007ff781b757b2 (Unity) AssertImplementation
0x00007ff780c13d9a (Unity) ImporterAssetResolver::ResolveAsset
0x00007ff780bdf312 (Unity) ResolveArtifactV2
0x00007ff780bfecd0 (Unity) ImportToObjects
0x00007ff780bfe0d8 (Unity) ImportAsset
0x00007ff780b5fe38 (Unity) AssetImportWorker::Import
0x00007ff780bb31ca (Unity) <lambda_7448d646502792db0127dc89657ec83e>::operator()
0x00007ff780c578a2 (Unity) asio::detail::completion_handler<core::mutable_function<void __cdecl(void)> >::do_complete
0x00007ff780c59a00 (Unity) asio::detail::win_iocp_io_service::do_one
0x00007ff780c5d18e (Unity) asio::io_service::run
0x00007ff780be002b (Unity) RunAssetImportWorkerClientV2
0x00007ff780be0080 (Unity) RunAssetImporterV2
0x00007ff78009b046 (Unity) Application::InitializeProject
0x00007ff780a4f212 (Unity) WinMain
0x00007ff7828adef6 (Unity) __scrt_common_main_seh
0x00007ffeec2f7034 (KERNEL32) BaseThreadInitThunk
0x00007ffeed162651 (ntdll) RtlUserThreadStart

Assertion failed on expression: 'state.artifactID == result'
0x00007ff77f50b6fc (Unity) StackWalker::GetCurrentCallstack
0x00007ff77f513d99 (Unity) StackWalker::ShowCallstack
0x00007ff780a41cac (Unity) GetStacktrace
0x00007ff781b75ab3 (Unity) DebugStringToFile
0x00007ff781b757b2 (Unity) AssertImplementation
0x00007ff780c13dd2 (Unity) ImporterAssetResolver::ResolveAsset
0x00007ff780bdf312 (Unity) ResolveArtifactV2
0x00007ff780bfecd0 (Unity) ImportToObjects
0x00007ff780bfe0d8 (Unity) ImportAsset
0x00007ff780b5fe38 (Unity) AssetImportWorker::Import
0x00007ff780bb31ca (Unity) <lambda_7448d646502792db0127dc89657ec83e>::operator()
0x00007ff780c578a2 (Unity) asio::detail::completion_handler<core::mutable_function<void __cdecl(void)> >::do_complete
0x00007ff780c59a00 (Unity) asio::detail::win_iocp_io_service::do_one
0x00007ff780c5d18e (Unity) asio::io_service::run
0x00007ff780be002b (Unity) RunAssetImportWorkerClientV2
0x00007ff780be0080 (Unity) RunAssetImporterV2
0x00007ff78009b046 (Unity) Application::InitializeProject
0x00007ff780a4f212 (Unity) WinMain
0x00007ff7828adef6 (Unity) __scrt_common_main_seh
0x00007ffeec2f7034 (KERNEL32) BaseThreadInitThunk
0x00007ffeed162651 (ntdll) RtlUserThreadStart

Diagnostics callstack to track who triggered the sub-import:
0x00007ff780c13cf2 (Unity) ImporterAssetResolver::ResolveAsset
0x00007ff780bdf312 (Unity) ResolveArtifactV2
0x00007ff780bd60d1 (Unity) ProduceArtifactV2
0x00007ff780b24dfe (Unity) AssetDatabase::ProduceArtifact
0x00007ff780b09fa8 (Unity) PreviewImporter::GenerateAssetData
0x00007ff780bff099 (Unity) ImportToObjects
0x00007ff780bfe0d8 (Unity) ImportAsset
0x00007ff780b5fe38 (Unity) AssetImportWorker::Import
0x00007ff780bb31ca (Unity) <lambda_7448d646502792db0127dc89657ec83e>::operator()
0x00007ff780c578a2 (Unity) asio::detail::completion_handler<core::mutable_function<void __cdecl(void)> >::do_complete
0x00007ff780c59a00 (Unity) asio::detail::win_iocp_io_service::do_one
0x00007ff780c5d18e (Unity) asio::io_service::run
0x00007ff780be002b (Unity) RunAssetImportWorkerClientV2
0x00007ff780be0080 (Unity) RunAssetImporterV2
0x00007ff78009b046 (Unity) Application::InitializeProject
0x00007ff780a4f212 (Unity) WinMain
0x00007ff7828adef6 (Unity) __scrt_common_main_seh
0x00007ffeec2f7034 (KERNEL32) BaseThreadInitThunk
0x00007ffeed162651 (ntdll) RtlUserThreadStart

Requesting import of Guid(cad165b894eee8e42801cef8cd2a9344) Importer(-1,00000000000000000000000000000000), Assets/WayFinderUI/Test/EndSearch.uxml from editor
Resuming Guid(cad165b894eee8e42801cef8cd2a9344) Importer(-1,00000000000000000000000000000000) -> f26a5d38b33c1a2bb32266a2da77138e 
Assertion failed on expression: 'state.state == kUpToDate'
0x00007ff77f50b6fc (Unity) StackWalker::GetCurrentCallstack
0x00007ff77f513d99 (Unity) StackWalker::ShowCallstack
0x00007ff780a41cac (Unity) GetStacktrace
0x00007ff781b75ab3 (Unity) DebugStringToFile
0x00007ff781b757b2 (Unity) AssertImplementation
0x00007ff780c13d9a (Unity) ImporterAssetResolver::ResolveAsset
0x00007ff780bdf312 (Unity) ResolveArtifactV2
0x00007ff780bd60d1 (Unity) ProduceArtifactV2
0x00007ff780b24dfe (Unity) AssetDatabase::ProduceArtifact
0x00007ff780b09fa8 (Unity) PreviewImporter::GenerateAssetData
0x00007ff780bff099 (Unity) ImportToObjects
0x00007ff780bfe0d8 (Unity) ImportAsset
0x00007ff780b5fe38 (Unity) AssetImportWorker::Import
0x00007ff780bb31ca (Unity) <lambda_7448d646502792db0127dc89657ec83e>::operator()
0x00007ff780c578a2 (Unity) asio::detail::completion_handler<core::mutable_function<void __cdecl(void)> >::do_complete
0x00007ff780c59a00 (Unity) asio::detail::win_iocp_io_service::do_one
0x00007ff780c5d18e (Unity) asio::io_service::run
0x00007ff780be002b (Unity) RunAssetImportWorkerClientV2
0x00007ff780be0080 (Unity) RunAssetImporterV2
0x00007ff78009b046 (Unity) Application::InitializeProject
0x00007ff780a4f212 (Unity) WinMain
0x00007ff7828adef6 (Unity) __scrt_common_main_seh
0x00007ffeec2f7034 (KERNEL32) BaseThreadInitThunk
0x00007ffeed162651 (ntdll) RtlUserThreadStart

Assertion failed on expression: 'state.artifactID == result'
0x00007ff77f50b6fc (Unity) StackWalker::GetCurrentCallstack
0x00007ff77f513d99 (Unity) StackWalker::ShowCallstack
0x00007ff780a41cac (Unity) GetStacktrace
0x00007ff781b75ab3 (Unity) DebugStringToFile
0x00007ff781b757b2 (Unity) AssertImplementation
0x00007ff780c13dd2 (Unity) ImporterAssetResolver::ResolveAsset
0x00007ff780bdf312 (Unity) ResolveArtifactV2
0x00007ff780bd60d1 (Unity) ProduceArtifactV2
0x00007ff780b24dfe (Unity) AssetDatabase::ProduceArtifact
0x00007ff780b09fa8 (Unity) PreviewImporter::GenerateAssetData
0x00007ff780bff099 (Unity) ImportToObjects
0x00007ff780bfe0d8 (Unity) ImportAsset
0x00007ff780b5fe38 (Unity) AssetImportWorker::Import
0x00007ff780bb31ca (Unity) <lambda_7448d646502792db0127dc89657ec83e>::operator()
0x00007ff780c578a2 (Unity) asio::detail::completion_handler<core::mutable_function<void __cdecl(void)> >::do_complete
0x00007ff780c59a00 (Unity) asio::detail::win_iocp_io_service::do_one
0x00007ff780c5d18e (Unity) asio::io_service::run
0x00007ff780be002b (Unity) RunAssetImportWorkerClientV2
0x00007ff780be0080 (Unity) RunAssetImporterV2
0x00007ff78009b046 (Unity) Application::InitializeProject
0x00007ff780a4f212 (Unity) WinMain
0x00007ff7828adef6 (Unity) __scrt_common_main_seh
0x00007ffeec2f7034 (KERNEL32) BaseThreadInitThunk
0x00007ffeed162651 (ntdll) RtlUserThreadStart

 -> (artifact id: '71dadb04df97cee7b44ef4b3a4209696') in 0.019879 seconds 
  Import took 0.025622 seconds .

========================================================================
Received Import Request.
  Time since last request: 0.000275 seconds.
  path: Assets/WayFinderUI/Test/ViewMapMenu.uxml
  artifactKey: Guid(ccdc83610011ec4439844927c811d08e) Importer(815301076,1909f56bfc062723c751e8b465ee728b)
Start importing Assets/WayFinderUI/Test/ViewMapMenu.uxml using Guid(ccdc83610011ec4439844927c811d08e) Importer(815301076,1909f56bfc062723c751e8b465ee728b) Diagnostics callstack to track who triggered the sub-import:
0x00007ff780c13cf2 (Unity) ImporterAssetResolver::ResolveAsset
0x00007ff780bdf312 (Unity) ResolveArtifactV2
0x00007ff780bfecd0 (Unity) ImportToObjects
0x00007ff780bfe0d8 (Unity) ImportAsset
0x00007ff780b5fe38 (Unity) AssetImportWorker::Import
0x00007ff780bb31ca (Unity) <lambda_7448d646502792db0127dc89657ec83e>::operator()
0x00007ff780c578a2 (Unity) asio::detail::completion_handler<core::mutable_function<void __cdecl(void)> >::do_complete
0x00007ff780c59a00 (Unity) asio::detail::win_iocp_io_service::do_one
0x00007ff780c5d18e (Unity) asio::io_service::run
0x00007ff780be002b (Unity) RunAssetImportWorkerClientV2
0x00007ff780be0080 (Unity) RunAssetImporterV2
0x00007ff78009b046 (Unity) Application::InitializeProject
0x00007ff780a4f212 (Unity) WinMain
0x00007ff7828adef6 (Unity) __scrt_common_main_seh
0x00007ffeec2f7034 (KERNEL32) BaseThreadInitThunk
0x00007ffeed162651 (ntdll) RtlUserThreadStart

Requesting import of Guid(ccdc83610011ec4439844927c811d08e) Importer(-1,00000000000000000000000000000000), Assets/WayFinderUI/Test/ViewMapMenu.uxml from editor
Resuming Guid(ccdc83610011ec4439844927c811d08e) Importer(-1,00000000000000000000000000000000) -> aee30d33b5a07565b594461a9e27237f 
Assertion failed on expression: 'state.state == kUpToDate'
0x00007ff77f50b6fc (Unity) StackWalker::GetCurrentCallstack
0x00007ff77f513d99 (Unity) StackWalker::ShowCallstack
0x00007ff780a41cac (Unity) GetStacktrace
0x00007ff781b75ab3 (Unity) DebugStringToFile
0x00007ff781b757b2 (Unity) AssertImplementation
0x00007ff780c13d9a (Unity) ImporterAssetResolver::ResolveAsset
0x00007ff780bdf312 (Unity) ResolveArtifactV2
0x00007ff780bfecd0 (Unity) ImportToObjects
0x00007ff780bfe0d8 (Unity) ImportAsset
0x00007ff780b5fe38 (Unity) AssetImportWorker::Import
0x00007ff780bb31ca (Unity) <lambda_7448d646502792db0127dc89657ec83e>::operator()
0x00007ff780c578a2 (Unity) asio::detail::completion_handler<core::mutable_function<void __cdecl(void)> >::do_complete
0x00007ff780c59a00 (Unity) asio::detail::win_iocp_io_service::do_one
0x00007ff780c5d18e (Unity) asio::io_service::run
0x00007ff780be002b (Unity) RunAssetImportWorkerClientV2
0x00007ff780be0080 (Unity) RunAssetImporterV2
0x00007ff78009b046 (Unity) Application::InitializeProject
0x00007ff780a4f212 (Unity) WinMain
0x00007ff7828adef6 (Unity) __scrt_common_main_seh
0x00007ffeec2f7034 (KERNEL32) BaseThreadInitThunk
0x00007ffeed162651 (ntdll) RtlUserThreadStart

Assertion failed on expression: 'state.artifactID == result'
0x00007ff77f50b6fc (Unity) StackWalker::GetCurrentCallstack
0x00007ff77f513d99 (Unity) StackWalker::ShowCallstack
0x00007ff780a41cac (Unity) GetStacktrace
0x00007ff781b75ab3 (Unity) DebugStringToFile
0x00007ff781b757b2 (Unity) AssertImplementation
0x00007ff780c13dd2 (Unity) ImporterAssetResolver::ResolveAsset
0x00007ff780bdf312 (Unity) ResolveArtifactV2
0x00007ff780bfecd0 (Unity) ImportToObjects
0x00007ff780bfe0d8 (Unity) ImportAsset
0x00007ff780b5fe38 (Unity) AssetImportWorker::Import
0x00007ff780bb31ca (Unity) <lambda_7448d646502792db0127dc89657ec83e>::operator()
0x00007ff780c578a2 (Unity) asio::detail::completion_handler<core::mutable_function<void __cdecl(void)> >::do_complete
0x00007ff780c59a00 (Unity) asio::detail::win_iocp_io_service::do_one
0x00007ff780c5d18e (Unity) asio::io_service::run
0x00007ff780be002b (Unity) RunAssetImportWorkerClientV2
0x00007ff780be0080 (Unity) RunAssetImporterV2
0x00007ff78009b046 (Unity) Application::InitializeProject
0x00007ff780a4f212 (Unity) WinMain
0x00007ff7828adef6 (Unity) __scrt_common_main_seh
0x00007ffeec2f7034 (KERNEL32) BaseThreadInitThunk
0x00007ffeed162651 (ntdll) RtlUserThreadStart

Diagnostics callstack to track who triggered the sub-import:
0x00007ff780c13cf2 (Unity) ImporterAssetResolver::ResolveAsset
0x00007ff780bdf312 (Unity) ResolveArtifactV2
0x00007ff780bd60d1 (Unity) ProduceArtifactV2
0x00007ff780b24dfe (Unity) AssetDatabase::ProduceArtifact
0x00007ff780b09fa8 (Unity) PreviewImporter::GenerateAssetData
0x00007ff780bff099 (Unity) ImportToObjects
0x00007ff780bfe0d8 (Unity) ImportAsset
0x00007ff780b5fe38 (Unity) AssetImportWorker::Import
0x00007ff780bb31ca (Unity) <lambda_7448d646502792db0127dc89657ec83e>::operator()
0x00007ff780c578a2 (Unity) asio::detail::completion_handler<core::mutable_function<void __cdecl(void)> >::do_complete
0x00007ff780c59a00 (Unity) asio::detail::win_iocp_io_service::do_one
0x00007ff780c5d18e (Unity) asio::io_service::run
0x00007ff780be002b (Unity) RunAssetImportWorkerClientV2
0x00007ff780be0080 (Unity) RunAssetImporterV2
0x00007ff78009b046 (Unity) Application::InitializeProject
0x00007ff780a4f212 (Unity) WinMain
0x00007ff7828adef6 (Unity) __scrt_common_main_seh
0x00007ffeec2f7034 (KERNEL32) BaseThreadInitThunk
0x00007ffeed162651 (ntdll) RtlUserThreadStart

Requesting import of Guid(ccdc83610011ec4439844927c811d08e) Importer(-1,00000000000000000000000000000000), Assets/WayFinderUI/Test/ViewMapMenu.uxml from editor
Resuming Guid(ccdc83610011ec4439844927c811d08e) Importer(-1,00000000000000000000000000000000) -> aee30d33b5a07565b594461a9e27237f 
Assertion failed on expression: 'state.state == kUpToDate'
0x00007ff77f50b6fc (Unity) StackWalker::GetCurrentCallstack
0x00007ff77f513d99 (Unity) StackWalker::ShowCallstack
0x00007ff780a41cac (Unity) GetStacktrace
0x00007ff781b75ab3 (Unity) DebugStringToFile
0x00007ff781b757b2 (Unity) AssertImplementation
0x00007ff780c13d9a (Unity) ImporterAssetResolver::ResolveAsset
0x00007ff780bdf312 (Unity) ResolveArtifactV2
0x00007ff780bd60d1 (Unity) ProduceArtifactV2
0x00007ff780b24dfe (Unity) AssetDatabase::ProduceArtifact
0x00007ff780b09fa8 (Unity) PreviewImporter::GenerateAssetData
0x00007ff780bff099 (Unity) ImportToObjects
0x00007ff780bfe0d8 (Unity) ImportAsset
0x00007ff780b5fe38 (Unity) AssetImportWorker::Import
0x00007ff780bb31ca (Unity) <lambda_7448d646502792db0127dc89657ec83e>::operator()
0x00007ff780c578a2 (Unity) asio::detail::completion_handler<core::mutable_function<void __cdecl(void)> >::do_complete
0x00007ff780c59a00 (Unity) asio::detail::win_iocp_io_service::do_one
0x00007ff780c5d18e (Unity) asio::io_service::run
0x00007ff780be002b (Unity) RunAssetImportWorkerClientV2
0x00007ff780be0080 (Unity) RunAssetImporterV2
0x00007ff78009b046 (Unity) Application::InitializeProject
0x00007ff780a4f212 (Unity) WinMain
0x00007ff7828adef6 (Unity) __scrt_common_main_seh
0x00007ffeec2f7034 (KERNEL32) BaseThreadInitThunk
0x00007ffeed162651 (ntdll) RtlUserThreadStart

Assertion failed on expression: 'state.artifactID == result'
0x00007ff77f50b6fc (Unity) StackWalker::GetCurrentCallstack
0x00007ff77f513d99 (Unity) StackWalker::ShowCallstack
0x00007ff780a41cac (Unity) GetStacktrace
0x00007ff781b75ab3 (Unity) DebugStringToFile
0x00007ff781b757b2 (Unity) AssertImplementation
0x00007ff780c13dd2 (Unity) ImporterAssetResolver::ResolveAsset
0x00007ff780bdf312 (Unity) ResolveArtifactV2
0x00007ff780bd60d1 (Unity) ProduceArtifactV2
0x00007ff780b24dfe (Unity) AssetDatabase::ProduceArtifact
0x00007ff780b09fa8 (Unity) PreviewImporter::GenerateAssetData
0x00007ff780bff099 (Unity) ImportToObjects
0x00007ff780bfe0d8 (Unity) ImportAsset
0x00007ff780b5fe38 (Unity) AssetImportWorker::Import
0x00007ff780bb31ca (Unity) <lambda_7448d646502792db0127dc89657ec83e>::operator()
0x00007ff780c578a2 (Unity) asio::detail::completion_handler<core::mutable_function<void __cdecl(void)> >::do_complete
0x00007ff780c59a00 (Unity) asio::detail::win_iocp_io_service::do_one
0x00007ff780c5d18e (Unity) asio::io_service::run
0x00007ff780be002b (Unity) RunAssetImportWorkerClientV2
0x00007ff780be0080 (Unity) RunAssetImporterV2
0x00007ff78009b046 (Unity) Application::InitializeProject
0x00007ff780a4f212 (Unity) WinMain
0x00007ff7828adef6 (Unity) __scrt_common_main_seh
0x00007ffeec2f7034 (KERNEL32) BaseThreadInitThunk
0x00007ffeed162651 (ntdll) RtlUserThreadStart

 -> (artifact id: '01ae2c7231b3dd6dc23eacbb7353844e') in 0.037404 seconds 
  Import took 0.044221 seconds .

========================================================================
Received Import Request.
  Time since last request: 0.000220 seconds.
  path: Assets/WayFinderUI/Test/SearchMenu.uxml
  artifactKey: Guid(1c632aca268e230409e1ae39687a67ee) Importer(815301076,1909f56bfc062723c751e8b465ee728b)
Start importing Assets/WayFinderUI/Test/SearchMenu.uxml using Guid(1c632aca268e230409e1ae39687a67ee) Importer(815301076,1909f56bfc062723c751e8b465ee728b) Diagnostics callstack to track who triggered the sub-import:
0x00007ff780c13cf2 (Unity) ImporterAssetResolver::ResolveAsset
0x00007ff780bdf312 (Unity) ResolveArtifactV2
0x00007ff780bfecd0 (Unity) ImportToObjects
0x00007ff780bfe0d8 (Unity) ImportAsset
0x00007ff780b5fe38 (Unity) AssetImportWorker::Import
0x00007ff780bb31ca (Unity) <lambda_7448d646502792db0127dc89657ec83e>::operator()
0x00007ff780c578a2 (Unity) asio::detail::completion_handler<core::mutable_function<void __cdecl(void)> >::do_complete
0x00007ff780c59a00 (Unity) asio::detail::win_iocp_io_service::do_one
0x00007ff780c5d18e (Unity) asio::io_service::run
0x00007ff780be002b (Unity) RunAssetImportWorkerClientV2
0x00007ff780be0080 (Unity) RunAssetImporterV2
0x00007ff78009b046 (Unity) Application::InitializeProject
0x00007ff780a4f212 (Unity) WinMain
0x00007ff7828adef6 (Unity) __scrt_common_main_seh
0x00007ffeec2f7034 (KERNEL32) BaseThreadInitThunk
0x00007ffeed162651 (ntdll) RtlUserThreadStart

Requesting import of Guid(1c632aca268e230409e1ae39687a67ee) Importer(-1,00000000000000000000000000000000), Assets/WayFinderUI/Test/SearchMenu.uxml from editor
Resuming Guid(1c632aca268e230409e1ae39687a67ee) Importer(-1,00000000000000000000000000000000) -> 3d1e0393eab38d4091ada1ac49be6c49 
Assertion failed on expression: 'state.state == kUpToDate'
0x00007ff77f50b6fc (Unity) StackWalker::GetCurrentCallstack
0x00007ff77f513d99 (Unity) StackWalker::ShowCallstack
0x00007ff780a41cac (Unity) GetStacktrace
0x00007ff781b75ab3 (Unity) DebugStringToFile
0x00007ff781b757b2 (Unity) AssertImplementation
0x00007ff780c13d9a (Unity) ImporterAssetResolver::ResolveAsset
0x00007ff780bdf312 (Unity) ResolveArtifactV2
0x00007ff780bfecd0 (Unity) ImportToObjects
0x00007ff780bfe0d8 (Unity) ImportAsset
0x00007ff780b5fe38 (Unity) AssetImportWorker::Import
0x00007ff780bb31ca (Unity) <lambda_7448d646502792db0127dc89657ec83e>::operator()
0x00007ff780c578a2 (Unity) asio::detail::completion_handler<core::mutable_function<void __cdecl(void)> >::do_complete
0x00007ff780c59a00 (Unity) asio::detail::win_iocp_io_service::do_one
0x00007ff780c5d18e (Unity) asio::io_service::run
0x00007ff780be002b (Unity) RunAssetImportWorkerClientV2
0x00007ff780be0080 (Unity) RunAssetImporterV2
0x00007ff78009b046 (Unity) Application::InitializeProject
0x00007ff780a4f212 (Unity) WinMain
0x00007ff7828adef6 (Unity) __scrt_common_main_seh
0x00007ffeec2f7034 (KERNEL32) BaseThreadInitThunk
0x00007ffeed162651 (ntdll) RtlUserThreadStart

Assertion failed on expression: 'state.artifactID == result'
0x00007ff77f50b6fc (Unity) StackWalker::GetCurrentCallstack
0x00007ff77f513d99 (Unity) StackWalker::ShowCallstack
0x00007ff780a41cac (Unity) GetStacktrace
0x00007ff781b75ab3 (Unity) DebugStringToFile
0x00007ff781b757b2 (Unity) AssertImplementation
0x00007ff780c13dd2 (Unity) ImporterAssetResolver::ResolveAsset
0x00007ff780bdf312 (Unity) ResolveArtifactV2
0x00007ff780bfecd0 (Unity) ImportToObjects
0x00007ff780bfe0d8 (Unity) ImportAsset
0x00007ff780b5fe38 (Unity) AssetImportWorker::Import
0x00007ff780bb31ca (Unity) <lambda_7448d646502792db0127dc89657ec83e>::operator()
0x00007ff780c578a2 (Unity) asio::detail::completion_handler<core::mutable_function<void __cdecl(void)> >::do_complete
0x00007ff780c59a00 (Unity) asio::detail::win_iocp_io_service::do_one
0x00007ff780c5d18e (Unity) asio::io_service::run
0x00007ff780be002b (Unity) RunAssetImportWorkerClientV2
0x00007ff780be0080 (Unity) RunAssetImporterV2
0x00007ff78009b046 (Unity) Application::InitializeProject
0x00007ff780a4f212 (Unity) WinMain
0x00007ff7828adef6 (Unity) __scrt_common_main_seh
0x00007ffeec2f7034 (KERNEL32) BaseThreadInitThunk
0x00007ffeed162651 (ntdll) RtlUserThreadStart

Diagnostics callstack to track who triggered the sub-import:
0x00007ff780c13cf2 (Unity) ImporterAssetResolver::ResolveAsset
0x00007ff780bdf312 (Unity) ResolveArtifactV2
0x00007ff780bd60d1 (Unity) ProduceArtifactV2
0x00007ff780b24dfe (Unity) AssetDatabase::ProduceArtifact
0x00007ff780b09fa8 (Unity) PreviewImporter::GenerateAssetData
0x00007ff780bff099 (Unity) ImportToObjects
0x00007ff780bfe0d8 (Unity) ImportAsset
0x00007ff780b5fe38 (Unity) AssetImportWorker::Import
0x00007ff780bb31ca (Unity) <lambda_7448d646502792db0127dc89657ec83e>::operator()
0x00007ff780c578a2 (Unity) asio::detail::completion_handler<core::mutable_function<void __cdecl(void)> >::do_complete
0x00007ff780c59a00 (Unity) asio::detail::win_iocp_io_service::do_one
0x00007ff780c5d18e (Unity) asio::io_service::run
0x00007ff780be002b (Unity) RunAssetImportWorkerClientV2
0x00007ff780be0080 (Unity) RunAssetImporterV2
0x00007ff78009b046 (Unity) Application::InitializeProject
0x00007ff780a4f212 (Unity) WinMain
0x00007ff7828adef6 (Unity) __scrt_common_main_seh
0x00007ffeec2f7034 (KERNEL32) BaseThreadInitThunk
0x00007ffeed162651 (ntdll) RtlUserThreadStart

Requesting import of Guid(1c632aca268e230409e1ae39687a67ee) Importer(-1,00000000000000000000000000000000), Assets/WayFinderUI/Test/SearchMenu.uxml from editor
Resuming Guid(1c632aca268e230409e1ae39687a67ee) Importer(-1,00000000000000000000000000000000) -> 3d1e0393eab38d4091ada1ac49be6c49 
Assertion failed on expression: 'state.state == kUpToDate'
0x00007ff77f50b6fc (Unity) StackWalker::GetCurrentCallstack
0x00007ff77f513d99 (Unity) StackWalker::ShowCallstack
0x00007ff780a41cac (Unity) GetStacktrace
0x00007ff781b75ab3 (Unity) DebugStringToFile
0x00007ff781b757b2 (Unity) AssertImplementation
0x00007ff780c13d9a (Unity) ImporterAssetResolver::ResolveAsset
0x00007ff780bdf312 (Unity) ResolveArtifactV2
0x00007ff780bd60d1 (Unity) ProduceArtifactV2
0x00007ff780b24dfe (Unity) AssetDatabase::ProduceArtifact
0x00007ff780b09fa8 (Unity) PreviewImporter::GenerateAssetData
0x00007ff780bff099 (Unity) ImportToObjects
0x00007ff780bfe0d8 (Unity) ImportAsset
0x00007ff780b5fe38 (Unity) AssetImportWorker::Import
0x00007ff780bb31ca (Unity) <lambda_7448d646502792db0127dc89657ec83e>::operator()
0x00007ff780c578a2 (Unity) asio::detail::completion_handler<core::mutable_function<void __cdecl(void)> >::do_complete
0x00007ff780c59a00 (Unity) asio::detail::win_iocp_io_service::do_one
0x00007ff780c5d18e (Unity) asio::io_service::run
0x00007ff780be002b (Unity) RunAssetImportWorkerClientV2
0x00007ff780be0080 (Unity) RunAssetImporterV2
0x00007ff78009b046 (Unity) Application::InitializeProject
0x00007ff780a4f212 (Unity) WinMain
0x00007ff7828adef6 (Unity) __scrt_common_main_seh
0x00007ffeec2f7034 (KERNEL32) BaseThreadInitThunk
0x00007ffeed162651 (ntdll) RtlUserThreadStart

Assertion failed on expression: 'state.artifactID == result'
0x00007ff77f50b6fc (Unity) StackWalker::GetCurrentCallstack
0x00007ff77f513d99 (Unity) StackWalker::ShowCallstack
0x00007ff780a41cac (Unity) GetStacktrace
0x00007ff781b75ab3 (Unity) DebugStringToFile
0x00007ff781b757b2 (Unity) AssertImplementation
0x00007ff780c13dd2 (Unity) ImporterAssetResolver::ResolveAsset
0x00007ff780bdf312 (Unity) ResolveArtifactV2
0x00007ff780bd60d1 (Unity) ProduceArtifactV2
0x00007ff780b24dfe (Unity) AssetDatabase::ProduceArtifact
0x00007ff780b09fa8 (Unity) PreviewImporter::GenerateAssetData
0x00007ff780bff099 (Unity) ImportToObjects
0x00007ff780bfe0d8 (Unity) ImportAsset
0x00007ff780b5fe38 (Unity) AssetImportWorker::Import
0x00007ff780bb31ca (Unity) <lambda_7448d646502792db0127dc89657ec83e>::operator()
0x00007ff780c578a2 (Unity) asio::detail::completion_handler<core::mutable_function<void __cdecl(void)> >::do_complete
0x00007ff780c59a00 (Unity) asio::detail::win_iocp_io_service::do_one
0x00007ff780c5d18e (Unity) asio::io_service::run
0x00007ff780be002b (Unity) RunAssetImportWorkerClientV2
0x00007ff780be0080 (Unity) RunAssetImporterV2
0x00007ff78009b046 (Unity) Application::InitializeProject
0x00007ff780a4f212 (Unity) WinMain
0x00007ff7828adef6 (Unity) __scrt_common_main_seh
0x00007ffeec2f7034 (KERNEL32) BaseThreadInitThunk
0x00007ffeed162651 (ntdll) RtlUserThreadStart

 -> (artifact id: '73a75b14ff9ff8f56a10aa417025fe25') in 0.037244 seconds 
  Import took 0.042205 seconds .

========================================================================
Received Import Request.
  Time since last request: 0.000199 seconds.
  path: Assets/WayFinderUI/Test/StartSearch.uxml
  artifactKey: Guid(605b7a106270ac5418037763e9a13a8c) Importer(815301076,1909f56bfc062723c751e8b465ee728b)
Start importing Assets/WayFinderUI/Test/StartSearch.uxml using Guid(605b7a106270ac5418037763e9a13a8c) Importer(815301076,1909f56bfc062723c751e8b465ee728b) Diagnostics callstack to track who triggered the sub-import:
0x00007ff780c13cf2 (Unity) ImporterAssetResolver::ResolveAsset
0x00007ff780bdf312 (Unity) ResolveArtifactV2
0x00007ff780bfecd0 (Unity) ImportToObjects
0x00007ff780bfe0d8 (Unity) ImportAsset
0x00007ff780b5fe38 (Unity) AssetImportWorker::Import
0x00007ff780bb31ca (Unity) <lambda_7448d646502792db0127dc89657ec83e>::operator()
0x00007ff780c578a2 (Unity) asio::detail::completion_handler<core::mutable_function<void __cdecl(void)> >::do_complete
0x00007ff780c59a00 (Unity) asio::detail::win_iocp_io_service::do_one
0x00007ff780c5d18e (Unity) asio::io_service::run
0x00007ff780be002b (Unity) RunAssetImportWorkerClientV2
0x00007ff780be0080 (Unity) RunAssetImporterV2
0x00007ff78009b046 (Unity) Application::InitializeProject
0x00007ff780a4f212 (Unity) WinMain
0x00007ff7828adef6 (Unity) __scrt_common_main_seh
0x00007ffeec2f7034 (KERNEL32) BaseThreadInitThunk
0x00007ffeed162651 (ntdll) RtlUserThreadStart

Requesting import of Guid(605b7a106270ac5418037763e9a13a8c) Importer(-1,00000000000000000000000000000000), Assets/WayFinderUI/Test/StartSearch.uxml from editor
Resuming Guid(605b7a106270ac5418037763e9a13a8c) Importer(-1,00000000000000000000000000000000) -> a43eb9c996bdac88970acb1d2da0385d 
Assertion failed on expression: 'state.state == kUpToDate'
0x00007ff77f50b6fc (Unity) StackWalker::GetCurrentCallstack
0x00007ff77f513d99 (Unity) StackWalker::ShowCallstack
0x00007ff780a41cac (Unity) GetStacktrace
0x00007ff781b75ab3 (Unity) DebugStringToFile
0x00007ff781b757b2 (Unity) AssertImplementation
0x00007ff780c13d9a (Unity) ImporterAssetResolver::ResolveAsset
0x00007ff780bdf312 (Unity) ResolveArtifactV2
0x00007ff780bfecd0 (Unity) ImportToObjects
0x00007ff780bfe0d8 (Unity) ImportAsset
0x00007ff780b5fe38 (Unity) AssetImportWorker::Import
0x00007ff780bb31ca (Unity) <lambda_7448d646502792db0127dc89657ec83e>::operator()
0x00007ff780c578a2 (Unity) asio::detail::completion_handler<core::mutable_function<void __cdecl(void)> >::do_complete
0x00007ff780c59a00 (Unity) asio::detail::win_iocp_io_service::do_one
0x00007ff780c5d18e (Unity) asio::io_service::run
0x00007ff780be002b (Unity) RunAssetImportWorkerClientV2
0x00007ff780be0080 (Unity) RunAssetImporterV2
0x00007ff78009b046 (Unity) Application::InitializeProject
0x00007ff780a4f212 (Unity) WinMain
0x00007ff7828adef6 (Unity) __scrt_common_main_seh
0x00007ffeec2f7034 (KERNEL32) BaseThreadInitThunk
0x00007ffeed162651 (ntdll) RtlUserThreadStart

Assertion failed on expression: 'state.artifactID == result'
0x00007ff77f50b6fc (Unity) StackWalker::GetCurrentCallstack
0x00007ff77f513d99 (Unity) StackWalker::ShowCallstack
0x00007ff780a41cac (Unity) GetStacktrace
0x00007ff781b75ab3 (Unity) DebugStringToFile
0x00007ff781b757b2 (Unity) AssertImplementation
0x00007ff780c13dd2 (Unity) ImporterAssetResolver::ResolveAsset
0x00007ff780bdf312 (Unity) ResolveArtifactV2
0x00007ff780bfecd0 (Unity) ImportToObjects
0x00007ff780bfe0d8 (Unity) ImportAsset
0x00007ff780b5fe38 (Unity) AssetImportWorker::Import
0x00007ff780bb31ca (Unity) <lambda_7448d646502792db0127dc89657ec83e>::operator()
0x00007ff780c578a2 (Unity) asio::detail::completion_handler<core::mutable_function<void __cdecl(void)> >::do_complete
0x00007ff780c59a00 (Unity) asio::detail::win_iocp_io_service::do_one
0x00007ff780c5d18e (Unity) asio::io_service::run
0x00007ff780be002b (Unity) RunAssetImportWorkerClientV2
0x00007ff780be0080 (Unity) RunAssetImporterV2
0x00007ff78009b046 (Unity) Application::InitializeProject
0x00007ff780a4f212 (Unity) WinMain
0x00007ff7828adef6 (Unity) __scrt_common_main_seh
0x00007ffeec2f7034 (KERNEL32) BaseThreadInitThunk
0x00007ffeed162651 (ntdll) RtlUserThreadStart

Diagnostics callstack to track who triggered the sub-import:
0x00007ff780c13cf2 (Unity) ImporterAssetResolver::ResolveAsset
0x00007ff780bdf312 (Unity) ResolveArtifactV2
0x00007ff780bd60d1 (Unity) ProduceArtifactV2
0x00007ff780b24dfe (Unity) AssetDatabase::ProduceArtifact
0x00007ff780b09fa8 (Unity) PreviewImporter::GenerateAssetData
0x00007ff780bff099 (Unity) ImportToObjects
0x00007ff780bfe0d8 (Unity) ImportAsset
0x00007ff780b5fe38 (Unity) AssetImportWorker::Import
0x00007ff780bb31ca (Unity) <lambda_7448d646502792db0127dc89657ec83e>::operator()
0x00007ff780c578a2 (Unity) asio::detail::completion_handler<core::mutable_function<void __cdecl(void)> >::do_complete
0x00007ff780c59a00 (Unity) asio::detail::win_iocp_io_service::do_one
0x00007ff780c5d18e (Unity) asio::io_service::run
0x00007ff780be002b (Unity) RunAssetImportWorkerClientV2
0x00007ff780be0080 (Unity) RunAssetImporterV2
0x00007ff78009b046 (Unity) Application::InitializeProject
0x00007ff780a4f212 (Unity) WinMain
0x00007ff7828adef6 (Unity) __scrt_common_main_seh
0x00007ffeec2f7034 (KERNEL32) BaseThreadInitThunk
0x00007ffeed162651 (ntdll) RtlUserThreadStart

Requesting import of Guid(605b7a106270ac5418037763e9a13a8c) Importer(-1,00000000000000000000000000000000), Assets/WayFinderUI/Test/StartSearch.uxml from editor
Resuming Guid(605b7a106270ac5418037763e9a13a8c) Importer(-1,00000000000000000000000000000000) -> a43eb9c996bdac88970acb1d2da0385d 
Assertion failed on expression: 'state.state == kUpToDate'
0x00007ff77f50b6fc (Unity) StackWalker::GetCurrentCallstack
0x00007ff77f513d99 (Unity) StackWalker::ShowCallstack
0x00007ff780a41cac (Unity) GetStacktrace
0x00007ff781b75ab3 (Unity) DebugStringToFile
0x00007ff781b757b2 (Unity) AssertImplementation
0x00007ff780c13d9a (Unity) ImporterAssetResolver::ResolveAsset
0x00007ff780bdf312 (Unity) ResolveArtifactV2
0x00007ff780bd60d1 (Unity) ProduceArtifactV2
0x00007ff780b24dfe (Unity) AssetDatabase::ProduceArtifact
0x00007ff780b09fa8 (Unity) PreviewImporter::GenerateAssetData
0x00007ff780bff099 (Unity) ImportToObjects
0x00007ff780bfe0d8 (Unity) ImportAsset
0x00007ff780b5fe38 (Unity) AssetImportWorker::Import
0x00007ff780bb31ca (Unity) <lambda_7448d646502792db0127dc89657ec83e>::operator()
0x00007ff780c578a2 (Unity) asio::detail::completion_handler<core::mutable_function<void __cdecl(void)> >::do_complete
0x00007ff780c59a00 (Unity) asio::detail::win_iocp_io_service::do_one
0x00007ff780c5d18e (Unity) asio::io_service::run
0x00007ff780be002b (Unity) RunAssetImportWorkerClientV2
0x00007ff780be0080 (Unity) RunAssetImporterV2
0x00007ff78009b046 (Unity) Application::InitializeProject
0x00007ff780a4f212 (Unity) WinMain
0x00007ff7828adef6 (Unity) __scrt_common_main_seh
0x00007ffeec2f7034 (KERNEL32) BaseThreadInitThunk
0x00007ffeed162651 (ntdll) RtlUserThreadStart

Assertion failed on expression: 'state.artifactID == result'
0x00007ff77f50b6fc (Unity) StackWalker::GetCurrentCallstack
0x00007ff77f513d99 (Unity) StackWalker::ShowCallstack
0x00007ff780a41cac (Unity) GetStacktrace
0x00007ff781b75ab3 (Unity) DebugStringToFile
0x00007ff781b757b2 (Unity) AssertImplementation
0x00007ff780c13dd2 (Unity) ImporterAssetResolver::ResolveAsset
0x00007ff780bdf312 (Unity) ResolveArtifactV2
0x00007ff780bd60d1 (Unity) ProduceArtifactV2
0x00007ff780b24dfe (Unity) AssetDatabase::ProduceArtifact
0x00007ff780b09fa8 (Unity) PreviewImporter::GenerateAssetData
0x00007ff780bff099 (Unity) ImportToObjects
0x00007ff780bfe0d8 (Unity) ImportAsset
0x00007ff780b5fe38 (Unity) AssetImportWorker::Import
0x00007ff780bb31ca (Unity) <lambda_7448d646502792db0127dc89657ec83e>::operator()
0x00007ff780c578a2 (Unity) asio::detail::completion_handler<core::mutable_function<void __cdecl(void)> >::do_complete
0x00007ff780c59a00 (Unity) asio::detail::win_iocp_io_service::do_one
0x00007ff780c5d18e (Unity) asio::io_service::run
0x00007ff780be002b (Unity) RunAssetImportWorkerClientV2
0x00007ff780be0080 (Unity) RunAssetImporterV2
0x00007ff78009b046 (Unity) Application::InitializeProject
0x00007ff780a4f212 (Unity) WinMain
0x00007ff7828adef6 (Unity) __scrt_common_main_seh
0x00007ffeec2f7034 (KERNEL32) BaseThreadInitThunk
0x00007ffeed162651 (ntdll) RtlUserThreadStart

 -> (artifact id: '5c90bad32565309e5d542fc5a79bebae') in 0.041612 seconds 
  Import took 0.047619 seconds .

========================================================================
Received Import Request.
  Time since last request: 0.000190 seconds.
  path: Assets/WayFinderUI/Test/OnStartupUI.uxml
  artifactKey: Guid(29f4b534bffe7064eae8a0fa5fef713e) Importer(815301076,1909f56bfc062723c751e8b465ee728b)
Start importing Assets/WayFinderUI/Test/OnStartupUI.uxml using Guid(29f4b534bffe7064eae8a0fa5fef713e) Importer(815301076,1909f56bfc062723c751e8b465ee728b) Diagnostics callstack to track who triggered the sub-import:
0x00007ff780c13cf2 (Unity) ImporterAssetResolver::ResolveAsset
0x00007ff780bdf312 (Unity) ResolveArtifactV2
0x00007ff780bfecd0 (Unity) ImportToObjects
0x00007ff780bfe0d8 (Unity) ImportAsset
0x00007ff780b5fe38 (Unity) AssetImportWorker::Import
0x00007ff780bb31ca (Unity) <lambda_7448d646502792db0127dc89657ec83e>::operator()
0x00007ff780c578a2 (Unity) asio::detail::completion_handler<core::mutable_function<void __cdecl(void)> >::do_complete
0x00007ff780c59a00 (Unity) asio::detail::win_iocp_io_service::do_one
0x00007ff780c5d18e (Unity) asio::io_service::run
0x00007ff780be002b (Unity) RunAssetImportWorkerClientV2
0x00007ff780be0080 (Unity) RunAssetImporterV2
0x00007ff78009b046 (Unity) Application::InitializeProject
0x00007ff780a4f212 (Unity) WinMain
0x00007ff7828adef6 (Unity) __scrt_common_main_seh
0x00007ffeec2f7034 (KERNEL32) BaseThreadInitThunk
0x00007ffeed162651 (ntdll) RtlUserThreadStart

Requesting import of Guid(29f4b534bffe7064eae8a0fa5fef713e) Importer(-1,00000000000000000000000000000000), Assets/WayFinderUI/Test/OnStartupUI.uxml from editor
Resuming Guid(29f4b534bffe7064eae8a0fa5fef713e) Importer(-1,00000000000000000000000000000000) -> ab604dcc4a059c2519506648d4563a32 
Assertion failed on expression: 'state.state == kUpToDate'
0x00007ff77f50b6fc (Unity) StackWalker::GetCurrentCallstack
0x00007ff77f513d99 (Unity) StackWalker::ShowCallstack
0x00007ff780a41cac (Unity) GetStacktrace
0x00007ff781b75ab3 (Unity) DebugStringToFile
0x00007ff781b757b2 (Unity) AssertImplementation
0x00007ff780c13d9a (Unity) ImporterAssetResolver::ResolveAsset
0x00007ff780bdf312 (Unity) ResolveArtifactV2
0x00007ff780bfecd0 (Unity) ImportToObjects
0x00007ff780bfe0d8 (Unity) ImportAsset
0x00007ff780b5fe38 (Unity) AssetImportWorker::Import
0x00007ff780bb31ca (Unity) <lambda_7448d646502792db0127dc89657ec83e>::operator()
0x00007ff780c578a2 (Unity) asio::detail::completion_handler<core::mutable_function<void __cdecl(void)> >::do_complete
0x00007ff780c59a00 (Unity) asio::detail::win_iocp_io_service::do_one
0x00007ff780c5d18e (Unity) asio::io_service::run
0x00007ff780be002b (Unity) RunAssetImportWorkerClientV2
0x00007ff780be0080 (Unity) RunAssetImporterV2
0x00007ff78009b046 (Unity) Application::InitializeProject
0x00007ff780a4f212 (Unity) WinMain
0x00007ff7828adef6 (Unity) __scrt_common_main_seh
0x00007ffeec2f7034 (KERNEL32) BaseThreadInitThunk
0x00007ffeed162651 (ntdll) RtlUserThreadStart

Assertion failed on expression: 'state.artifactID == result'
0x00007ff77f50b6fc (Unity) StackWalker::GetCurrentCallstack
0x00007ff77f513d99 (Unity) StackWalker::ShowCallstack
0x00007ff780a41cac (Unity) GetStacktrace
0x00007ff781b75ab3 (Unity) DebugStringToFile
0x00007ff781b757b2 (Unity) AssertImplementation
0x00007ff780c13dd2 (Unity) ImporterAssetResolver::ResolveAsset
0x00007ff780bdf312 (Unity) ResolveArtifactV2
0x00007ff780bfecd0 (Unity) ImportToObjects
0x00007ff780bfe0d8 (Unity) ImportAsset
0x00007ff780b5fe38 (Unity) AssetImportWorker::Import
0x00007ff780bb31ca (Unity) <lambda_7448d646502792db0127dc89657ec83e>::operator()
0x00007ff780c578a2 (Unity) asio::detail::completion_handler<core::mutable_function<void __cdecl(void)> >::do_complete
0x00007ff780c59a00 (Unity) asio::detail::win_iocp_io_service::do_one
0x00007ff780c5d18e (Unity) asio::io_service::run
0x00007ff780be002b (Unity) RunAssetImportWorkerClientV2
0x00007ff780be0080 (Unity) RunAssetImporterV2
0x00007ff78009b046 (Unity) Application::InitializeProject
0x00007ff780a4f212 (Unity) WinMain
0x00007ff7828adef6 (Unity) __scrt_common_main_seh
0x00007ffeec2f7034 (KERNEL32) BaseThreadInitThunk
0x00007ffeed162651 (ntdll) RtlUserThreadStart

Diagnostics callstack to track who triggered the sub-import:
0x00007ff780c13cf2 (Unity) ImporterAssetResolver::ResolveAsset
0x00007ff780bdf312 (Unity) ResolveArtifactV2
0x00007ff780bd60d1 (Unity) ProduceArtifactV2
0x00007ff780b24dfe (Unity) AssetDatabase::ProduceArtifact
0x00007ff780b09fa8 (Unity) PreviewImporter::GenerateAssetData
0x00007ff780bff099 (Unity) ImportToObjects
0x00007ff780bfe0d8 (Unity) ImportAsset
0x00007ff780b5fe38 (Unity) AssetImportWorker::Import
0x00007ff780bb31ca (Unity) <lambda_7448d646502792db0127dc89657ec83e>::operator()
0x00007ff780c578a2 (Unity) asio::detail::completion_handler<core::mutable_function<void __cdecl(void)> >::do_complete
0x00007ff780c59a00 (Unity) asio::detail::win_iocp_io_service::do_one
0x00007ff780c5d18e (Unity) asio::io_service::run
0x00007ff780be002b (Unity) RunAssetImportWorkerClientV2
0x00007ff780be0080 (Unity) RunAssetImporterV2
0x00007ff78009b046 (Unity) Application::InitializeProject
0x00007ff780a4f212 (Unity) WinMain
0x00007ff7828adef6 (Unity) __scrt_common_main_seh
0x00007ffeec2f7034 (KERNEL32) BaseThreadInitThunk
0x00007ffeed162651 (ntdll) RtlUserThreadStart

Requesting import of Guid(29f4b534bffe7064eae8a0fa5fef713e) Importer(-1,00000000000000000000000000000000), Assets/WayFinderUI/Test/OnStartupUI.uxml from editor
Resuming Guid(29f4b534bffe7064eae8a0fa5fef713e) Importer(-1,00000000000000000000000000000000) -> ab604dcc4a059c2519506648d4563a32 
Assertion failed on expression: 'state.state == kUpToDate'
0x00007ff77f50b6fc (Unity) StackWalker::GetCurrentCallstack
0x00007ff77f513d99 (Unity) StackWalker::ShowCallstack
0x00007ff780a41cac (Unity) GetStacktrace
0x00007ff781b75ab3 (Unity) DebugStringToFile
0x00007ff781b757b2 (Unity) AssertImplementation
0x00007ff780c13d9a (Unity) ImporterAssetResolver::ResolveAsset
0x00007ff780bdf312 (Unity) ResolveArtifactV2
0x00007ff780bd60d1 (Unity) ProduceArtifactV2
0x00007ff780b24dfe (Unity) AssetDatabase::ProduceArtifact
0x00007ff780b09fa8 (Unity) PreviewImporter::GenerateAssetData
0x00007ff780bff099 (Unity) ImportToObjects
0x00007ff780bfe0d8 (Unity) ImportAsset
0x00007ff780b5fe38 (Unity) AssetImportWorker::Import
0x00007ff780bb31ca (Unity) <lambda_7448d646502792db0127dc89657ec83e>::operator()
0x00007ff780c578a2 (Unity) asio::detail::completion_handler<core::mutable_function<void __cdecl(void)> >::do_complete
0x00007ff780c59a00 (Unity) asio::detail::win_iocp_io_service::do_one
0x00007ff780c5d18e (Unity) asio::io_service::run
0x00007ff780be002b (Unity) RunAssetImportWorkerClientV2
0x00007ff780be0080 (Unity) RunAssetImporterV2
0x00007ff78009b046 (Unity) Application::InitializeProject
0x00007ff780a4f212 (Unity) WinMain
0x00007ff7828adef6 (Unity) __scrt_common_main_seh
0x00007ffeec2f7034 (KERNEL32) BaseThreadInitThunk
0x00007ffeed162651 (ntdll) RtlUserThreadStart

Assertion failed on expression: 'state.artifactID == result'
0x00007ff77f50b6fc (Unity) StackWalker::GetCurrentCallstack
0x00007ff77f513d99 (Unity) StackWalker::ShowCallstack
0x00007ff780a41cac (Unity) GetStacktrace
0x00007ff781b75ab3 (Unity) DebugStringToFile
0x00007ff781b757b2 (Unity) AssertImplementation
0x00007ff780c13dd2 (Unity) ImporterAssetResolver::ResolveAsset
0x00007ff780bdf312 (Unity) ResolveArtifactV2
0x00007ff780bd60d1 (Unity) ProduceArtifactV2
0x00007ff780b24dfe (Unity) AssetDatabase::ProduceArtifact
0x00007ff780b09fa8 (Unity) PreviewImporter::GenerateAssetData
0x00007ff780bff099 (Unity) ImportToObjects
0x00007ff780bfe0d8 (Unity) ImportAsset
0x00007ff780b5fe38 (Unity) AssetImportWorker::Import
0x00007ff780bb31ca (Unity) <lambda_7448d646502792db0127dc89657ec83e>::operator()
0x00007ff780c578a2 (Unity) asio::detail::completion_handler<core::mutable_function<void __cdecl(void)> >::do_complete
0x00007ff780c59a00 (Unity) asio::detail::win_iocp_io_service::do_one
0x00007ff780c5d18e (Unity) asio::io_service::run
0x00007ff780be002b (Unity) RunAssetImportWorkerClientV2
0x00007ff780be0080 (Unity) RunAssetImporterV2
0x00007ff78009b046 (Unity) Application::InitializeProject
0x00007ff780a4f212 (Unity) WinMain
0x00007ff7828adef6 (Unity) __scrt_common_main_seh
0x00007ffeec2f7034 (KERNEL32) BaseThreadInitThunk
0x00007ffeed162651 (ntdll) RtlUserThreadStart

 -> (artifact id: '696f211314bbeed1a366c198394c579b') in 0.018438 seconds 
  Import took 0.026904 seconds .

========================================================================
Received Import Request.
  Time since last request: 37.583984 seconds.
  path: Assets/Mapbox/Examples/Scripts/QuadTreeCameraMovement.cs
  artifactKey: Guid(2c699b8e1864b4b248acb7a04ede9480) Importer(815301076,1909f56bfc062723c751e8b465ee728b)
Start importing Assets/Mapbox/Examples/Scripts/QuadTreeCameraMovement.cs using Guid(2c699b8e1864b4b248acb7a04ede9480) Importer(815301076,1909f56bfc062723c751e8b465ee728b)  -> (artifact id: '8c5c7f8a1b1fc5738e59cd4f26d37346') in 0.017141 seconds 
  Import took 0.023206 seconds .

========================================================================
Received Import Request.
  Time since last request: 6.744165 seconds.
  path: Assets/Mapbox/Core
  artifactKey: Guid(9baba017b10fa4eaeab33dade1902adb) Importer(815301076,1909f56bfc062723c751e8b465ee728b)
Start importing Assets/Mapbox/Core using Guid(9baba017b10fa4eaeab33dade1902adb) Importer(815301076,1909f56bfc062723c751e8b465ee728b)  -> (artifact id: 'dc01e701037bc35a114cb9d9678155f4') in 0.006857 seconds 
  Import took 0.012871 seconds .

